<dataset>
	<concept concept_id="160536" retired="0" datatype_id="4" class_id="11" is_set="0" creator="1" date_created="2012-06-12 02:19:56.0" version="" changed_by="1" retired_by="1" uuid="160536AAAAAAAAAAAAAAAAAAAAAAAAAAAAAA"/>
	<concept_name concept_id="160536" name="Adult inpatient service" locale="en" creator="1" date_created="2012-06-12 02:19:56.0" concept_name_id="108856" voided="0" voided_by="1" uuid="108856BBBBBBBBBBBBBBBBBBBBBBBBBBBBBB" concept_name_type="FULLY_SPECIFIED" locale_preferred="true"/>
	<concept concept_id="161655" retired="0" datatype_id="1" class_id="7" is_set="0" creator="1" date_created="2013-04-26 14:32:16.0" version="" changed_by="1" retired_by="1" uuid="161655AAAAAAAAAAAAAAAAAAAAAAAAAAAAAA"/>
	<concept_numeric concept_id="161655" units="" precise="0"/>
	<concept_name concept_id="161655" name="ANC ID" locale="en" creator="1" date_created="2013-04-26 14:32:16.0" concept_name_id="123687" voided="0" voided_by="1" uuid="123687BBBBBBBBBBBBBBBBBBBBBBBBBBBBBB" concept_name_type="SHORT" locale_preferred="false"/>
	<concept_name concept_id="161655" name="Antenatal case number" locale="en" creator="1" date_created="2013-04-26 14:32:16.0" concept_name_id="123686" voided="0" voided_by="1" uuid="123686BBBBBBBBBBBBBBBBBBBBBBBBBBBBBB" concept_name_type="FULLY_SPECIFIED" locale_preferred="true"/>
	<concept_name concept_id="161655" name="Antenatal clinic ID" locale="en" creator="1" date_created="2013-04-26 14:32:16.0" concept_name_id="123685" voided="0" voided_by="1" uuid="123685BBBBBBBBBBBBBBBBBBBBBBBBBBBBBB" locale_preferred="false"/>
	<concept concept_id="1085" retired="0" datatype_id="4" class_id="9" is_set="1" creator="1" date_created="2005-01-12 00:00:00.0" version="" changed_by="1" date_changed="2013-02-03 02:48:28.0" retired_by="1" uuid="1085AAAAAAAAAAAAAAAAAAAAAAAAAAAAAAAA"/>
	<concept_set concept_set_id="352" concept_id="5811" concept_set="1085" sort_weight="0.0" creator="1" date_created="2005-12-15 13:26:49.0" uuid="352AEEEEEEEEEEEEEEEEEEEEEEEEEEEEEEEE"/>
	<concept_set concept_set_id="87" concept_id="792" concept_set="1085" sort_weight="1.0" creator="1" date_created="2005-12-15 13:26:49.0" uuid="87AEEEEEEEEEEEEEEEEEEEEEEEEEEEEEEEEE"/>
	<concept_set concept_set_id="88" concept_id="794" concept_set="1085" sort_weight="2.0" creator="1" date_created="2005-12-15 13:26:49.0" uuid="88AEEEEEEEEEEEEEEEEEEEEEEEEEEEEEEEEE"/>
	<concept_set concept_set_id="64" concept_id="630" concept_set="1085" sort_weight="3.0" creator="1" date_created="2005-12-15 13:26:49.0" uuid="64AEEEEEEEEEEEEEEEEEEEEEEEEEEEEEEEEE"/>
	<concept_set concept_set_id="66" concept_id="633" concept_set="1085" sort_weight="4.0" creator="1" date_created="2005-12-15 13:26:49.0" uuid="66AEEEEEEEEEEEEEEEEEEEEEEEEEEEEEEEEE"/>
	<concept_set concept_set_id="351" concept_id="5424" concept_set="1085" sort_weight="5.0" creator="1" date_created="2005-12-15 13:26:49.0" uuid="351AEEEEEEEEEEEEEEEEEEEEEEEEEEEEEEEE"/>
	<concept_set concept_set_id="937" concept_id="84309" concept_set="1085" sort_weight="6.0" creator="1" date_created="2012-11-28 14:39:38.0" uuid="937AEEEEEEEEEEEEEEEEEEEEEEEEEEEEEEEE"/>
	<concept_set concept_set_id="938" concept_id="74807" concept_set="1085" sort_weight="7.0" creator="1" date_created="2012-11-28 14:39:38.0" uuid="938AEEEEEEEEEEEEEEEEEEEEEEEEEEEEEEEE"/>
	<concept_set concept_set_id="939" concept_id="70056" concept_set="1085" sort_weight="8.0" creator="1" date_created="2012-11-28 14:39:38.0" uuid="939AEEEEEEEEEEEEEEEEEEEEEEEEEEEEEEEE"/>
	<concept_set concept_set_id="940" concept_id="80487" concept_set="1085" sort_weight="9.0" creator="1" date_created="2012-11-28 14:39:38.0" uuid="940AEEEEEEEEEEEEEEEEEEEEEEEEEEEEEEEE"/>
	<concept_set concept_set_id="941" concept_id="80586" concept_set="1085" sort_weight="10.0" creator="1" date_created="2012-11-28 14:39:38.0" uuid="941AEEEEEEEEEEEEEEEEEEEEEEEEEEEEEEEE"/>
	<concept_set concept_set_id="942" concept_id="75523" concept_set="1085" sort_weight="11.0" creator="1" date_created="2012-11-28 14:39:38.0" uuid="942AEEEEEEEEEEEEEEEEEEEEEEEEEEEEEEEE"/>
	<concept_set concept_set_id="943" concept_id="78643" concept_set="1085" sort_weight="12.0" creator="1" date_created="2012-11-28 14:39:38.0" uuid="943AEEEEEEEEEEEEEEEEEEEEEEEEEEEEEEEE"/>
	<concept_set concept_set_id="944" concept_id="84795" concept_set="1085" sort_weight="13.0" creator="1" date_created="2012-11-28 14:39:38.0" uuid="944AEEEEEEEEEEEEEEEEEEEEEEEEEEEEEEEE"/>
	<concept_set concept_set_id="945" concept_id="77995" concept_set="1085" sort_weight="14.0" creator="1" date_created="2012-11-28 14:39:38.0" uuid="945AEEEEEEEEEEEEEEEEEEEEEEEEEEEEEEEE"/>
	<concept_set concept_set_id="946" concept_id="160105" concept_set="1085" sort_weight="15.0" creator="1" date_created="2012-11-28 14:39:38.0" uuid="946AEEEEEEEEEEEEEEEEEEEEEEEEEEEEEEEE"/>
	<concept_set concept_set_id="947" concept_id="160104" concept_set="1085" sort_weight="16.0" creator="1" date_created="2012-11-28 14:39:38.0" uuid="947AEEEEEEEEEEEEEEEEEEEEEEEEEEEEEEEE"/>
	<concept_set concept_set_id="948" concept_id="86663" concept_set="1085" sort_weight="17.0" creator="1" date_created="2012-11-28 20:19:42.0" uuid="948AEEEEEEEEEEEEEEEEEEEEEEEEEEEEEEEE"/>
	<concept_set concept_set_id="949" concept_id="75628" concept_set="1085" sort_weight="18.0" creator="1" date_created="2012-11-28 20:19:42.0" uuid="949AEEEEEEEEEEEEEEEEEEEEEEEEEEEEEEEE"/>
	<concept_set concept_set_id="950" concept_id="79040" concept_set="1085" sort_weight="19.0" creator="1" date_created="2012-11-28 20:19:42.0" uuid="950AEEEEEEEEEEEEEEEEEEEEEEEEEEEEEEEE"/>
	<concept_set concept_set_id="951" concept_id="83412" concept_set="1085" sort_weight="20.0" creator="1" date_created="2012-11-28 20:19:42.0" uuid="951AEEEEEEEEEEEEEEEEEEEEEEEEEEEEEEEE"/>
	<concept_set concept_set_id="952" concept_id="71647" concept_set="1085" sort_weight="21.0" creator="1" date_created="2012-11-28 20:19:42.0" uuid="952AEEEEEEEEEEEEEEEEEEEEEEEEEEEEEEEE"/>
	<concept_set concept_set_id="953" concept_id="1652" concept_set="1085" sort_weight="22.0" creator="1" date_created="2012-11-28 20:19:42.0" uuid="953AEEEEEEEEEEEEEEEEEEEEEEEEEEEEEEEE"/>
	<concept_set concept_set_id="954" concept_id="161363" concept_set="1085" sort_weight="23.0" creator="1" date_created="2012-11-28 20:22:31.0" uuid="954AEEEEEEEEEEEEEEEEEEEEEEEEEEEEEEEE"/>
	<concept_set concept_set_id="955" concept_id="161364" concept_set="1085" sort_weight="24.0" creator="1" date_created="2012-11-28 20:22:31.0" uuid="955AEEEEEEEEEEEEEEEEEEEEEEEEEEEEEEEE"/>
	<concept_set concept_set_id="956" concept_id="161361" concept_set="1085" sort_weight="25.0" creator="1" date_created="2012-11-28 20:22:31.0" uuid="956AEEEEEEEEEEEEEEEEEEEEEEEEEEEEEEEE"/>
	<concept_set concept_set_id="957" concept_id="103166" concept_set="1085" sort_weight="26.0" creator="1" date_created="2012-11-28 20:22:31.0" uuid="957AEEEEEEEEEEEEEEEEEEEEEEEEEEEEEEEE"/>
	<concept_name concept_id="1085" name="HAART" locale="en" creator="1" date_created="2005-02-18 12:54:52.0" concept_name_id="92680" voided="0" voided_by="1" void_reason="" uuid="92680BBBBBBBBBBBBBBBBBBBBBBBBBBBBBBB" locale_preferred="false"/>
	<concept_name concept_id="1085" name="ARVS" locale="en" creator="1" date_created="2005-01-12 00:00:00.0" concept_name_id="88226" voided="0" voided_by="1" void_reason="" uuid="88226BBBBBBBBBBBBBBBBBBBBBBBBBBBBBBB" locale_preferred="false"/>
	<concept_name concept_id="1085" name="ANTIRETROVIRAL DRUGS" locale="en" creator="1" date_created="2005-01-12 00:00:00.0" concept_name_id="1159" voided="0" voided_by="1" uuid="1159BBBBBBBBBBBBBBBBBBBBBBBBBBBBBBBB" concept_name_type="FULLY_SPECIFIED" locale_preferred="true"/>
	<concept concept_id="5811" retired="0" datatype_id="4" class_id="3" is_set="0" creator="1" date_created="2004-08-12 00:00:00.0" version="" changed_by="1" date_changed="2005-01-12 00:00:00.0" retired_by="1" uuid="5811AAAAAAAAAAAAAAAAAAAAAAAAAAAAAAAA"/>
	<concept_name concept_id="5811" name="UNKNOWN ANTIRETROVIRAL DRUG" locale="en" creator="1" date_created="2004-08-12 00:00:00.0" concept_name_id="2951" voided="0" voided_by="1" uuid="2951BBBBBBBBBBBBBBBBBBBBBBBBBBBBBBBB" concept_name_type="FULLY_SPECIFIED" locale_preferred="true"/>
	<concept concept_id="792" retired="0" datatype_id="4" class_id="3" is_set="0" creator="1" date_created="2004-04-08 00:00:00.0" version="" changed_by="1" date_changed="2012-11-28 19:37:22.0" retired_by="1" uuid="792AAAAAAAAAAAAAAAAAAAAAAAAAAAAAAAAA"/>
	<concept_name concept_id="792" name="D4T/3TC/NVP" locale="en" creator="1" date_created="2012-11-28 19:37:22.0" concept_name_id="110784" voided="0" voided_by="1" uuid="110784BBBBBBBBBBBBBBBBBBBBBBBBBBBBBB" concept_name_type="SHORT" locale_preferred="false"/>
	<concept_name concept_id="792" name="EMTRI" locale="en" creator="1" date_created="2005-02-18 13:52:27.0" concept_name_id="91399" voided="0" voided_by="1" void_reason="" uuid="91399BBBBBBBBBBBBBBBBBBBBBBBBBBBBBBB" locale_preferred="false"/>
	<concept_name concept_id="792" name="TRIOMUNE-30" locale="en" creator="1" date_created="2005-02-22 12:47:28.0" concept_name_id="99304" voided="0" voided_by="1" void_reason="" uuid="99304BBBBBBBBBBBBBBBBBBBBBBBBBBBBBBB" locale_preferred="false"/>
	<concept_name concept_id="792" name="STAVUDINE LAMIVUDINE AND NEVIRAPINE" locale="en" creator="1" date_created="2012-11-28 19:37:22.0" concept_name_id="110785" voided="0" voided_by="1" uuid="110785BBBBBBBBBBBBBBBBBBBBBBBBBBBBBB" locale_preferred="false"/>
	<concept_name concept_id="792" name="LAMIVUDINE / NEVIRAPINE / STAVUDINE" locale="en" creator="1" date_created="2004-04-08 00:00:00.0" concept_name_id="830" voided="0" voided_by="1" uuid="830BBBBBBBBBBBBBBBBBBBBBBBBBBBBBBBBB" concept_name_type="FULLY_SPECIFIED" locale_preferred="true"/>
	<concept_name concept_id="792" name="TRIOMUNE" locale="en" creator="1" date_created="2005-01-21 00:00:00.0" concept_name_id="99303" voided="0" voided_by="1" void_reason="" uuid="99303BBBBBBBBBBBBBBBBBBBBBBBBBBBBBBB" locale_preferred="false"/>
	<concept_name concept_id="792" name="TRIOMUNE-40" locale="en" creator="1" date_created="2005-02-22 12:47:28.0" concept_name_id="99305" voided="0" voided_by="1" void_reason="" uuid="99305BBBBBBBBBBBBBBBBBBBBBBBBBBBBBBB" locale_preferred="false"/>
	<concept concept_id="794" retired="0" datatype_id="4" class_id="3" is_set="0" creator="1" date_created="2004-04-08 00:00:00.0" version="" changed_by="1" date_changed="2012-11-28 20:12:41.0" retired_by="1" uuid="794AAAAAAAAAAAAAAAAAAAAAAAAAAAAAAAAA"/>
	<concept_name concept_id="794" name="KALETRA" locale="en" creator="1" date_created="2004-10-20 00:00:00.0" concept_name_id="93577" voided="0" voided_by="1" void_reason="" uuid="93577BBBBBBBBBBBBBBBBBBBBBBBBBBBBBBB" locale_preferred="false"/>
	<concept_name concept_id="794" name="LPV/R" locale="en" creator="1" date_created="2012-11-28 20:12:41.0" concept_name_id="110809" voided="0" voided_by="1" uuid="110809BBBBBBBBBBBBBBBBBBBBBBBBBBBBBB" concept_name_type="SHORT" locale_preferred="false"/>
	<concept_name concept_id="794" name="LOPINAVIR / RITONAVIR" locale="en" creator="1" date_created="2004-04-08 00:00:00.0" concept_name_id="832" voided="0" voided_by="1" uuid="832BBBBBBBBBBBBBBBBBBBBBBBBBBBBBBBBB" concept_name_type="FULLY_SPECIFIED" locale_preferred="true"/>
	<concept_name concept_id="794" name="LOPINAVIR AND RITONAVIR" locale="en" creator="1" date_created="2012-11-28 20:12:41.0" concept_name_id="110810" voided="0" voided_by="1" uuid="110810BBBBBBBBBBBBBBBBBBBBBBBBBBBBBB" locale_preferred="false"/>
	<concept concept_id="630" retired="0" datatype_id="4" class_id="3" is_set="0" creator="1" date_created="2004-01-01 00:00:00.0" version="" changed_by="1" date_changed="2012-11-28 19:55:30.0" retired_by="1" uuid="630AAAAAAAAAAAAAAAAAAAAAAAAAAAAAAAAA"/>
	<concept_name concept_id="630" name="LAMIVUDINE / ZIDOVUDINE" locale="en" creator="1" date_created="2004-01-01 00:00:00.0" concept_name_id="662" voided="0" voided_by="1" uuid="662BBBBBBBBBBBBBBBBBBBBBBBBBBBBBBBBB" concept_name_type="FULLY_SPECIFIED" locale_preferred="true"/>
	<concept_name concept_id="630" name="3TC/ZDV" locale="en" creator="1" date_created="2012-11-28 19:52:49.0" concept_name_id="110791" voided="0" voided_by="1" void_reason="" uuid="110791BBBBBBBBBBBBBBBBBBBBBBBBBBBBBB" locale_preferred="false"/>
	<concept_name concept_id="630" name="COMBIVIR" locale="en" creator="1" date_created="2005-01-21 00:00:00.0" concept_name_id="89813" voided="0" voided_by="1" void_reason="" uuid="89813BBBBBBBBBBBBBBBBBBBBBBBBBBBBBBB" locale_preferred="false"/>
	<concept_name concept_id="630" name="ZIDOVUDINE AND LAMIVUDINE" locale="en" creator="1" date_created="2012-11-28 19:52:49.0" concept_name_id="110790" voided="0" voided_by="1" void_reason="" uuid="110790BBBBBBBBBBBBBBBBBBBBBBBBBBBBBB" locale_preferred="false"/>
	<concept_name concept_id="630" name="AZT/3TC" locale="en" creator="1" date_created="2012-11-28 19:52:49.0" concept_name_id="110789" voided="0" voided_by="1" uuid="110789BBBBBBBBBBBBBBBBBBBBBBBBBBBBBB" concept_name_type="SHORT" locale_preferred="false"/>
	<concept concept_id="633" retired="1" datatype_id="4" class_id="3" is_set="0" creator="1" date_created="2004-01-01 00:00:00.0" version="" changed_by="1" date_changed="2005-01-12 00:00:00.0" retired_by="1" uuid="633AAAAAAAAAAAAAAAAAAAAAAAAAAAAAAAAA"/>
	<concept_name concept_id="633" name="EFV" locale="en" creator="1" date_created="2004-10-20 00:00:00.0" concept_name_id="91324" voided="0" voided_by="1" uuid="91324BBBBBBBBBBBBBBBBBBBBBBBBBBBBBBB" locale_preferred="false"/>
	<concept_name concept_id="633" name="SUSTIVA" locale="en" creator="1" date_created="2004-04-08 00:00:00.0" concept_name_id="98552" voided="0" voided_by="1" uuid="98552BBBBBBBBBBBBBBBBBBBBBBBBBBBBBBB" locale_preferred="false"/>
	<concept_name concept_id="633" name="SUSTIVE" locale="en" creator="1" date_created="2004-10-20 00:00:00.0" concept_name_id="98554" voided="0" voided_by="1" uuid="98554BBBBBBBBBBBBBBBBBBBBBBBBBBBBBBB" locale_preferred="false"/>
	<concept_name concept_id="633" name="EFAVIRENZ" locale="en" creator="1" date_created="2004-01-01 00:00:00.0" concept_name_id="665" voided="0" voided_by="1" uuid="665BBBBBBBBBBBBBBBBBBBBBBBBBBBBBBBBB" concept_name_type="FULLY_SPECIFIED" locale_preferred="true"/>
	<concept_name concept_id="633" name="STOCRIN" locale="en" creator="1" date_created="2004-04-08 00:00:00.0" concept_name_id="98380" voided="0" voided_by="1" uuid="98380BBBBBBBBBBBBBBBBBBBBBBBBBBBBBBB" locale_preferred="false"/>
	<concept concept_id="5424" retired="0" datatype_id="4" class_id="3" is_set="0" creator="1" date_created="2004-08-12 00:00:00.0" version="" changed_by="1" date_changed="2011-05-28 18:22:36.0" retired_by="1" uuid="5424AAAAAAAAAAAAAAAAAAAAAAAAAAAAAAAA"/>
	<concept_name concept_id="5424" name="OTHER ANTIRETROVIRAL DRUG" locale="en" creator="1" date_created="2004-08-12 00:00:00.0" concept_name_id="2542" voided="0" voided_by="1" uuid="2542BBBBBBBBBBBBBBBBBBBBBBBBBBBBBBBB" concept_name_type="FULLY_SPECIFIED" locale_preferred="true"/>
	<concept concept_id="84309" retired="0" datatype_id="4" class_id="3" is_set="0" creator="1" date_created="2006-12-17 00:00:00.0" version="" changed_by="1" date_changed="2012-11-28 19:35:20.0" retired_by="1" uuid="84309AAAAAAAAAAAAAAAAAAAAAAAAAAAAAAA"/>
	<concept_name concept_id="84309" name="Zerit" locale="en" creator="1" date_created="2007-10-18 09:35:54.0" concept_name_id="100384" voided="0" voided_by="1" void_reason="" uuid="100384BBBBBBBBBBBBBBBBBBBBBBBBBBBBBB" locale_preferred="false"/>
	<concept_name concept_id="84309" name="D4T" locale="en" creator="1" date_created="2012-11-28 19:35:20.0" concept_name_id="110783" voided="0" voided_by="1" uuid="110783BBBBBBBBBBBBBBBBBBBBBBBBBBBBBB" concept_name_type="SHORT" locale_preferred="false"/>
	<concept_name concept_id="84309" name="STAVUDINE" locale="en" creator="1" date_created="2006-12-17 00:00:00.0" concept_name_id="8109" voided="0" voided_by="1" uuid="8109BBBBBBBBBBBBBBBBBBBBBBBBBBBBBBBB" concept_name_type="FULLY_SPECIFIED" locale_preferred="true"/>
	<concept concept_id="74807" retired="0" datatype_id="4" class_id="3" is_set="0" creator="1" date_created="2006-12-17 00:00:00.0" version="" changed_by="1" date_changed="2012-11-28 20:08:47.0" retired_by="1" uuid="74807AAAAAAAAAAAAAAAAAAAAAAAAAAAAAAA"/>
	<concept_name concept_id="74807" name="Videx" locale="en" creator="1" date_created="2007-10-18 09:35:54.0" concept_name_id="100012" voided="0" voided_by="1" void_reason="" uuid="100012BBBBBBBBBBBBBBBBBBBBBBBBBBBBBB" locale_preferred="false"/>
	<concept_name concept_id="74807" name="Viden" locale="en" creator="1" date_created="2007-10-18 09:35:54.0" concept_name_id="100009" voided="0" voided_by="1" void_reason="" uuid="100009BBBBBBBBBBBBBBBBBBBBBBBBBBBBBB" locale_preferred="false"/>
	<concept_name concept_id="74807" name="DDI" locale="en" creator="1" date_created="2012-11-28 20:08:47.0" concept_name_id="110806" voided="0" voided_by="1" uuid="110806BBBBBBBBBBBBBBBBBBBBBBBBBBBBBB" concept_name_type="SHORT" locale_preferred="false"/>
	<concept_name concept_id="74807" name="DIDANOSINE" locale="en" creator="1" date_created="2006-12-17 00:00:00.0" concept_name_id="5079" voided="0" voided_by="1" uuid="5079BBBBBBBBBBBBBBBBBBBBBBBBBBBBBBBB" concept_name_type="FULLY_SPECIFIED" locale_preferred="true"/>
	<concept_name concept_id="74807" name="Videx EC" locale="en" creator="1" date_created="2007-10-18 09:35:54.0" concept_name_id="100013" voided="0" voided_by="1" void_reason="" uuid="100013BBBBBBBBBBBBBBBBBBBBBBBBBBBBBB" locale_preferred="false"/>
	<concept concept_id="70056" retired="0" datatype_id="4" class_id="3" is_set="0" creator="1" date_created="2006-12-17 00:00:00.0" version="" changed_by="1" date_changed="2012-11-28 20:05:26.0" retired_by="1" uuid="70056AAAAAAAAAAAAAAAAAAAAAAAAAAAAAAA"/>
	<concept_name concept_id="70056" name="Ziagen" locale="en" creator="1" date_created="2007-10-18 09:35:54.0" concept_name_id="100397" voided="0" voided_by="1" void_reason="" uuid="100397BBBBBBBBBBBBBBBBBBBBBBBBBBBBBB" locale_preferred="false"/>
	<concept_name concept_id="70056" name="ABACAVIR" locale="en" creator="1" date_created="2006-12-17 00:00:00.0" concept_name_id="3277" voided="0" voided_by="1" uuid="3277BBBBBBBBBBBBBBBBBBBBBBBBBBBBBBBB" concept_name_type="FULLY_SPECIFIED" locale_preferred="true"/>
	<concept_name concept_id="70056" name="ABC" locale="en" creator="1" date_created="2012-11-28 20:05:26.0" concept_name_id="110802" voided="0" voided_by="1" uuid="110802BBBBBBBBBBBBBBBBBBBBBBBBBBBBBB" concept_name_type="SHORT" locale_preferred="false"/>
	<concept concept_id="80487" retired="0" datatype_id="4" class_id="3" is_set="0" creator="1" date_created="2006-12-17 00:00:00.0" version="" changed_by="1" date_changed="2006-12-17 00:00:00.0" retired_by="1" uuid="80487AAAAAAAAAAAAAAAAAAAAAAAAAAAAAAA"/>
	<concept_name concept_id="80487" name="NELFINAVIR" locale="en" creator="1" date_created="2006-12-17 00:00:00.0" concept_name_id="6925" voided="0" voided_by="1" uuid="6925BBBBBBBBBBBBBBBBBBBBBBBBBBBBBBBB" concept_name_type="FULLY_SPECIFIED" locale_preferred="true"/>
	<concept_name concept_id="80487" name="Viracept" locale="en" creator="1" date_created="2007-10-18 09:35:54.0" concept_name_id="100033" voided="0" voided_by="1" uuid="100033BBBBBBBBBBBBBBBBBBBBBBBBBBBBBB" locale_preferred="false"/>
	<concept concept_id="80586" retired="0" datatype_id="4" class_id="3" is_set="0" creator="1" date_created="2006-12-17 00:00:00.0" version="" changed_by="1" date_changed="2012-11-28 20:09:10.0" retired_by="1" uuid="80586AAAAAAAAAAAAAAAAAAAAAAAAAAAAAAA"/>
	<concept_name concept_id="80586" name="NEVIRAPINE" locale="en" creator="1" date_created="2006-12-17 00:00:00.0" concept_name_id="6938" voided="0" voided_by="1" uuid="6938BBBBBBBBBBBBBBBBBBBBBBBBBBBBBBBB" concept_name_type="FULLY_SPECIFIED" locale_preferred="true"/>
	<concept_name concept_id="80586" name="Viramune" locale="en" creator="1" date_created="2007-10-18 09:35:54.0" concept_name_id="100039" voided="0" voided_by="1" void_reason="" uuid="100039BBBBBBBBBBBBBBBBBBBBBBBBBBBBBB" locale_preferred="false"/>
	<concept_name concept_id="80586" name="NVP" locale="en" creator="1" date_created="2012-11-28 20:09:10.0" concept_name_id="110807" voided="0" voided_by="1" uuid="110807BBBBBBBBBBBBBBBBBBBBBBBBBBBBBB" concept_name_type="SHORT" locale_preferred="false"/>
	<concept concept_id="75523" retired="0" datatype_id="4" class_id="3" is_set="0" creator="1" date_created="2006-12-17 00:00:00.0" version="" changed_by="1" date_changed="2012-12-07 17:19:49.0" retired_by="1" uuid="75523AAAAAAAAAAAAAAAAAAAAAAAAAAAAAAA"/>
	<concept_name concept_id="75523" name="EFAVIRENZ" locale="en" creator="1" date_created="2006-12-17 00:00:00.0" concept_name_id="5290" voided="0" voided_by="1" uuid="5290BBBBBBBBBBBBBBBBBBBBBBBBBBBBBBBB" concept_name_type="FULLY_SPECIFIED" locale_preferred="true"/>
	<concept_name concept_id="75523" name="Sustiva" locale="en" creator="1" date_created="2007-10-18 09:35:54.0" concept_name_id="98553" voided="0" voided_by="1" void_reason="" uuid="98553BBBBBBBBBBBBBBBBBBBBBBBBBBBBBBB" locale_preferred="false"/>
	<concept_name concept_id="75523" name="EFV" locale="en" creator="1" date_created="2012-11-28 20:09:29.0" concept_name_id="110808" voided="0" voided_by="1" uuid="110808BBBBBBBBBBBBBBBBBBBBBBBBBBBBBB" concept_name_type="SHORT" locale_preferred="false"/>
	<concept concept_id="78643" retired="0" datatype_id="4" class_id="3" is_set="0" creator="1" date_created="2006-12-17 00:00:00.0" version="" changed_by="1" date_changed="2012-11-28 20:04:59.0" retired_by="1" uuid="78643AAAAAAAAAAAAAAAAAAAAAAAAAAAAAAA"/>
	<concept_name concept_id="78643" name="3TC" locale="en" creator="1" date_created="2012-11-28 20:04:59.0" concept_name_id="110801" voided="0" voided_by="1" uuid="110801BBBBBBBBBBBBBBBBBBBBBBBBBBBBBB" concept_name_type="SHORT" locale_preferred="false"/>
	<concept_name concept_id="78643" name="LAMIVUDINE" locale="en" creator="1" date_created="2006-12-17 00:00:00.0" concept_name_id="6305" voided="0" voided_by="1" uuid="6305BBBBBBBBBBBBBBBBBBBBBBBBBBBBBBBB" concept_name_type="FULLY_SPECIFIED" locale_preferred="true"/>
	<concept_name concept_id="78643" name="Epivir HBV" locale="en" creator="1" date_created="2007-10-18 09:35:54.0" concept_name_id="91514" voided="0" voided_by="1" void_reason="" uuid="91514BBBBBBBBBBBBBBBBBBBBBBBBBBBBBBB" locale_preferred="false"/>
	<concept_name concept_id="78643" name="Epivir" locale="en" creator="1" date_created="2007-10-18 09:35:54.0" concept_name_id="91513" voided="0" voided_by="1" void_reason="" uuid="91513BBBBBBBBBBBBBBBBBBBBBBBBBBBBBBB" locale_preferred="false"/>
	<concept concept_id="84795" retired="0" datatype_id="4" class_id="3" is_set="0" creator="1" date_created="2006-12-17 00:00:00.0" version="" changed_by="1" date_changed="2012-11-28 19:58:02.0" retired_by="1" uuid="84795AAAAAAAAAAAAAAAAAAAAAAAAAAAAAAA"/>
	<concept_name concept_id="84795" name="TENOFOVIR" locale="en" creator="1" date_created="2006-12-17 00:00:00.0" concept_name_id="8253" voided="0" voided_by="1" uuid="8253BBBBBBBBBBBBBBBBBBBBBBBBBBBBBBBB" concept_name_type="FULLY_SPECIFIED" locale_preferred="true"/>
	<concept_name concept_id="84795" name="TDF" locale="en" creator="1" date_created="2012-11-28 19:58:02.0" concept_name_id="110794" voided="0" voided_by="1" uuid="110794BBBBBBBBBBBBBBBBBBBBBBBBBBBBBB" concept_name_type="SHORT" locale_preferred="false"/>
	<concept concept_id="77995" retired="0" datatype_id="4" class_id="3" is_set="0" creator="1" date_created="2006-12-17 00:00:00.0" version="" changed_by="1" date_changed="2006-12-17 00:00:00.0" retired_by="1" uuid="77995AAAAAAAAAAAAAAAAAAAAAAAAAAAAAAA"/>
	<concept_name concept_id="77995" name="INDINAVIR" locale="en" creator="1" date_created="2006-12-17 00:00:00.0" concept_name_id="6093" voided="0" voided_by="1" uuid="6093BBBBBBBBBBBBBBBBBBBBBBBBBBBBBBBB" concept_name_type="FULLY_SPECIFIED" locale_preferred="true"/>
	<concept_name concept_id="77995" name="Crixivan" locale="en" creator="1" date_created="2007-10-18 09:35:54.0" concept_name_id="90085" voided="0" voided_by="1" uuid="90085BBBBBBBBBBBBBBBBBBBBBBBBBBBBBBB" locale_preferred="false"/>
	<concept concept_id="160105" retired="0" datatype_id="4" class_id="3" is_set="0" creator="1" date_created="2011-05-27 13:49:52.0" version="" changed_by="1" date_changed="2012-11-28 15:48:37.0" retired_by="1" uuid="160105AAAAAAAAAAAAAAAAAAAAAAAAAAAAAA"/>
	<concept_name concept_id="160105" name="Efavirenz / Stavudine / Zidovudine" locale="en" creator="1" date_created="2011-05-27 13:49:52.0" concept_name_id="107832" voided="0" voided_by="1" uuid="107832BBBBBBBBBBBBBBBBBBBBBBBBBBBBBB" concept_name_type="FULLY_SPECIFIED" locale_preferred="true"/>
	<concept_name concept_id="160105" name="AZV/3TC/EFV" locale="en" creator="1" date_created="2011-05-27 13:49:52.0" concept_name_id="107831" voided="0" voided_by="1" uuid="107831BBBBBBBBBBBBBBBBBBBBBBBBBBBBBB" concept_name_type="SHORT" locale_preferred="false"/>
	<concept_name concept_id="160105" name="Zidovudine/ Stavudine/ Efavirenz" locale="en" creator="1" date_created="2012-11-28 15:48:37.0" concept_name_id="110779" voided="0" voided_by="1" uuid="110779BBBBBBBBBBBBBBBBBBBBBBBBBBBBBB" locale_preferred="false"/>
	<concept concept_id="160104" retired="0" datatype_id="4" class_id="3" is_set="0" creator="1" date_created="2011-05-27 13:45:51.0" version="" changed_by="1" date_changed="2012-11-28 20:15:52.0" retired_by="1" uuid="160104AAAAAAAAAAAAAAAAAAAAAAAAAAAAAA"/>
	<concept_name concept_id="160104" name="D4T/3TC/EFV" locale="en" creator="1" date_created="2011-05-27 13:45:51.0" concept_name_id="107829" voided="0" voided_by="1" uuid="107829BBBBBBBBBBBBBBBBBBBBBBBBBBBBBB" concept_name_type="SHORT" locale_preferred="false"/>
	<concept_name concept_id="160104" name="Efavirenz / Lamivudine / Stavudine" locale="en" creator="1" date_created="2011-05-27 13:45:51.0" concept_name_id="107830" voided="0" voided_by="1" uuid="107830BBBBBBBBBBBBBBBBBBBBBBBBBBBBBB" concept_name_type="FULLY_SPECIFIED" locale_preferred="true"/>
	<concept_name concept_id="160104" name="Stavudine/ Lamivudine/ Efavirenz" locale="en" creator="1" date_created="2012-11-28 15:45:18.0" concept_name_id="110778" voided="0" voided_by="1" void_reason="" uuid="110778BBBBBBBBBBBBBBBBBBBBBBBBBBBBBB" locale_preferred="false"/>
	<concept concept_id="86663" retired="0" datatype_id="4" class_id="3" is_set="0" creator="1" date_created="2006-12-17 00:00:00.0" version="" changed_by="1" date_changed="2012-11-28 20:04:10.0" retired_by="1" uuid="86663AAAAAAAAAAAAAAAAAAAAAAAAAAAAAAA"/>
	<concept_name concept_id="86663" name="AZT/3TC" locale="en" creator="1" date_created="2012-11-28 20:04:10.0" concept_name_id="110799" voided="0" voided_by="1" uuid="110799BBBBBBBBBBBBBBBBBBBBBBBBBBBBBB" concept_name_type="SHORT" locale_preferred="false"/>
	<concept_name concept_id="86663" name="ZDV" locale="en" creator="1" date_created="2012-11-28 20:04:10.0" concept_name_id="110800" voided="0" voided_by="1" uuid="110800BBBBBBBBBBBBBBBBBBBBBBBBBBBBBB" locale_preferred="false"/>
	<concept_name concept_id="86663" name="ZIDOVUDINE" locale="en" creator="1" date_created="2006-12-17 00:00:00.0" concept_name_id="8748" voided="0" voided_by="1" uuid="8748BBBBBBBBBBBBBBBBBBBBBBBBBBBBBBBB" concept_name_type="FULLY_SPECIFIED" locale_preferred="true"/>
	<concept_name concept_id="86663" name="Retrovir" locale="en" creator="1" date_created="2007-10-18 09:35:54.0" concept_name_id="97466" voided="0" voided_by="1" void_reason="" uuid="97466BBBBBBBBBBBBBBBBBBBBBBBBBBBBBBB" locale_preferred="false"/>
	<concept concept_id="75628" retired="0" datatype_id="4" class_id="3" is_set="0" creator="1" date_created="2006-12-17 00:00:00.0" version="" changed_by="1" date_changed="2012-11-28 20:08:04.0" retired_by="1" uuid="75628AAAAAAAAAAAAAAAAAAAAAAAAAAAAAAA"/>
	<concept_name concept_id="75628" name="FTC" locale="en" creator="1" date_created="2012-11-28 20:08:04.0" concept_name_id="110804" voided="0" voided_by="1" uuid="110804BBBBBBBBBBBBBBBBBBBBBBBBBBBBBB" concept_name_type="SHORT" locale_preferred="false"/>
	<concept_name concept_id="75628" name="EMTRICITABINE" locale="en" creator="1" date_created="2006-12-17 00:00:00.0" concept_name_id="5309" voided="0" voided_by="1" uuid="5309BBBBBBBBBBBBBBBBBBBBBBBBBBBBBBBB" concept_name_type="FULLY_SPECIFIED" locale_preferred="true"/>
	<concept_name concept_id="75628" name="Emtriva" locale="en" creator="1" date_created="2007-10-18 09:35:54.0" concept_name_id="91401" voided="0" voided_by="1" void_reason="" uuid="91401BBBBBBBBBBBBBBBBBBBBBBBBBBBBBBB" locale_preferred="false"/>
	<concept concept_id="79040" retired="0" datatype_id="4" class_id="3" is_set="0" creator="1" date_created="2006-12-17 00:00:00.0" version="" changed_by="1" date_changed="2012-11-28 20:13:10.0" retired_by="1" uuid="79040AAAAAAAAAAAAAAAAAAAAAAAAAAAAAAA"/>
	<concept_name concept_id="79040" name="LPV/R" locale="en" creator="1" date_created="2012-11-28 20:13:10.0" concept_name_id="110811" voided="0" voided_by="1" uuid="110811BBBBBBBBBBBBBBBBBBBBBBBBBBBBBB" concept_name_type="SHORT" locale_preferred="false"/>
	<concept_name concept_id="79040" name="LOPINAVIR" locale="en" creator="1" date_created="2006-12-17 00:00:00.0" concept_name_id="6425" voided="0" voided_by="1" uuid="6425BBBBBBBBBBBBBBBBBBBBBBBBBBBBBBBB" concept_name_type="FULLY_SPECIFIED" locale_preferred="true"/>
	<concept concept_id="83412" retired="0" datatype_id="4" class_id="3" is_set="0" creator="1" date_created="2006-12-17 00:00:00.0" version="" changed_by="1" date_changed="2012-11-28 20:13:27.0" retired_by="1" uuid="83412AAAAAAAAAAAAAAAAAAAAAAAAAAAAAAA"/>
	<concept_name concept_id="83412" name="Norvir Soft Gelatin" locale="en" creator="1" date_created="2007-10-18 09:35:54.0" concept_name_id="95494" voided="0" voided_by="1" void_reason="" uuid="95494BBBBBBBBBBBBBBBBBBBBBBBBBBBBBBB" locale_preferred="false"/>
	<concept_name concept_id="83412" name="RITONAVIR" locale="en" creator="1" date_created="2006-12-17 00:00:00.0" concept_name_id="7836" voided="0" voided_by="1" uuid="7836BBBBBBBBBBBBBBBBBBBBBBBBBBBBBBBB" concept_name_type="FULLY_SPECIFIED" locale_preferred="true"/>
	<concept_name concept_id="83412" name="RTV" locale="en" creator="1" date_created="2012-11-28 20:13:27.0" concept_name_id="110812" voided="0" voided_by="1" uuid="110812BBBBBBBBBBBBBBBBBBBBBBBBBBBBBB" concept_name_type="SHORT" locale_preferred="false"/>
	<concept_name concept_id="83412" name="Norvir" locale="en" creator="1" date_created="2007-10-18 09:35:54.0" concept_name_id="95493" voided="0" voided_by="1" void_reason="" uuid="95493BBBBBBBBBBBBBBBBBBBBBBBBBBBBBBB" locale_preferred="false"/>
	<concept concept_id="71647" retired="0" datatype_id="4" class_id="3" is_set="0" creator="1" date_created="2006-12-17 00:00:00.0" version="" changed_by="1" date_changed="2012-11-28 20:13:48.0" retired_by="1" uuid="71647AAAAAAAAAAAAAAAAAAAAAAAAAAAAAAA"/>
	<concept_name concept_id="71647" name="Reyataz" locale="en" creator="1" date_created="2007-10-18 09:35:54.0" concept_name_id="97480" voided="0" voided_by="1" void_reason="" uuid="97480BBBBBBBBBBBBBBBBBBBBBBBBBBBBBBB" locale_preferred="false"/>
	<concept_name concept_id="71647" name="ATAZANAVIR" locale="en" creator="1" date_created="2006-12-17 00:00:00.0" concept_name_id="3926" voided="0" voided_by="1" uuid="3926BBBBBBBBBBBBBBBBBBBBBBBBBBBBBBBB" concept_name_type="FULLY_SPECIFIED" locale_preferred="true"/>
	<concept_name concept_id="71647" name="ATV" locale="en" creator="1" date_created="2012-11-28 20:13:48.0" concept_name_id="110813" voided="0" voided_by="1" uuid="110813BBBBBBBBBBBBBBBBBBBBBBBBBBBBBB" concept_name_type="SHORT" locale_preferred="false"/>
	<concept concept_id="1652" retired="0" datatype_id="10" class_id="3" is_set="0" creator="1" date_created="2009-04-23 15:42:27.0" version="" changed_by="1" date_changed="2012-09-12 13:54:28.0" retired_by="1" uuid="1652AAAAAAAAAAAAAAAAAAAAAAAAAAAAAAAA"/>
	<concept_name concept_id="1652" name="LAMIVUDINE / NEVIRAPINE / ZIDOVUDINE" locale="en" creator="1" date_created="2009-04-23 15:42:27.0" concept_name_id="1932" voided="0" voided_by="1" uuid="1932BBBBBBBBBBBBBBBBBBBBBBBBBBBBBBBB" concept_name_type="FULLY_SPECIFIED" locale_preferred="true"/>
	<concept_name concept_id="1652" name="COMBIPAK" locale="en" creator="1" date_created="2009-04-23 15:42:27.0" concept_name_id="89810" voided="0" voided_by="1" void_reason="" uuid="89810BBBBBBBBBBBBBBBBBBBBBBBBBBBBBBB" locale_preferred="false"/>
	<concept_name concept_id="1652" name="Zidolam-N" locale="en" creator="1" date_created="2012-09-12 13:53:55.0" concept_name_id="110361" voided="0" voided_by="1" void_reason="" uuid="110361BBBBBBBBBBBBBBBBBBBBBBBBBBBBBB" locale_preferred="false"/>
	<concept_name concept_id="1652" name="3TC/NVP/ZDV" locale="en" creator="1" date_created="2009-04-23 15:42:27.0" concept_name_id="86935" voided="0" voided_by="1" uuid="86935BBBBBBBBBBBBBBBBBBBBBBBBBBBBBBB" concept_name_type="SHORT" locale_preferred="false"/>
	<concept concept_id="161363" retired="0" datatype_id="4" class_id="3" is_set="0" creator="1" date_created="2012-11-28 19:57:23.0" version="" changed_by="1" retired_by="1" uuid="161363AAAAAAAAAAAAAAAAAAAAAAAAAAAAAA"/>
	<concept_name concept_id="161363" name="lamivudine / stavudine" locale="en" creator="1" date_created="2012-11-28 19:57:23.0" concept_name_id="110793" voided="0" voided_by="1" uuid="110793BBBBBBBBBBBBBBBBBBBBBBBBBBBBBB" concept_name_type="FULLY_SPECIFIED" locale_preferred="true"/>
	<concept_name concept_id="161363" name="3TC/D4T" locale="en" creator="1" date_created="2012-11-28 19:57:23.0" concept_name_id="110792" voided="0" voided_by="1" uuid="110792BBBBBBBBBBBBBBBBBBBBBBBBBBBBBB" concept_name_type="SHORT" locale_preferred="false"/>
	<concept concept_id="161364" retired="0" datatype_id="4" class_id="3" is_set="0" creator="1" date_created="2012-11-28 20:00:12.0" version="" changed_by="1" retired_by="1" uuid="161364AAAAAAAAAAAAAAAAAAAAAAAAAAAAAA"/>
	<concept_name concept_id="161364" name="TDF/3TC" locale="en" creator="1" date_created="2012-11-28 20:00:12.0" concept_name_id="110796" voided="0" voided_by="1" uuid="110796BBBBBBBBBBBBBBBBBBBBBBBBBBBBBB" concept_name_type="SHORT" locale_preferred="false"/>
	<concept_name concept_id="161364" name="lamivudine / tenofovir" locale="en" creator="1" date_created="2012-11-28 20:00:12.0" concept_name_id="110795" voided="0" voided_by="1" uuid="110795BBBBBBBBBBBBBBBBBBBBBBBBBBBBBB" concept_name_type="FULLY_SPECIFIED" locale_preferred="true"/>
	<concept concept_id="161361" retired="0" datatype_id="4" class_id="3" is_set="0" creator="1" date_created="2012-11-28 15:51:11.0" version="" changed_by="1" date_changed="2012-11-28 20:02:01.0" retired_by="1" uuid="161361AAAAAAAAAAAAAAAAAAAAAAAAAAAAAA"/>
	<concept_name concept_id="161361" name="EDF/3TC/EFV" locale="en" creator="1" date_created="2012-11-28 20:02:01.0" concept_name_id="110797" voided="0" voided_by="1" uuid="110797BBBBBBBBBBBBBBBBBBBBBBBBBBBBBB" concept_name_type="SHORT" locale_preferred="false"/>
	<concept_name concept_id="161361" name="efavirenz / lamivudine / tenofovir disoproxil" locale="en" creator="1" date_created="2012-11-28 15:51:11.0" concept_name_id="110780" voided="0" voided_by="1" uuid="110780BBBBBBBBBBBBBBBBBBBBBBBBBBBBBB" concept_name_type="FULLY_SPECIFIED" locale_preferred="true"/>
	<concept concept_id="103166" retired="0" datatype_id="4" class_id="3" is_set="0" creator="1" date_created="2007-03-11 00:00:00.0" version="" changed_by="1" date_changed="2012-11-28 20:03:17.0" retired_by="1" uuid="103166AAAAAAAAAAAAAAAAAAAAAAAAAAAAAA"/>
	<concept_name concept_id="103166" name="ABACAVIR / LAMIVUDINE" locale="en" creator="1" date_created="2007-03-11 00:00:00.0" concept_name_id="8801" voided="0" voided_by="1" uuid="8801BBBBBBBBBBBBBBBBBBBBBBBBBBBBBBBB" concept_name_type="FULLY_SPECIFIED" locale_preferred="true"/>
	<concept_name concept_id="103166" name="Epzicom" locale="en" creator="1" date_created="2007-10-18 09:35:54.0" concept_name_id="91520" voided="0" voided_by="1" void_reason="" uuid="91520BBBBBBBBBBBBBBBBBBBBBBBBBBBBBBB" locale_preferred="false"/>
	<concept_name concept_id="103166" name="ABC/3TC" locale="en" creator="1" date_created="2012-11-28 20:03:17.0" concept_name_id="110798" voided="0" voided_by="1" uuid="110798BBBBBBBBBBBBBBBBBBBBBBBBBBBBBB" concept_name_type="SHORT" locale_preferred="false"/>
	<concept concept_id="159599" retired="0" datatype_id="6" class_id="5" is_set="0" creator="1" date_created="2010-10-29 13:33:28.0" version="" changed_by="1" date_changed="2012-06-03 18:27:34.0" retired_by="1" uuid="159599AAAAAAAAAAAAAAAAAAAAAAAAAAAAAA"/>
	<concept_name concept_id="159599" name="ARV start date" locale="en" creator="1" date_created="2010-10-29 14:51:12.0" concept_name_id="106949" voided="0" voided_by="1" uuid="106949BBBBBBBBBBBBBBBBBBBBBBBBBBBBBB" concept_name_type="SHORT" locale_preferred="false"/>
	<concept_name concept_id="159599" name="ART start date" locale="en" creator="1" date_created="2011-05-30 20:04:02.0" concept_name_id="107886" voided="0" voided_by="1" void_reason="" uuid="107886BBBBBBBBBBBBBBBBBBBBBBBBBBBBBB" locale_preferred="false"/>
	<concept_name concept_id="159599" name="Antiretroviral treatment start date" locale="en" creator="1" date_created="2010-10-29 13:33:28.0" concept_name_id="106945" voided="0" voided_by="1" uuid="106945BBBBBBBBBBBBBBBBBBBBBBBBBBBBBB" concept_name_type="FULLY_SPECIFIED" locale_preferred="true"/>
	<concept_name concept_id="159599" name="Date antiretrovirals started" locale="en" creator="1" date_created="2012-05-31 17:06:48.0" concept_name_id="108628" voided="0" voided_by="1" void_reason="" uuid="108628BBBBBBBBBBBBBBBBBBBBBBBBBBBBBB" locale_preferred="false"/>
	<concept concept_id="1147" retired="0" datatype_id="2" class_id="7" is_set="0" creator="1" date_created="2005-02-07 00:00:00.0" version="" changed_by="1" date_changed="2005-02-07 00:00:00.0" retired_by="1" uuid="1147AAAAAAAAAAAAAAAAAAAAAAAAAAAAAAAA"/>
	<concept_name concept_id="1147" name="ANTIRETROVIRAL USE DURING PREGNANCY" locale="en" creator="1" date_created="2005-02-07 00:00:00.0" concept_name_id="1223" voided="0" voided_by="1" uuid="1223BBBBBBBBBBBBBBBBBBBBBBBBBBBBBBBB" concept_name_type="FULLY_SPECIFIED" locale_preferred="true"/>
	<concept concept_id="966" retired="0" datatype_id="2" class_id="7" is_set="0" creator="1" date_created="2006-02-13 21:37:12.0" version="" changed_by="1" date_changed="2011-02-03 17:12:03.0" retired_by="1" uuid="966AAAAAAAAAAAAAAAAAAAAAAAAAAAAAAAAA"/>
	<concept_name concept_id="966" name="CURRENT ANTIRETROVIRAL DRUGS USED FOR TRANSMISSION PROPHYLAXIS" locale="en" creator="1" date_created="2006-02-13 21:37:12.0" concept_name_id="1014" voided="0" voided_by="1" uuid="1014BBBBBBBBBBBBBBBBBBBBBBBBBBBBBBBB" concept_name_type="FULLY_SPECIFIED" locale_preferred="true"/>
	<concept concept_id="5497" retired="0" datatype_id="1" class_id="1" is_set="0" creator="1" date_created="2004-08-12 00:00:00.0" version="" changed_by="1" date_changed="2012-11-09 17:38:12.0" retired_by="1" uuid="5497AAAAAAAAAAAAAAAAAAAAAAAAAAAAAAAA"/>
	<concept_numeric concept_id="5497" hi_normal="1497.0" low_critical="99.0" low_normal="445.0" units="cells/uL" precise="0"/>
	<concept_name concept_id="5497" name="CD3+CD4+ABS CNT" locale="en" creator="1" date_created="2006-06-06 14:03:53.0" concept_name_id="89296" voided="0" voided_by="1" void_reason="" uuid="89296BBBBBBBBBBBBBBBBBBBBBBBBBBBBBBB" locale_preferred="false"/>
	<concept_name concept_id="5497" name="CD4" locale="en" creator="1" date_created="2004-12-02 00:00:00.0" concept_name_id="89299" voided="0" voided_by="1" void_reason="" uuid="89299BBBBBBBBBBBBBBBBBBBBBBBBBBBBBBB" locale_preferred="false"/>
	<concept_name concept_id="5497" name="CD4" locale="en" creator="1" date_created="2004-08-12 00:00:00.0" concept_name_id="87043" voided="0" voided_by="1" uuid="87043BBBBBBBBBBBBBBBBBBBBBBBBBBBBBBB" concept_name_type="SHORT" locale_preferred="false"/>
	<concept_name concept_id="5497" name="CD4 COUNT" locale="en" creator="1" date_created="2004-08-12 00:00:00.0" concept_name_id="2621" voided="0" voided_by="1" uuid="2621BBBBBBBBBBBBBBBBBBBBBBBBBBBBBBBB" concept_name_type="FULLY_SPECIFIED" locale_preferred="true"/>
	<concept concept_id="730" retired="0" datatype_id="1" class_id="1" is_set="0" creator="1" date_created="2004-04-08 00:00:00.0" version="0.1" changed_by="1" date_changed="2011-01-21 21:21:59.0" retired_by="1" uuid="730AAAAAAAAAAAAAAAAAAAAAAAAAAAAAAAAA"/>
	<concept_numeric concept_id="730" units="%" precise="0"/>
	<concept_name concept_id="730" name="CD4%" locale="en" creator="1" date_created="2004-04-08 00:00:00.0" concept_name_id="766" voided="0" voided_by="1" uuid="766BBBBBBBBBBBBBBBBBBBBBBBBBBBBBBBBB" concept_name_type="FULLY_SPECIFIED" locale_preferred="true"/>
	<concept_name concept_id="730" name="CD4 PERCENT" locale="en" creator="1" date_created="2005-02-23 18:14:05.0" concept_name_id="89300" voided="0" voided_by="1" uuid="89300BBBBBBBBBBBBBBBBBBBBBBBBBBBBBBB" locale_preferred="false"/>
	<concept_name concept_id="730" name="CD3+CD4+%LYMPH" locale="en" creator="1" date_created="2006-06-06 14:05:24.0" concept_name_id="89295" voided="0" voided_by="1" uuid="89295BBBBBBBBBBBBBBBBBBBBBBBBBBBBBBB" locale_preferred="false"/>
	<concept concept_id="1054" retired="0" datatype_id="2" class_id="7" is_set="0" creator="1" date_created="2005-01-06 00:00:00.0" version="" changed_by="1" date_changed="2012-06-17 13:55:28.0" retired_by="1" uuid="1054AAAAAAAAAAAAAAAAAAAAAAAAAAAAAAAA"/>
	<concept_name concept_id="1054" name="CIV_STAT" locale="en" creator="1" date_created="2012-05-26 22:02:31.0" concept_name_id="108617" voided="0" voided_by="1" uuid="108617BBBBBBBBBBBBBBBBBBBBBBBBBBBBBB" concept_name_type="SHORT" locale_preferred="false"/>
	<concept_name concept_id="1054" name="CIVIL STATUS" locale="en" creator="1" date_created="2005-01-06 00:00:00.0" concept_name_id="1115" voided="0" voided_by="1" uuid="1115BBBBBBBBBBBBBBBBBBBBBBBBBBBBBBBB" concept_name_type="FULLY_SPECIFIED" locale_preferred="true"/>
	<concept concept_id="159785" retired="0" datatype_id="4" class_id="11" is_set="0" creator="1" date_created="2010-11-12 16:58:01.0" version="" changed_by="1" date_changed="2010-11-23 17:56:01.0" retired_by="1" uuid="159785AAAAAAAAAAAAAAAAAAAAAAAAAAAAAA"/>
	<concept_name concept_id="159785" name="college/university/polytechnic" locale="en" creator="1" date_created="2010-11-12 16:58:01.0" concept_name_id="107256" voided="0" voided_by="1" uuid="107256BBBBBBBBBBBBBBBBBBBBBBBBBBBBBB" concept_name_type="FULLY_SPECIFIED" locale_preferred="true"/>
	<concept concept_id="159777" retired="0" datatype_id="2" class_id="7" is_set="0" creator="1" date_created="2010-11-11 17:21:29.0" version="" changed_by="1" date_changed="2013-04-03 19:41:33.0" retired_by="1" uuid="159777AAAAAAAAAAAAAAAAAAAAAAAAAAAAAA"/>
	<concept_name concept_id="159777" name="Condoms given during the visit" locale="en" creator="1" date_created="2010-11-11 17:21:29.0" concept_name_id="107240" voided="0" voided_by="1" uuid="107240BBBBBBBBBBBBBBBBBBBBBBBBBBBBBB" concept_name_type="FULLY_SPECIFIED" locale_preferred="true"/>
	<concept concept_id="159799" retired="0" datatype_id="4" class_id="13" is_set="0" creator="1" date_created="2010-11-15 14:15:56.0" version="" changed_by="1" date_changed="2011-06-08 00:52:19.0" retired_by="1" uuid="159799AAAAAAAAAAAAAAAAAAAAAAAAAAAAAA"/>
	<concept_name concept_id="159799" name="cough lasting more than 2 weeks" locale="en" creator="1" date_created="2010-11-15 14:15:56.0" concept_name_id="107272" voided="0" voided_by="1" uuid="107272BBBBBBBBBBBBBBBBBBBBBBBBBBBBBB" concept_name_type="FULLY_SPECIFIED" locale_preferred="true"/>
	<concept concept_id="5356" retired="0" datatype_id="2" class_id="5" is_set="0" creator="1" date_created="2004-08-12 00:00:00.0" version="" changed_by="1" date_changed="2012-06-14 18:51:14.0" retired_by="1" uuid="5356AAAAAAAAAAAAAAAAAAAAAAAAAAAAAAAA"/>
	<concept_name concept_id="5356" name="CURRENT WHO HIV STAGE" locale="en" creator="1" date_created="2004-08-12 00:00:00.0" concept_name_id="2474" voided="0" voided_by="1" uuid="2474BBBBBBBBBBBBBBBBBBBBBBBBBBBBBBBB" concept_name_type="FULLY_SPECIFIED" locale_preferred="true"/>
	<concept concept_id="965" retired="0" datatype_id="10" class_id="7" is_set="0" creator="1" date_created="2006-02-15 02:26:55.0" version="" changed_by="1" date_changed="2011-02-03 17:09:05.0" retired_by="1" uuid="965AAAAAAAAAAAAAAAAAAAAAAAAAAAAAAAAA"/>
	<concept_name concept_id="965" name="CURRENTLY USING BIRTH CONTROL" locale="en" creator="1" date_created="2006-02-15 02:26:55.0" concept_name_id="1013" voided="0" voided_by="1" uuid="1013BBBBBBBBBBBBBBBBBBBBBBBBBBBBBBBB" concept_name_type="FULLY_SPECIFIED" locale_preferred="true"/>
	<concept concept_id="74250" retired="0" datatype_id="4" class_id="3" is_set="0" creator="1" date_created="2006-12-17 00:00:00.0" version="" changed_by="1" date_changed="2006-12-17 00:00:00.0" retired_by="1" uuid="74250AAAAAAAAAAAAAAAAAAAAAAAAAAAAAAA"/>
	<concept_name concept_id="74250" name="Aczone" locale="en" creator="1" date_created="2007-10-18 09:35:54.0" concept_name_id="87297" voided="0" voided_by="1" uuid="87297BBBBBBBBBBBBBBBBBBBBBBBBBBBBBBB" locale_preferred="false"/>
	<concept_name concept_id="74250" name="DAPSONE" locale="en" creator="1" date_created="2006-12-17 00:00:00.0" concept_name_id="4913" voided="0" voided_by="1" uuid="4913BBBBBBBBBBBBBBBBBBBBBBBBBBBBBBBB" concept_name_type="FULLY_SPECIFIED" locale_preferred="true"/>
	<concept concept_id="160554" retired="0" datatype_id="6" class_id="5" is_set="0" creator="1" date_created="2012-06-14 20:31:04.0" version="" changed_by="1" date_changed="2012-06-15 14:09:41.0" retired_by="1" uuid="160554AAAAAAAAAAAAAAAAAAAAAAAAAAAAAA"/>
	<concept_name concept_id="160554" name="Date of HIV diagnosis" locale="en" creator="1" date_created="2012-06-14 20:31:04.0" concept_name_id="108914" voided="0" voided_by="1" uuid="108914BBBBBBBBBBBBBBBBBBBBBBBBBBBBBB" concept_name_type="FULLY_SPECIFIED" locale_preferred="true"/>
	<concept concept_id="160034" retired="0" datatype_id="4" class_id="17" is_set="0" creator="1" date_created="2011-01-17 20:51:42.0" version="" changed_by="1" date_changed="2013-03-10 00:13:48.0" retired_by="1" uuid="160034AAAAAAAAAAAAAAAAAAAAAAAAAAAAAA"/>
	<concept_name concept_id="160034" name="Died" locale="en" creator="1" date_created="2011-01-17 20:51:42.0" concept_name_id="107693" voided="0" voided_by="1" uuid="107693BBBBBBBBBBBBBBBBBBBBBBBBBBBBBB" concept_name_type="FULLY_SPECIFIED" locale_preferred="true"/>
	<concept concept_id="1661" retired="0" datatype_id="10" class_id="5" is_set="0" creator="1" date_created="2009-04-23 21:37:30.0" version="" changed_by="1" retired_by="1" uuid="1661AAAAAAAAAAAAAAAAAAAAAAAAAAAAAAAA"/>
	<concept_name concept_id="1661" name="Disease Diagnosed" locale="en" creator="1" date_created="2009-04-23 21:37:30.0" concept_name_id="86944" voided="0" voided_by="1" uuid="86944BBBBBBBBBBBBBBBBBBBBBBBBBBBBBBB" concept_name_type="SHORT" locale_preferred="false"/>
	<concept_name concept_id="1661" name="DISEASE DIAGNOSED" locale="en" creator="1" date_created="2009-04-23 21:37:30.0" concept_name_id="1941" voided="0" voided_by="1" uuid="1941BBBBBBBBBBBBBBBBBBBBBBBBBBBBBBBB" concept_name_type="FULLY_SPECIFIED" locale_preferred="true"/>
	<concept concept_id="142177" retired="0" datatype_id="10" class_id="4" is_set="0" creator="1" date_created="2007-11-03 00:00:00.0" version="" changed_by="1" date_changed="2009-04-23 21:34:29.0" retired_by="1" uuid="142177AAAAAAAAAAAAAAAAAAAAAAAAAAAAAA"/>
	<concept_name concept_id="142177" name="DISEASE SUSPECTED" locale="en" creator="1" date_created="2007-10-18 04:28:24.0" concept_name_id="41906" voided="0" voided_by="1" uuid="41906BBBBBBBBBBBBBBBBBBBBBBBBBBBBBBB" concept_name_type="FULLY_SPECIFIED" locale_preferred="true"/>
	<concept concept_id="1058" retired="0" datatype_id="4" class_id="11" is_set="0" creator="1" date_created="2005-01-06 00:00:00.0" version="" changed_by="1" date_changed="2010-10-01 19:04:47.0" retired_by="1" uuid="1058AAAAAAAAAAAAAAAAAAAAAAAAAAAAAAAA"/>
	<concept_name concept_id="1058" name="DIVORCED" locale="en" creator="1" date_created="2005-01-06 00:00:00.0" concept_name_id="1124" voided="0" voided_by="1" uuid="1124BBBBBBBBBBBBBBBBBBBBBBBBBBBBBBBB" concept_name_type="FULLY_SPECIFIED" locale_preferred="true"/>
	<concept concept_id="1712" retired="0" datatype_id="2" class_id="7" is_set="0" creator="1" date_created="2009-06-23 21:42:56.0" version="" changed_by="1" date_changed="2012-03-12 01:19:30.0" retired_by="1" uuid="1712AAAAAAAAAAAAAAAAAAAAAAAAAAAAAAAA"/>
	<concept_name concept_id="1712" name="Education Level" locale="en" creator="1" date_created="2009-06-23 21:42:56.0" concept_name_id="86995" voided="0" voided_by="1" uuid="86995BBBBBBBBBBBBBBBBBBBBBBBBBBBBBBB" concept_name_type="SHORT" locale_preferred="false"/>
	<concept_name concept_id="1712" name="HIGHEST EDUCATION LEVEL" locale="en" creator="1" date_created="2009-06-23 21:42:56.0" concept_name_id="1992" voided="0" voided_by="1" uuid="1992BBBBBBBBBBBBBBBBBBBBBBBBBBBBBBBB" concept_name_type="FULLY_SPECIFIED" locale_preferred="true"/>
	<concept_name concept_id="1712" name="Current education level" locale="en" creator="1" date_created="2012-03-05 07:41:09.0" concept_name_id="108349" voided="0" voided_by="1" void_reason="" uuid="108349BBBBBBBBBBBBBBBBBBBBBBBBBBBBBB" locale_preferred="false"/>
	<concept concept_id="5596" retired="0" datatype_id="6" class_id="7" is_set="0" creator="1" date_created="2004-08-12 00:00:00.0" version="" changed_by="1" date_changed="2013-06-02 14:56:38.0" retired_by="1" uuid="5596AAAAAAAAAAAAAAAAAAAAAAAAAAAAAAAA"/>
	<concept_name concept_id="5596" name="ESTIMATED DATE OF CONFINEMENT" locale="en" creator="1" date_created="2004-08-12 00:00:00.0" concept_name_id="2732" voided="0" voided_by="1" uuid="2732BBBBBBBBBBBBBBBBBBBBBBBBBBBBBBBB" concept_name_type="FULLY_SPECIFIED" locale_preferred="true"/>
	<concept_name concept_id="5596" name="Expected date of delivery" locale="en" creator="1" date_created="2013-06-02 14:56:38.0" concept_name_id="124235" voided="0" voided_by="1" uuid="124235BBBBBBBBBBBBBBBBBBBBBBBBBBBBBB" locale_preferred="false"/>
	<concept_name concept_id="5596" name="Expected date of confinement" locale="en" creator="1" date_created="2013-06-02 14:56:38.0" concept_name_id="124236" voided="0" voided_by="1" uuid="124236BBBBBBBBBBBBBBBBBBBBBBBBBBBBBB" locale_preferred="false"/>
	<concept_name concept_id="5596" name="EDC" locale="en" creator="1" date_created="2005-02-07 00:00:00.0" concept_name_id="91293" voided="0" voided_by="1" void_reason="" uuid="91293BBBBBBBBBBBBBBBBBBBBBBBBBBBBBBB" locale_preferred="false"/>
	<concept_name concept_id="5596" name="ESTIMATED DELIVERY DATE" locale="en" creator="1" date_created="2005-02-07 00:00:00.0" concept_name_id="91594" voided="0" voided_by="1" void_reason="" uuid="91594BBBBBBBBBBBBBBBBBBBBBBBBBBBBBBB" locale_preferred="false"/>
	<concept_name concept_id="5596" name="EDD" locale="en" creator="1" date_created="2006-12-17 11:45:38.0" concept_name_id="91294" voided="0" voided_by="1" void_reason="" uuid="91294BBBBBBBBBBBBBBBBBBBBBBBBBBBBBBB" locale_preferred="false"/>
	<concept_name concept_id="5596" name="ESTIMATED DATE OF DELIVERY" locale="en" creator="1" date_created="2005-02-07 00:00:00.0" concept_name_id="91593" voided="0" voided_by="1" void_reason="" uuid="91593BBBBBBBBBBBBBBBBBBBBBBBBBBBBBBB" locale_preferred="false"/>
	<concept concept_id="160653" retired="0" datatype_id="2" class_id="7" is_set="0" creator="1" date_created="2012-06-24 17:08:33.0" version="" changed_by="1" date_changed="2012-07-24 16:53:47.0" retired_by="1" uuid="160653AAAAAAAAAAAAAAAAAAAAAAAAAAAAAA"/>
	<concept_name concept_id="160653" name="Family planning status" locale="en" creator="1" date_created="2012-06-24 17:08:33.0" concept_name_id="109111" voided="0" voided_by="1" uuid="109111BBBBBBBBBBBBBBBBBBBBBBBBBBBBBB" concept_name_type="FULLY_SPECIFIED" locale_preferred="true"/>
	<concept concept_id="76488" retired="0" datatype_id="4" class_id="3" is_set="0" creator="1" date_created="2006-12-17 00:00:00.0" version="" changed_by="1" date_changed="2013-07-31 02:44:31.0" retired_by="1" uuid="76488AAAAAAAAAAAAAAAAAAAAAAAAAAAAAAA"/>
	<concept_name concept_id="76488" name="FLUCONAZOLE" locale="en" creator="1" date_created="2006-12-17 00:00:00.0" concept_name_id="5600" voided="0" voided_by="1" uuid="5600BBBBBBBBBBBBBBBBBBBBBBBBBBBBBBBB" concept_name_type="FULLY_SPECIFIED" locale_preferred="true"/>
	<concept_name concept_id="76488" name="Diflucan One" locale="en" creator="1" date_created="2007-10-18 09:35:54.0" concept_name_id="90726" voided="0" voided_by="1" void_reason="" uuid="90726BBBBBBBBBBBBBBBBBBBBBBBBBBBBBBB" locale_preferred="false"/>
	<concept_name concept_id="76488" name="Fluconazale" locale="en" creator="1" date_created="2007-10-18 09:35:54.0" concept_name_id="92046" voided="0" voided_by="1" void_reason="" uuid="92046BBBBBBBBBBBBBBBBBBBBBBBBBBBBBBB" locale_preferred="false"/>
	<concept_name concept_id="76488" name="Diflucan" locale="en" creator="1" date_created="2007-10-18 09:35:54.0" concept_name_id="90725" voided="0" voided_by="1" void_reason="" uuid="90725BBBBBBBBBBBBBBBBBBBBBBBBBBBBBBB" locale_preferred="false"/>
	<concept concept_id="5624" retired="0" datatype_id="1" class_id="7" is_set="0" creator="1" date_created="2004-08-12 00:00:00.0" version="" changed_by="1" date_changed="2013-01-11 13:34:54.0" retired_by="1" uuid="5624AAAAAAAAAAAAAAAAAAAAAAAAAAAAAAAA"/>
	<concept_numeric concept_id="5624" units="" precise="0"/>
	<concept_name concept_id="5624" name="Number of previous pregnancies (including current if applicable)" locale="en" creator="1" date_created="2013-01-11 13:34:54.0" concept_name_id="111163" voided="0" voided_by="1" uuid="111163BBBBBBBBBBBBBBBBBBBBBBBBBBBBBB" locale_preferred="false"/>
	<concept_name concept_id="5624" name="Number of times pregnant" locale="en" creator="1" date_created="2005-01-06 00:00:00.0" concept_name_id="98999" voided="0" voided_by="1" void_reason="" uuid="98999BBBBBBBBBBBBBBBBBBBBBBBBBBBBBBB" locale_preferred="false"/>
	<concept_name concept_id="5624" name="Gravida" locale="en" creator="1" date_created="2004-08-12 00:00:00.0" concept_name_id="2763" voided="0" voided_by="1" uuid="2763BBBBBBBBBBBBBBBBBBBBBBBBBBBBBBBB" concept_name_type="FULLY_SPECIFIED" locale_preferred="true"/>
	<concept concept_id="159427" retired="0" datatype_id="2" class_id="5" is_set="0" creator="1" date_created="2010-08-25 19:13:10.0" version="" changed_by="1" date_changed="2011-02-12 19:51:58.0" retired_by="1" uuid="159427AAAAAAAAAAAAAAAAAAAAAAAAAAAAAA"/>
	<concept_name concept_id="159427" name="Result of HIV test" locale="en" creator="1" date_created="2010-08-25 19:13:10.0" concept_name_id="106513" voided="0" voided_by="1" uuid="106513BBBBBBBBBBBBBBBBBBBBBBBBBBBBBB" concept_name_type="FULLY_SPECIFIED" locale_preferred="true"/>
	<concept concept_id="1427" retired="0" datatype_id="6" class_id="5" is_set="0" creator="1" date_created="2006-12-17 11:45:06.0" version="" changed_by="1" date_changed="2013-01-10 17:33:19.0" retired_by="1" uuid="1427AAAAAAAAAAAAAAAAAAAAAAAAAAAAAAAA"/>
	<concept_name concept_id="1427" name="LAST MENSTRUAL PERIOD" locale="en" creator="1" date_created="2006-12-17 11:45:06.0" concept_name_id="1596" voided="0" voided_by="1" uuid="1596BBBBBBBBBBBBBBBBBBBBBBBBBBBBBBBB" concept_name_type="FULLY_SPECIFIED" locale_preferred="true"/>
	<concept_name concept_id="1427" name="Date of last menstrual period" locale="en" creator="1" date_created="2012-05-26 03:26:18.0" concept_name_id="108613" voided="0" voided_by="1" void_reason="" uuid="108613BBBBBBBBBBBBBBBBBBBBBBBBBBBBBB" locale_preferred="false"/>
	<concept_name concept_id="1427" name="LMP" locale="en" creator="1" date_created="2006-12-17 11:45:06.0" concept_name_id="94079" voided="0" voided_by="1" void_reason="" uuid="94079BBBBBBBBBBBBBBBBBBBBBBBBBBBBBBB" locale_preferred="false"/>
	<concept_name concept_id="1427" name="LMP" locale="en" creator="1" date_created="2006-12-17 11:45:06.0" concept_name_id="86882" voided="0" voided_by="1" uuid="86882BBBBBBBBBBBBBBBBBBBBBBBBBBBBBBB" concept_name_type="SHORT" locale_preferred="false"/>
	<concept concept_id="1060" retired="0" datatype_id="4" class_id="11" is_set="0" creator="1" date_created="2005-01-06 00:00:00.0" version="" changed_by="1" date_changed="2010-11-25 14:38:05.0" retired_by="1" uuid="1060AAAAAAAAAAAAAAAAAAAAAAAAAAAAAAAA"/>
	<concept_name concept_id="1060" name="LIVING WITH PARTNER" locale="en" creator="1" date_created="2005-01-06 00:00:00.0" concept_name_id="1130" voided="0" voided_by="1" uuid="1130BBBBBBBBBBBBBBBBBBBBBBBBBBBBBBBB" concept_name_type="FULLY_SPECIFIED" locale_preferred="true"/>
	<concept concept_id="5555" retired="0" datatype_id="4" class_id="5" is_set="0" creator="1" date_created="2004-08-12 00:00:00.0" version="" changed_by="1" date_changed="2012-06-11 19:39:41.0" retired_by="1" uuid="5555AAAAAAAAAAAAAAAAAAAAAAAAAAAAAAAA"/>
	<concept_name concept_id="5555" name="Married monogamous" locale="en" creator="1" date_created="2012-06-11 19:39:41.0" concept_name_id="108846" voided="0" voided_by="1" uuid="108846BBBBBBBBBBBBBBBBBBBBBBBBBBBBBB" locale_preferred="false"/>
	<concept_name concept_id="5555" name="MARRIED" locale="en" creator="1" date_created="2004-08-12 00:00:00.0" concept_name_id="2681" voided="0" voided_by="1" uuid="2681BBBBBBBBBBBBBBBBBBBBBBBBBBBBBBBB" concept_name_type="FULLY_SPECIFIED" locale_preferred="true"/>
	<concept concept_id="159715" retired="0" datatype_id="4" class_id="11" is_set="0" creator="1" date_created="2010-11-05 19:27:23.0" version="" changed_by="1" date_changed="2012-06-11 19:39:02.0" retired_by="1" uuid="159715AAAAAAAAAAAAAAAAAAAAAAAAAAAAAA"/>
	<concept_name concept_id="159715" name="Polygamous" locale="en" creator="1" date_created="2010-11-05 19:27:23.0" concept_name_id="107140" voided="0" voided_by="1" uuid="107140BBBBBBBBBBBBBBBBBBBBBBBBBBBBBB" concept_name_type="FULLY_SPECIFIED" locale_preferred="true"/>
	<concept_name concept_id="159715" name="Married polygamous" locale="en" creator="1" date_created="2012-06-11 19:39:01.0" concept_name_id="108845" voided="0" voided_by="1" uuid="108845BBBBBBBBBBBBBBBBBBBBBBBBBBBBBB" locale_preferred="false"/>
	<concept concept_id="1282" retired="0" datatype_id="2" class_id="11" is_set="0" creator="1" date_created="2005-02-24 12:02:35.0" version="" changed_by="1" date_changed="2013-03-09 23:59:41.0" retired_by="1" uuid="1282AAAAAAAAAAAAAAAAAAAAAAAAAAAAAAAA"/>
	<concept_name concept_id="1282" name="Medication orders" locale="en" creator="1" date_created="2005-02-24 12:02:35.0" concept_name_id="1365" voided="0" voided_by="1" uuid="1365BBBBBBBBBBBBBBBBBBBBBBBBBBBBBBBB" concept_name_type="FULLY_SPECIFIED" locale_preferred="true"/>
	<concept_name concept_id="1282" name="Medication(s) name" locale="en" creator="1" date_created="2012-07-05 17:19:48.0" concept_name_id="109279" voided="0" voided_by="1" void_reason="" uuid="109279BBBBBBBBBBBBBBBBBBBBBBBBBBBBBB" locale_preferred="false"/>
	<concept concept_id="160540" retired="0" datatype_id="2" class_id="7" is_set="0" creator="1" date_created="2012-06-14 16:08:33.0" version="" changed_by="1" date_changed="2012-11-21 03:19:46.0" retired_by="1" uuid="160540AAAAAAAAAAAAAAAAAAAAAAAAAAAAAA"/>
	<concept_name concept_id="160540" name="Method of enrollment" locale="en" creator="1" date_created="2012-06-14 16:08:33.0" concept_name_id="108875" voided="0" voided_by="1" uuid="108875BBBBBBBBBBBBBBBBBBBBBBBBBBBBBB" concept_name_type="FULLY_SPECIFIED" locale_preferred="true"/>
	<concept_name concept_id="160540" name="Care entry point" locale="en" creator="1" date_created="2012-06-14 16:08:33.0" concept_name_id="108874" voided="0" voided_by="1" void_reason="" uuid="108874BBBBBBBBBBBBBBBBBBBBBBBBBBBBBB" locale_preferred="false"/>
	<concept concept_id="374" retired="0" datatype_id="2" class_id="7" is_set="0" creator="1" date_created="2006-02-13 20:50:59.0" version="" changed_by="1" date_changed="2013-04-26 12:45:13.0" retired_by="1" uuid="374AAAAAAAAAAAAAAAAAAAAAAAAAAAAAAAAA"/>
	<concept_name concept_id="374" name="Method of birth control" locale="en" creator="1" date_created="2006-02-13 20:52:24.0" concept_name_id="94599" voided="0" voided_by="1" void_reason="" uuid="94599BBBBBBBBBBBBBBBBBBBBBBBBBBBBBBB" locale_preferred="false"/>
	<concept_name concept_id="374" name="Method of family planning" locale="en" creator="1" date_created="2006-02-13 20:50:59.0" concept_name_id="406" voided="0" voided_by="1" uuid="406BBBBBBBBBBBBBBBBBBBBBBBBBBBBBBBBB" concept_name_type="FULLY_SPECIFIED" locale_preferred="true"/>
	<concept_name concept_id="374" name="FP method" locale="en" creator="1" date_created="2013-04-26 12:44:36.0" concept_name_id="123683" voided="0" voided_by="1" void_reason="" uuid="123683BBBBBBBBBBBBBBBBBBBBBBBBBBBBBB" locale_preferred="false"/>
	<concept concept_id="1149" retired="0" datatype_id="4" class_id="5" is_set="0" creator="1" date_created="2005-02-07 00:00:00.0" version="" changed_by="1" date_changed="2012-06-03 20:07:18.0" retired_by="1" uuid="1149AAAAAAAAAAAAAAAAAAAAAAAAAAAAAAAA"/>
	<concept_name concept_id="1149" name="ON ANTIRETROVIRAL THERAPY" locale="en" creator="1" date_created="2005-02-07 00:00:00.0" concept_name_id="1225" voided="0" voided_by="1" uuid="1225BBBBBBBBBBBBBBBBBBBBBBBBBBBBBBBB" concept_name_type="FULLY_SPECIFIED" locale_preferred="true"/>
	<concept_name concept_id="1149" name="ON ARVS" locale="en" creator="1" date_created="2005-02-07 00:00:00.0" concept_name_id="95709" voided="0" voided_by="1" void_reason="" uuid="95709BBBBBBBBBBBBBBBBBBBBBBBBBBBBBBB" locale_preferred="false"/>
	<concept concept_id="1148" retired="0" datatype_id="2" class_id="2" is_set="0" creator="1" date_created="2005-02-07 00:00:00.0" version="" changed_by="1" date_changed="2011-01-13 15:30:27.0" retired_by="1" uuid="1148AAAAAAAAAAAAAAAAAAAAAAAAAAAAAAAA"/>
	<concept_name concept_id="1148" name="TOTAL PMTCT" locale="en" creator="1" date_created="2005-02-07 00:00:00.0" concept_name_id="99076" voided="0" voided_by="1" uuid="99076BBBBBBBBBBBBBBBBBBBBBBBBBBBBBBB" locale_preferred="false"/>
	<concept_name concept_id="1148" name="TPMTCT" locale="en" creator="1" date_created="2005-02-09 00:00:00.0" concept_name_id="99093" voided="0" voided_by="1" uuid="99093BBBBBBBBBBBBBBBBBBBBBBBBBBBBBBB" locale_preferred="false"/>
	<concept_name concept_id="1148" name="TOTAL MATERNAL TO CHILD TRANSMISSION PROPHYLAXIS" locale="en" creator="1" date_created="2005-02-07 00:00:00.0" concept_name_id="1224" voided="0" voided_by="1" uuid="1224BBBBBBBBBBBBBBBBBBBBBBBBBBBBBBBB" concept_name_type="FULLY_SPECIFIED" locale_preferred="true"/>
	<concept_name concept_id="1148" name="T-PMTCT" locale="en" creator="1" date_created="2005-02-09 00:00:00.0" concept_name_id="98620" voided="0" voided_by="1" uuid="98620BBBBBBBBBBBBBBBBBBBBBBBBBBBBBBB" locale_preferred="false"/>
	<concept concept_id="5277" retired="0" datatype_id="4" class_id="11" is_set="0" creator="1" date_created="2004-08-12 00:00:00.0" version="" changed_by="1" date_changed="2012-06-15 12:54:39.0" retired_by="1" uuid="5277AAAAAAAAAAAAAAAAAAAAAAAAAAAAAAAA"/>
	<concept_name concept_id="5277" name="Fertility awareness method" locale="en" creator="1" date_created="2012-06-15 12:54:38.0" concept_name_id="108946" voided="0" voided_by="1" uuid="108946BBBBBBBBBBBBBBBBBBBBBBBBBBBBBB" locale_preferred="false"/>
	<concept_name concept_id="5277" name="Rhythm method" locale="en" creator="1" date_created="2006-02-13 20:37:43.0" concept_name_id="97520" voided="0" voided_by="1" void_reason="" uuid="97520BBBBBBBBBBBBBBBBBBBBBBBBBBBBBBB" locale_preferred="false"/>
	<concept_name concept_id="5277" name="Natural family planning" locale="en" creator="1" date_created="2004-08-12 00:00:00.0" concept_name_id="2384" voided="0" voided_by="1" uuid="2384BBBBBBBBBBBBBBBBBBBBBBBBBBBBBBBB" concept_name_type="FULLY_SPECIFIED" locale_preferred="true"/>
	<concept_name concept_id="5277" name="Periodic abstinence" locale="en" creator="1" date_created="2012-06-15 12:54:38.0" concept_name_id="108947" voided="0" voided_by="1" uuid="108947BBBBBBBBBBBBBBBBBBBBBBBBBBBBBB" locale_preferred="false"/>
	<concept concept_id="664" retired="0" datatype_id="4" class_id="11" is_set="0" creator="1" date_created="2004-01-01 00:00:00.0" version="" changed_by="1" date_changed="2012-08-10 19:14:26.0" retired_by="1" uuid="664AAAAAAAAAAAAAAAAAAAAAAAAAAAAAAAAA"/>
	<concept_name concept_id="664" name="NEGATIVE" locale="en" creator="1" date_created="2004-01-01 00:00:00.0" concept_name_id="696" voided="0" voided_by="1" uuid="696BBBBBBBBBBBBBBBBBBBBBBBBBBBBBBBBB" concept_name_type="FULLY_SPECIFIED" locale_preferred="true"/>
	<concept_name concept_id="664" name="-" locale="en" creator="1" date_created="2004-12-02 00:00:00.0" concept_name_id="87080" voided="0" voided_by="1" void_reason="" uuid="87080BBBBBBBBBBBBBBBBBBBBBBBBBBBBBBB" locale_preferred="false"/>
	<concept_name concept_id="664" name="(-)" locale="en" creator="1" date_created="2004-12-02 00:00:00.0" concept_name_id="87074" voided="0" voided_by="1" void_reason="" uuid="87074BBBBBBBBBBBBBBBBBBBBBBBBBBBBBBB" locale_preferred="false"/>
	<concept_name concept_id="664" name="NEG" locale="en" creator="1" date_created="2004-10-20 00:00:00.0" concept_name_id="95210" voided="0" voided_by="1" void_reason="" uuid="95210BBBBBBBBBBBBBBBBBBBBBBBBBBBBBBB" locale_preferred="false"/>
	<concept concept_id="1057" retired="0" datatype_id="4" class_id="11" is_set="0" creator="1" date_created="2005-01-06 00:00:00.0" version="" changed_by="1" date_changed="2010-10-01 19:03:56.0" retired_by="1" uuid="1057AAAAAAAAAAAAAAAAAAAAAAAAAAAAAAAA"/>
	<concept_name concept_id="1057" name="NEVER MARRIED" locale="en" creator="1" date_created="2005-01-06 00:00:00.0" concept_name_id="1122" voided="0" voided_by="1" uuid="1122BBBBBBBBBBBBBBBBBBBBBBBBBBBBBBBB" concept_name_type="FULLY_SPECIFIED" locale_preferred="true"/>
	<concept concept_id="1066" retired="0" datatype_id="4" class_id="11" is_set="0" creator="1" date_created="2005-01-06 00:00:00.0" version="" changed_by="1" date_changed="2013-01-27 01:40:38.0" retired_by="1" uuid="1066AAAAAAAAAAAAAAAAAAAAAAAAAAAAAAAA"/>
	<concept_name concept_id="1066" name="NO" locale="en" creator="1" date_created="2005-01-06 00:00:00.0" concept_name_id="1138" voided="0" voided_by="1" uuid="1138BBBBBBBBBBBBBBBBBBBBBBBBBBBBBBBB" concept_name_type="FULLY_SPECIFIED" locale_preferred="true"/>
	<concept concept_id="1660" retired="0" datatype_id="10" class_id="5" is_set="0" creator="1" date_created="2009-04-23 21:32:27.0" version="" changed_by="1" date_changed="2011-02-04 19:54:28.0" retired_by="1" uuid="1660AAAAAAAAAAAAAAAAAAAAAAAAAAAAAAAA"/>
	<concept_name concept_id="1660" name="No Signs Disease" locale="en" creator="1" date_created="2009-04-23 21:32:27.0" concept_name_id="86943" voided="0" voided_by="1" uuid="86943BBBBBBBBBBBBBBBBBBBBBBBBBBBBBBB" concept_name_type="SHORT" locale_preferred="false"/>
	<concept_name concept_id="1660" name="NO SIGNS OR SYMPTOMS OF DISEASE" locale="en" creator="1" date_created="2009-04-23 21:32:27.0" concept_name_id="1940" voided="0" voided_by="1" uuid="1940BBBBBBBBBBBBBBBBBBBBBBBBBBBBBBBB" concept_name_type="FULLY_SPECIFIED" locale_preferred="true"/>
	<concept concept_id="1107" retired="0" datatype_id="4" class_id="11" is_set="0" creator="1" date_created="2005-01-12 00:00:00.0" version="" changed_by="1" date_changed="2013-03-10 00:20:44.0" retired_by="1" uuid="1107AAAAAAAAAAAAAAAAAAAAAAAAAAAAAAAA"/>
	<concept_name concept_id="1107" name="None" locale="en" creator="1" date_created="2005-01-12 00:00:00.0" concept_name_id="1181" voided="0" voided_by="1" uuid="1181BBBBBBBBBBBBBBBBBBBBBBBBBBBBBBBB" concept_name_type="FULLY_SPECIFIED" locale_preferred="true"/>
	<concept concept_id="1175" retired="0" datatype_id="4" class_id="11" is_set="0" creator="1" date_created="2005-02-08 00:00:00.0" version="" changed_by="1" date_changed="2010-12-23 14:10:47.0" retired_by="1" uuid="1175AAAAAAAAAAAAAAAAAAAAAAAAAAAAAAAA"/>
	<concept_name concept_id="1175" name="NOT APPLICABLE" locale="en" creator="1" date_created="2005-02-08 00:00:00.0" concept_name_id="1252" voided="0" voided_by="1" uuid="1252BBBBBBBBBBBBBBBBBBBBBBBBBBBBBBBB" concept_name_type="FULLY_SPECIFIED" locale_preferred="true"/>
	<concept concept_id="160737" retired="0" datatype_id="4" class_id="11" is_set="0" creator="1" date_created="2012-07-05 15:22:24.0" version="" changed_by="1" date_changed="2012-07-11 01:33:11.0" retired_by="1" uuid="160737AAAAAAAAAAAAAAAAAAAAAAAAAAAAAA"/>
	<concept_name concept_id="160737" name="Not assessed" locale="en" creator="1" date_created="2012-07-05 15:22:24.0" concept_name_id="109272" voided="0" voided_by="1" uuid="109272BBBBBBBBBBBBBBBBBBBBBBBBBBBBBB" concept_name_type="FULLY_SPECIFIED" locale_preferred="true"/>
	<concept_name concept_id="160737" name="Not performed" locale="en" creator="1" date_created="2012-07-05 15:22:24.0" concept_name_id="109271" voided="0" voided_by="1" void_reason="" uuid="109271BBBBBBBBBBBBBBBBBBBBBBBBBBBBBB" locale_preferred="false"/>
	<concept concept_id="1402" retired="0" datatype_id="10" class_id="5" is_set="0" creator="1" date_created="2006-12-07 11:05:38.0" version="" changed_by="1" date_changed="2006-12-07 11:06:11.0" retired_by="1" uuid="1402AAAAAAAAAAAAAAAAAAAAAAAAAAAAAAAA"/>
	<concept_name concept_id="1402" name="HIV STATUS UNKNOWN, NEVER TESTED" locale="en" creator="1" date_created="2006-12-07 11:05:38.0" concept_name_id="1551" voided="0" voided_by="1" uuid="1551BBBBBBBBBBBBBBBBBBBBBBBBBBBBBBBB" concept_name_type="FULLY_SPECIFIED" locale_preferred="true"/>
	<concept_name concept_id="1402" name="unknown-not tested" locale="en" creator="1" date_created="2006-12-07 11:05:38.0" concept_name_id="86856" voided="0" voided_by="1" uuid="86856BBBBBBBBBBBBBBBBBBBBBBBBBBBBBBB" concept_name_type="SHORT" locale_preferred="false"/>
	<concept concept_id="1542" retired="0" datatype_id="2" class_id="5" is_set="0" creator="1" date_created="2008-02-16 13:51:15.0" version="" changed_by="1" date_changed="2010-11-04 16:53:27.0" retired_by="1" uuid="1542AAAAAAAAAAAAAAAAAAAAAAAAAAAAAAAA"/>
	<concept_name concept_id="1542" name="OCCUPATION" locale="en" creator="1" date_created="2008-02-16 13:53:50.0" concept_name_id="1804" voided="0" voided_by="1" uuid="1804BBBBBBBBBBBBBBBBBBBBBBBBBBBBBBBB" concept_name_type="FULLY_SPECIFIED" locale_preferred="true"/>
	<concept concept_id="5622" retired="0" datatype_id="4" class_id="11" is_set="0" creator="1" date_created="2004-08-12 00:00:00.0" version="" changed_by="1" date_changed="2012-12-16 19:03:55.0" retired_by="1" uuid="5622AAAAAAAAAAAAAAAAAAAAAAAAAAAAAAAA"/>
	<concept_name concept_id="5622" name="OTHER NON-CODED" locale="en" creator="1" date_created="2004-08-12 00:00:00.0" concept_name_id="2761" voided="0" voided_by="1" uuid="2761BBBBBBBBBBBBBBBBBBBBBBBBBBBBBBBB" concept_name_type="FULLY_SPECIFIED" locale_preferred="true"/>
	<concept concept_id="1053" retired="0" datatype_id="1" class_id="7" is_set="0" creator="1" date_created="2005-01-06 00:00:00.0" version="" changed_by="1" date_changed="2013-01-04 16:19:20.0" retired_by="1" uuid="1053AAAAAAAAAAAAAAAAAAAAAAAAAAAAAAAA"/>
	<concept_numeric concept_id="1053" units="# children" precise="0"/>
	<concept_name concept_id="1053" name="Parity" locale="en" creator="1" date_created="2005-01-06 00:00:00.0" concept_name_id="1114" voided="0" voided_by="1" uuid="1114BBBBBBBBBBBBBBBBBBBBBBBBBBBBBBBB" concept_name_type="FULLY_SPECIFIED" locale_preferred="true"/>
	<concept_name concept_id="1053" name="Number of delivered children" locale="en" creator="1" date_created="2012-05-26 22:01:13.0" concept_name_id="108616" voided="0" voided_by="1" void_reason="" uuid="108616BBBBBBBBBBBBBBBBBBBBBBBBBBBBBB" locale_preferred="false"/>
	<concept concept_id="1823" retired="0" datatype_id="1" class_id="5" is_set="0" creator="1" date_created="2009-07-13 12:40:52.0" version="" changed_by="1" date_changed="2013-01-04 16:22:15.0" retired_by="1" uuid="1823AAAAAAAAAAAAAAAAAAAAAAAAAAAAAAAA"/>
	<concept_numeric concept_id="1823" units="" precise="0"/>
	<concept_name concept_id="1823" name="Number of abortions/miscarriages" locale="en" creator="1" date_created="2009-07-13 12:40:52.0" concept_name_id="53949" voided="0" voided_by="1" uuid="53949BBBBBBBBBBBBBBBBBBBBBBBBBBBBBBB" concept_name_type="FULLY_SPECIFIED" locale_preferred="true"/>
	<concept concept_id="160080" retired="0" datatype_id="1" class_id="11" is_set="0" creator="1" date_created="2011-02-24 13:40:46.0" version="" changed_by="1" date_changed="2013-01-10 17:31:00.0" retired_by="1" uuid="160080AAAAAAAAAAAAAAAAAAAAAAAAAAAAAA"/>
	<concept_numeric concept_id="160080" units="" precise="0"/>
	<concept_name concept_id="160080" name="number of full term pregnancies" locale="en" creator="1" date_created="2011-02-24 13:40:46.0" concept_name_id="107792" voided="0" voided_by="1" uuid="107792BBBBBBBBBBBBBBBBBBBBBBBBBBBBBB" concept_name_type="FULLY_SPECIFIED" locale_preferred="true"/>
	<concept concept_id="160537" retired="0" datatype_id="4" class_id="11" is_set="0" creator="1" date_created="2012-06-12 02:20:21.0" version="" changed_by="1" retired_by="1" uuid="160537AAAAAAAAAAAAAAAAAAAAAAAAAAAAAA"/>
	<concept_name concept_id="160537" name="Pediatric inpatient service" locale="en" creator="1" date_created="2012-06-12 02:20:21.0" concept_name_id="108857" voided="0" voided_by="1" uuid="108857BBBBBBBBBBBBBBBBBBBBBBBBBBBBBB" concept_name_type="FULLY_SPECIFIED" locale_preferred="true"/>
	<concept concept_id="160538" retired="0" datatype_id="4" class_id="11" is_set="0" creator="1" date_created="2012-06-12 02:22:39.0" version="" changed_by="1" date_changed="2012-06-23 14:52:19.0" retired_by="1" uuid="160538AAAAAAAAAAAAAAAAAAAAAAAAAAAAAA"/>
	<concept_name concept_id="160538" name="Prevention of maternal to child transmission program" locale="en" creator="1" date_created="2012-06-12 02:22:39.0" concept_name_id="108858" voided="0" voided_by="1" uuid="108858BBBBBBBBBBBBBBBBBBBBBBBBBBBBBB" concept_name_type="FULLY_SPECIFIED" locale_preferred="true"/>
	<concept_name concept_id="160538" name="PMTCT Program" locale="en" creator="1" date_created="2012-06-12 02:24:26.0" concept_name_id="108861" voided="0" voided_by="1" uuid="108861BBBBBBBBBBBBBBBBBBBBBBBBBBBBBB" concept_name_type="SHORT" locale_preferred="false"/>
	<concept concept_id="703" retired="0" datatype_id="4" class_id="11" is_set="0" creator="1" date_created="2004-01-01 00:00:00.0" version="" changed_by="1" date_changed="2012-08-10 19:13:43.0" retired_by="1" uuid="703AAAAAAAAAAAAAAAAAAAAAAAAAAAAAAAAA"/>
	<concept_name concept_id="703" name="POSITIVE" locale="en" creator="1" date_created="2004-01-01 00:00:00.0" concept_name_id="737" voided="0" voided_by="1" uuid="737BBBBBBBBBBBBBBBBBBBBBBBBBBBBBBBBB" concept_name_type="FULLY_SPECIFIED" locale_preferred="true"/>
	<concept_name concept_id="703" name="POS" locale="en" creator="1" date_created="2004-10-20 00:00:00.0" concept_name_id="96670" voided="0" voided_by="1" void_reason="" uuid="96670BBBBBBBBBBBBBBBBBBBBBBBBBBBBBBB" locale_preferred="false"/>
	<concept_name concept_id="703" name="(+)" locale="en" creator="1" date_created="2004-12-02 00:00:00.0" concept_name_id="87073" voided="0" voided_by="1" void_reason="" uuid="87073BBBBBBBBBBBBBBBBBBBBBBBBBBBBBBB" locale_preferred="false"/>
	<concept_name concept_id="703" name="+" locale="en" creator="1" date_created="2004-12-02 00:00:00.0" concept_name_id="87075" voided="0" voided_by="1" void_reason="" uuid="87075BBBBBBBBBBBBBBBBBBBBBBBBBBBBBBB" locale_preferred="false"/>
	<concept concept_id="5272" retired="0" datatype_id="2" class_id="7" is_set="0" creator="1" date_created="2004-08-12 00:00:00.0" version="" changed_by="1" date_changed="2013-05-22 14:16:12.0" retired_by="1" uuid="5272AAAAAAAAAAAAAAAAAAAAAAAAAAAAAAAA"/>
	<concept_name concept_id="5272" name="PREGNANCY STATUS" locale="en" creator="1" date_created="2004-08-12 00:00:00.0" concept_name_id="2378" voided="0" voided_by="1" uuid="2378BBBBBBBBBBBBBBBBBBBBBBBBBBBBBBBB" concept_name_type="FULLY_SPECIFIED" locale_preferred="true"/>
	<concept_name concept_id="5272" name="Patient pregnant" locale="en" creator="1" date_created="2012-05-26 21:56:53.0" concept_name_id="108615" voided="0" voided_by="1" void_reason="" uuid="108615BBBBBBBBBBBBBBBBBBBBBBBBBBBBBB" locale_preferred="false"/>
	<concept concept_id="1713" retired="0" datatype_id="10" class_id="11" is_set="0" creator="1" date_created="2009-06-23 21:44:38.0" version="" changed_by="1" date_changed="2012-03-04 19:25:49.0" retired_by="1" uuid="1713AAAAAAAAAAAAAAAAAAAAAAAAAAAAAAAA"/>
	<concept_name concept_id="1713" name="Primary school (completed)" locale="en" creator="1" date_created="2012-03-04 19:25:48.0" concept_name_id="108346" voided="0" voided_by="1" uuid="108346BBBBBBBBBBBBBBBBBBBBBBBBBBBBBB" locale_preferred="false"/>
	<concept_name concept_id="1713" name="PRIMARY SCHOOL EDUCATION" locale="en" creator="1" date_created="2009-06-23 21:44:38.0" concept_name_id="1993" voided="0" voided_by="1" uuid="1993BBBBBBBBBBBBBBBBBBBBBBBBBBBBBBBB" concept_name_type="FULLY_SPECIFIED" locale_preferred="true"/>
	<concept_name concept_id="1713" name="Primary Education" locale="en" creator="1" date_created="2009-06-23 21:44:38.0" concept_name_id="86996" voided="0" voided_by="1" uuid="86996BBBBBBBBBBBBBBBBBBBBBBBBBBBBBBB" concept_name_type="SHORT" locale_preferred="false"/>
	<concept concept_id="42" retired="0" datatype_id="10" class_id="4" is_set="0" creator="1" date_created="2004-01-01 00:00:00.0" version="" changed_by="1" date_changed="2012-07-13 17:27:51.0" retired_by="1" uuid="42AAAAAAAAAAAAAAAAAAAAAAAAAAAAAAAAAA"/>
	<concept_name concept_id="42" name="PNEUMONIA, TUBERCULOUS" locale="en" creator="1" date_created="2004-01-01 00:00:00.0" concept_name_id="49" voided="0" voided_by="1" uuid="49BBBBBBBBBBBBBBBBBBBBBBBBBBBBBBBBBB" concept_name_type="FULLY_SPECIFIED" locale_preferred="true"/>
	<concept_name concept_id="42" name="PTB" locale="en" creator="1" date_created="2005-02-14 05:55:39.0" concept_name_id="97069" voided="0" voided_by="1" void_reason="" uuid="97069BBBBBBBBBBBBBBBBBBBBBBBBBBBBBBB" locale_preferred="false"/>
	<concept_name concept_id="42" name="mycobacterium tuberculosis, pulmonary" locale="en" creator="1" date_created="2010-04-26 18:28:28.0" concept_name_id="105674" voided="0" voided_by="1" void_reason="" uuid="105674BBBBBBBBBBBBBBBBBBBBBBBBBBBBBB" locale_preferred="false"/>
	<concept_name concept_id="42" name="TB PNEUMONIA" locale="en" creator="1" date_created="2005-02-14 05:53:07.0" concept_name_id="98719" voided="0" voided_by="1" void_reason="" uuid="98719BBBBBBBBBBBBBBBBBBBBBBBBBBBBBBB" locale_preferred="false"/>
	<concept_name concept_id="42" name="pulmonary tuberculosis" locale="en" creator="1" date_created="2010-04-26 18:28:28.0" concept_name_id="105673" voided="0" voided_by="1" void_reason="" uuid="105673BBBBBBBBBBBBBBBBBBBBBBBBBBBBBB" locale_preferred="false"/>
	<concept_name concept_id="42" name="PULMONARY TB" locale="en" creator="1" date_created="2005-02-14 05:55:39.0" concept_name_id="97085" voided="0" voided_by="1" void_reason="" uuid="97085BBBBBBBBBBBBBBBBBBBBBBBBBBBBBBB" locale_preferred="false"/>
	<concept concept_id="161555" retired="0" datatype_id="2" class_id="11" is_set="0" creator="1" date_created="2013-01-24 19:52:40.0" version="" changed_by="1" retired_by="1" uuid="161555AAAAAAAAAAAAAAAAAAAAAAAAAAAAAA"/>
	<concept_name concept_id="161555" name="Reason for discontinuation of program" locale="en" creator="1" date_created="2013-01-24 19:52:40.0" concept_name_id="111179" voided="0" voided_by="1" uuid="111179BBBBBBBBBBBBBBBBBBBBBBBBBBBBBB" concept_name_type="FULLY_SPECIFIED" locale_preferred="true"/>
	<concept concept_id="159371" retired="0" datatype_id="2" class_id="5" is_set="0" creator="1" date_created="2010-08-24 13:50:39.0" version="" changed_by="1" date_changed="2011-05-11 15:37:37.0" retired_by="1" uuid="159371AAAAAAAAAAAAAAAAAAAAAAAAAAAAAA"/>
	<concept_name concept_id="159371" name="Referring clinic or hospital" locale="en" creator="1" date_created="2010-08-24 13:50:39.0" concept_name_id="106441" voided="0" voided_by="1" uuid="106441BBBBBBBBBBBBBBBBBBBBBBBBBBBBBB" concept_name_type="FULLY_SPECIFIED" locale_preferred="true"/>
	<concept concept_id="159877" retired="0" datatype_id="4" class_id="4" is_set="0" creator="1" date_created="2010-11-23 13:55:21.0" version="" changed_by="1" date_changed="2011-02-17 19:02:45.0" retired_by="1" uuid="159877AAAAAAAAAAAAAAAAAAAAAAAAAAAAAA"/>
	<concept_name concept_id="159877" name="relapse, smear positive tuberculosis" locale="en" creator="1" date_created="2010-11-23 13:55:21.0" concept_name_id="107366" voided="0" voided_by="1" uuid="107366BBBBBBBBBBBBBBBBBBBBBBBBBBBBBB" concept_name_type="FULLY_SPECIFIED" locale_preferred="true"/>
	<concept concept_id="159982" retired="0" datatype_id="2" class_id="1" is_set="0" creator="1" date_created="2010-12-16 14:26:55.0" version="" changed_by="1" date_changed="2011-02-05 21:32:12.0" retired_by="1" uuid="159982AAAAAAAAAAAAAAAAAAAAAAAAAAAAAA"/>
	<concept_name concept_id="159982" name="results, tuberculosis culture" locale="en" creator="1" date_created="2010-12-16 14:26:55.0" concept_name_id="107549" voided="0" voided_by="1" uuid="107549BBBBBBBBBBBBBBBBBBBBBBBBBBBBBB" concept_name_type="FULLY_SPECIFIED" locale_preferred="true"/>
	<concept concept_id="159873" retired="0" datatype_id="4" class_id="11" is_set="0" creator="1" date_created="2010-11-23 13:39:16.0" version="" changed_by="1" retired_by="1" uuid="159873AAAAAAAAAAAAAAAAAAAAAAAAAAAAAA"/>
	<concept_name concept_id="159873" name="retreatment after default, tuberculosis" locale="en" creator="1" date_created="2010-11-23 13:39:16.0" concept_name_id="107361" voided="0" voided_by="1" uuid="107361BBBBBBBBBBBBBBBBBBBBBBBBBBBBBB" concept_name_type="FULLY_SPECIFIED" locale_preferred="true"/>
	<concept_name concept_id="159873" name="RAD" locale="en" creator="1" date_created="2010-11-23 13:39:16.0" concept_name_id="107362" voided="0" voided_by="1" uuid="107362BBBBBBBBBBBBBBBBBBBBBBBBBBBBBB" concept_name_type="SHORT" locale_preferred="false"/>
	<concept concept_id="5096" retired="0" datatype_id="6" class_id="11" is_set="0" creator="1" date_created="2004-08-12 00:00:00.0" version="" changed_by="1" date_changed="2012-05-31 17:42:13.0" retired_by="1" uuid="5096AAAAAAAAAAAAAAAAAAAAAAAAAAAAAAAA"/>
	<concept_name concept_id="5096" name="Next scheduled visit" locale="en" creator="1" date_created="2012-05-31 17:42:13.0" concept_name_id="108642" voided="0" voided_by="1" uuid="108642BBBBBBBBBBBBBBBBBBBBBBBBBBBBBB" locale_preferred="false"/>
	<concept_name concept_id="5096" name="RETURN VISIT DATE" locale="en" creator="1" date_created="2004-08-12 00:00:00.0" concept_name_id="2200" voided="0" voided_by="1" uuid="2200BBBBBBBBBBBBBBBBBBBBBBBBBBBBBBBB" concept_name_type="FULLY_SPECIFIED" locale_preferred="true"/>
	<concept_name concept_id="5096" name="Appointment date" locale="en" creator="1" date_created="2012-05-31 17:42:13.0" concept_name_id="108641" voided="0" voided_by="1" void_reason="" uuid="108641BBBBBBBBBBBBBBBBBBBBBBBBBBBBBB" locale_preferred="false"/>
	<concept concept_id="1246" retired="0" datatype_id="10" class_id="7" is_set="0" creator="1" date_created="2005-02-22 10:55:28.0" version="" changed_by="1" date_changed="2011-05-30 19:41:30.0" retired_by="1" uuid="1246AAAAAAAAAAAAAAAAAAAAAAAAAAAAAAAA"/>
	<concept_name concept_id="1246" name="SCHEDULED VISIT" locale="en" creator="1" date_created="2005-02-22 10:55:28.0" concept_name_id="1325" voided="0" voided_by="1" uuid="1325BBBBBBBBBBBBBBBBBBBBBBBBBBBBBBBB" concept_name_type="FULLY_SPECIFIED" locale_preferred="true"/>
	<concept concept_id="1714" retired="0" datatype_id="10" class_id="11" is_set="0" creator="1" date_created="2009-06-23 21:45:06.0" version="" changed_by="1" date_changed="2012-03-06 14:10:15.0" retired_by="1" uuid="1714AAAAAAAAAAAAAAAAAAAAAAAAAAAAAAAA"/>
	<concept_name concept_id="1714" name="Secondary school education completed" locale="en" creator="1" date_created="2012-03-06 14:05:44.0" concept_name_id="108355" voided="0" voided_by="1" void_reason="" uuid="108355BBBBBBBBBBBBBBBBBBBBBBBBBBBBBB" locale_preferred="false"/>
	<concept_name concept_id="1714" name="Secondary Education" locale="en" creator="1" date_created="2009-06-23 21:45:06.0" concept_name_id="86997" voided="0" voided_by="1" uuid="86997BBBBBBBBBBBBBBBBBBBBBBBBBBBBBBB" concept_name_type="SHORT" locale_preferred="false"/>
	<concept_name concept_id="1714" name="SECONDARY SCHOOL EDUCATION" locale="en" creator="1" date_created="2009-06-23 21:45:06.0" concept_name_id="1994" voided="0" voided_by="1" uuid="1994BBBBBBBBBBBBBBBBBBBBBBBBBBBBBBBB" concept_name_type="FULLY_SPECIFIED" locale_preferred="true"/>
	<concept concept_id="159524" retired="0" datatype_id="4" class_id="11" is_set="0" creator="1" date_created="2010-09-02 16:46:06.0" version="" changed_by="1" date_changed="2012-06-15 13:54:47.0" retired_by="1" uuid="159524AAAAAAAAAAAAAAAAAAAAAAAAAAAAAA"/>
	<concept_name concept_id="159524" name="Sexual abstinence" locale="en" creator="1" date_created="2010-09-02 16:46:06.0" concept_name_id="106629" voided="0" voided_by="1" uuid="106629BBBBBBBBBBBBBBBBBBBBBBBBBBBBBB" concept_name_type="FULLY_SPECIFIED" locale_preferred="true"/>
	<concept_name concept_id="159524" name="Not sexually active" locale="en" creator="1" date_created="2012-06-07 19:41:21.0" concept_name_id="108703" voided="0" voided_by="1" void_reason="" uuid="108703BBBBBBBBBBBBBBBBBBBBBBBBBBBBBB" locale_preferred="false"/>
	<concept_name concept_id="159524" name="Celibate" locale="en" creator="1" date_created="2012-06-07 19:41:21.0" concept_name_id="108704" voided="0" voided_by="1" void_reason="" uuid="108704BBBBBBBBBBBBBBBBBBBBBBBBBBBBBB" locale_preferred="false"/>
	<concept concept_id="1728" retired="0" datatype_id="2" class_id="11" is_set="0" creator="1" date_created="2009-06-24 16:51:15.0" version="" changed_by="1" date_changed="2013-02-22 20:39:10.0" retired_by="1" uuid="1728AAAAAAAAAAAAAAAAAAAAAAAAAAAAAAAA"/>
	<concept_name concept_id="1728" name="sign/symptom" locale="en" creator="1" date_created="2009-06-24 16:51:15.0" concept_name_id="87010" voided="0" voided_by="1" uuid="87010BBBBBBBBBBBBBBBBBBBBBBBBBBBBBBB" concept_name_type="SHORT" locale_preferred="false"/>
	<concept_name concept_id="1728" name="SIGN/SYMPTOM NAME" locale="en" creator="1" date_created="2009-06-24 16:51:15.0" concept_name_id="2008" voided="0" voided_by="1" uuid="2008BBBBBBBBBBBBBBBBBBBBBBBBBBBBBBBB" concept_name_type="FULLY_SPECIFIED" locale_preferred="true"/>
	<concept concept_id="1729" retired="0" datatype_id="2" class_id="7" is_set="0" creator="1" date_created="2009-06-24 16:52:38.0" version="" changed_by="1" date_changed="2013-03-12 23:39:46.0" retired_by="1" uuid="1729AAAAAAAAAAAAAAAAAAAAAAAAAAAAAAAA"/>
	<concept_name concept_id="1729" name="sign/symptom?" locale="en" creator="1" date_created="2009-06-24 16:52:38.0" concept_name_id="87011" voided="0" voided_by="1" uuid="87011BBBBBBBBBBBBBBBBBBBBBBBBBBBBBBB" concept_name_type="SHORT" locale_preferred="false"/>
	<concept_name concept_id="1729" name="SIGN/SYMPTOM PRESENT" locale="en" creator="1" date_created="2009-06-24 16:52:38.0" concept_name_id="2009" voided="0" voided_by="1" uuid="2009BBBBBBBBBBBBBBBBBBBBBBBBBBBBBBBB" concept_name_type="FULLY_SPECIFIED" locale_preferred="true"/>
	<concept concept_id="160040" retired="0" datatype_id="2" class_id="7" is_set="0" creator="1" date_created="2011-01-17 21:06:31.0" version="" changed_by="1" retired_by="1" uuid="160040AAAAAAAAAAAAAAAAAAAAAAAAAAAAAA"/>
	<concept_name concept_id="160040" name="Site of tuberculosis disease" locale="en" creator="1" date_created="2011-01-17 21:06:31.0" concept_name_id="107700" voided="0" voided_by="1" uuid="107700BBBBBBBBBBBBBBBBBBBBBBBBBBBBBB" concept_name_type="FULLY_SPECIFIED" locale_preferred="true"/>
	<concept_name concept_id="160040" name="TB site" locale="en" creator="1" date_created="2011-01-17 21:06:31.0" concept_name_id="107701" voided="0" voided_by="1" uuid="107701BBBBBBBBBBBBBBBBBBBBBBBBBBBBBB" concept_name_type="SHORT" locale_preferred="false"/>
	<concept concept_id="159878" retired="0" datatype_id="4" class_id="4" is_set="0" creator="1" date_created="2010-11-23 13:57:40.0" version="" changed_by="1" date_changed="2013-02-20 21:27:33.0" retired_by="1" uuid="159878AAAAAAAAAAAAAAAAAAAAAAAAAAAAAA"/>
	<concept_name concept_id="159878" name="smear positive, new tuberculosis patient" locale="en" creator="1" date_created="2010-11-23 13:57:40.0" concept_name_id="107367" voided="0" voided_by="1" uuid="107367BBBBBBBBBBBBBBBBBBBBBBBBBBBBBB" concept_name_type="FULLY_SPECIFIED" locale_preferred="true"/>
	<concept concept_id="105281" retired="0" datatype_id="4" class_id="3" is_set="0" creator="1" date_created="2007-03-11 00:00:00.0" version="" changed_by="1" date_changed="2013-06-24 12:29:50.0" retired_by="1" uuid="105281AAAAAAAAAAAAAAAAAAAAAAAAAAAAAA"/>
	<concept_name concept_id="105281" name="SULFAMETHOXAZOLE / TRIMETHOPRIM" locale="en" creator="1" date_created="2007-03-11 00:00:00.0" concept_name_id="10699" voided="0" voided_by="1" uuid="10699BBBBBBBBBBBBBBBBBBBBBBBBBBBBBBB" concept_name_type="FULLY_SPECIFIED" locale_preferred="true"/>
	<concept_name concept_id="105281" name="Sulfatrim" locale="en" creator="1" date_created="2007-10-18 09:35:54.0" concept_name_id="98491" voided="0" voided_by="1" void_reason="" uuid="98491BBBBBBBBBBBBBBBBBBBBBBBBBBBBBBB" locale_preferred="false"/>
	<concept_name concept_id="105281" name="SMX-TMP" locale="en" creator="1" date_created="2007-06-28 17:13:40.0" concept_name_id="98179" voided="0" voided_by="1" void_reason="" uuid="98179BBBBBBBBBBBBBBBBBBBBBBBBBBBBBBB" locale_preferred="false"/>
	<concept_name concept_id="105281" name="Cotrim" locale="en" creator="1" date_created="2007-10-18 09:35:54.0" concept_name_id="90027" voided="0" voided_by="1" void_reason="" uuid="90027BBBBBBBBBBBBBBBBBBBBBBBBBBBBBBB" locale_preferred="false"/>
	<concept_name concept_id="105281" name="Septra" locale="en" creator="1" date_created="2007-10-18 09:35:54.0" concept_name_id="97999" voided="0" voided_by="1" void_reason="" uuid="97999BBBBBBBBBBBBBBBBBBBBBBBBBBBBBBB" locale_preferred="false"/>
	<concept_name concept_id="105281" name="Co-trimoxazole" locale="en" creator="1" date_created="2012-10-11 13:07:20.0" concept_name_id="110406" voided="0" voided_by="1" void_reason="" uuid="110406BBBBBBBBBBBBBBBBBBBBBBBBBBBBBB" locale_preferred="false"/>
	<concept_name concept_id="105281" name="Cotrimoxazole" locale="en" creator="1" date_created="2013-06-24 12:29:50.0" concept_name_id="124262" voided="0" voided_by="1" uuid="124262BBBBBBBBBBBBBBBBBBBBBBBBBBBBBB" locale_preferred="false"/>
	<concept_name concept_id="105281" name="Bactrim" locale="en" creator="1" date_created="2007-10-18 09:35:54.0" concept_name_id="88448" voided="0" voided_by="1" void_reason="" uuid="88448BBBBBBBBBBBBBBBBBBBBBBBBBBBBBBB" locale_preferred="false"/>
	<concept_name concept_id="105281" name="CTX" locale="en" creator="1" date_created="2013-06-24 12:29:50.0" concept_name_id="124261" voided="0" voided_by="1" uuid="124261BBBBBBBBBBBBBBBBBBBBBBBBBBBBBB" locale_preferred="false"/>
	<concept_name concept_id="105281" name="Septrin" locale="en" creator="1" date_created="2007-10-18 09:35:54.0" concept_name_id="98001" voided="0" voided_by="1" void_reason="" uuid="98001BBBBBBBBBBBBBBBBBBBBBBBBBBBBBBB" locale_preferred="false"/>
	<concept concept_id="307" retired="0" datatype_id="2" class_id="1" is_set="0" creator="1" date_created="2004-01-01 00:00:00.0" version="" changed_by="1" date_changed="2013-05-08 14:29:44.0" retired_by="1" uuid="307AAAAAAAAAAAAAAAAAAAAAAAAAAAAAAAAA"/>
	<concept_name concept_id="307" name="SPUTUM FOR ACID FAST BACILLI" locale="en" creator="1" date_created="2004-01-01 00:00:00.0" concept_name_id="337" voided="0" voided_by="1" uuid="337BBBBBBBBBBBBBBBBBBBBBBBBBBBBBBBBB" concept_name_type="FULLY_SPECIFIED" locale_preferred="true"/>
	<concept_name concept_id="307" name="SPUTUM FOR AFB" locale="en" creator="1" date_created="2005-01-22 00:00:00.0" concept_name_id="98302" voided="0" voided_by="1" void_reason="" uuid="98302BBBBBBBBBBBBBBBBBBBBBBBBBBBBBBB" locale_preferred="false"/>
	<concept_name concept_id="307" name="AFB SMEAR SPUTUM" locale="en" creator="1" date_created="2004-10-20 00:00:00.0" concept_name_id="87383" voided="0" voided_by="1" void_reason="" uuid="87383BBBBBBBBBBBBBBBBBBBBBBBBBBBBBBB" locale_preferred="false"/>
	<concept concept_id="1271" retired="0" datatype_id="2" class_id="7" is_set="0" creator="1" date_created="2005-02-22 20:43:57.0" version="" changed_by="1" date_changed="2011-09-24 13:45:31.0" retired_by="1" uuid="1271AAAAAAAAAAAAAAAAAAAAAAAAAAAAAAAA"/>
	<concept_name concept_id="1271" name="TESTS ORDERED" locale="en" creator="1" date_created="2005-02-22 20:43:57.0" concept_name_id="1351" voided="0" voided_by="1" uuid="1351BBBBBBBBBBBBBBBBBBBBBBBBBBBBBBBB" concept_name_type="FULLY_SPECIFIED" locale_preferred="true"/>
	<concept concept_id="1659" retired="0" datatype_id="2" class_id="5" is_set="0" creator="1" date_created="2009-04-23 21:30:08.0" version="" changed_by="1" date_changed="2012-07-05 15:23:27.0" retired_by="1" uuid="1659AAAAAAAAAAAAAAAAAAAAAAAAAAAAAAAA"/>
	<concept_name concept_id="1659" name="tb disease status" locale="en" creator="1" date_created="2009-04-23 21:30:08.0" concept_name_id="86942" voided="0" voided_by="1" uuid="86942BBBBBBBBBBBBBBBBBBBBBBBBBBBBBBB" concept_name_type="SHORT" locale_preferred="false"/>
	<concept_name concept_id="1659" name="TUBERCULOSIS DISEASE STATUS" locale="en" creator="1" date_created="2009-04-23 21:30:08.0" concept_name_id="1939" voided="0" voided_by="1" uuid="1939BBBBBBBBBBBBBBBBBBBBBBBBBBBBBBBB" concept_name_type="FULLY_SPECIFIED" locale_preferred="true"/>
	<concept concept_id="1113" retired="0" datatype_id="6" class_id="7" is_set="0" creator="1" date_created="2005-01-12 00:00:00.0" version="" changed_by="1" date_changed="2011-05-26 16:00:14.0" retired_by="1" uuid="1113AAAAAAAAAAAAAAAAAAAAAAAAAAAAAAAA"/>
	<concept_name concept_id="1113" name="TUBERCULOSIS DRUG TREATMENT START DATE" locale="en" creator="1" date_created="2005-01-12 00:00:00.0" concept_name_id="1188" voided="0" voided_by="1" uuid="1188BBBBBBBBBBBBBBBBBBBBBBBBBBBBBBBB" concept_name_type="FULLY_SPECIFIED" locale_preferred="true"/>
	<concept_name concept_id="1113" name="TB DRUG START DATE" locale="en" creator="1" date_created="2005-02-07 00:00:00.0" concept_name_id="98718" voided="0" voided_by="1" uuid="98718BBBBBBBBBBBBBBBBBBBBBBBBBBBBBBB" locale_preferred="false"/>
	<concept concept_id="160021" retired="0" datatype_id="4" class_id="10" is_set="1" creator="1" date_created="2011-01-17 16:39:36.0" version="" changed_by="1" date_changed="2011-06-01 20:35:26.0" retired_by="1" uuid="160021AAAAAAAAAAAAAAAAAAAAAAAAAAAAAA"/>
	<concept_set concept_set_id="375" concept_id="78280" concept_set="160021" sort_weight="0.0" creator="1" date_created="2011-01-17 16:39:36.0" uuid="375AEEEEEEEEEEEEEEEEEEEEEEEEEEEEEEEE"/>
	<concept_set concept_set_id="76" concept_id="767" concept_set="160021" sort_weight="1.0" creator="1" date_created="2011-01-17 16:39:36.0" uuid="76AEEEEEEEEEEEEEEEEEEEEEEEEEEEEEEEEE"/>
	<concept_set concept_set_id="365" concept_id="75948" concept_set="160021" sort_weight="2.0" creator="1" date_created="2011-01-17 16:39:36.0" uuid="365AEEEEEEEEEEEEEEEEEEEEEEEEEEEEEEEE"/>
	<concept_set concept_set_id="394" concept_id="82900" concept_set="160021" sort_weight="3.0" creator="1" date_created="2011-01-17 16:39:36.0" uuid="394AEEEEEEEEEEEEEEEEEEEEEEEEEEEEEEEE"/>
	<concept_set concept_set_id="400" concept_id="84360" concept_set="160021" sort_weight="4.0" creator="1" date_created="2011-01-17 16:39:36.0" uuid="400AEEEEEEEEEEEEEEEEEEEEEEEEEEEEEEEE"/>
	<concept_set concept_set_id="358" concept_id="72794" concept_set="160021" sort_weight="5.0" creator="1" date_created="2011-01-17 16:39:36.0" uuid="358AEEEEEEEEEEEEEEEEEEEEEEEEEEEEEEEE"/>
	<concept_set concept_set_id="376" concept_id="78385" concept_set="160021" sort_weight="6.0" creator="1" date_created="2011-01-17 16:39:36.0" uuid="376AEEEEEEEEEEEEEEEEEEEEEEEEEEEEEEEE"/>
	<concept_set concept_set_id="357" concept_id="71060" concept_set="160021" sort_weight="7.0" creator="1" date_created="2011-01-17 16:39:36.0" uuid="357AEEEEEEEEEEEEEEEEEEEEEEEEEEEEEEEE"/>
	<concept_set concept_set_id="361" concept_id="73449" concept_set="160021" sort_weight="8.0" creator="1" date_created="2011-01-17 16:39:36.0" uuid="361AEEEEEEEEEEEEEEEEEEEEEEEEEEEEEEEE"/>
	<concept_set concept_set_id="385" concept_id="81022" concept_set="160021" sort_weight="9.0" creator="1" date_created="2011-01-17 16:39:36.0" uuid="385AEEEEEEEEEEEEEEEEEEEEEEEEEEEEEEEE"/>
	<concept_set concept_set_id="378" concept_id="78788" concept_set="160021" sort_weight="10.0" creator="1" date_created="2011-01-17 16:39:36.0" uuid="378AEEEEEEEEEEEEEEEEEEEEEEEEEEEEEEEE"/>
	<concept_set concept_set_id="383" concept_id="80133" concept_set="160021" sort_weight="11.0" creator="1" date_created="2011-01-17 16:39:36.0" uuid="383AEEEEEEEEEEEEEEEEEEEEEEEEEEEEEEEE"/>
	<concept_set concept_set_id="366" concept_id="75976" concept_set="160021" sort_weight="12.0" creator="1" date_created="2011-01-17 16:39:36.0" uuid="366AEEEEEEEEEEEEEEEEEEEEEEEEEEEEEEEE"/>
	<concept_set concept_set_id="364" concept_id="74123" concept_set="160021" sort_weight="13.0" creator="1" date_created="2011-01-17 16:39:36.0" uuid="364AEEEEEEEEEEEEEEEEEEEEEEEEEEEEEEEE"/>
	<concept_set concept_set_id="386" concept_id="81457" concept_set="160021" sort_weight="14.0" creator="1" date_created="2011-01-17 16:39:36.0" uuid="386AEEEEEEEEEEEEEEEEEEEEEEEEEEEEEEEE"/>
	<concept_set concept_set_id="393" concept_id="82772" concept_set="160021" sort_weight="15.0" creator="1" date_created="2011-01-17 16:39:36.0" uuid="393AEEEEEEEEEEEEEEEEEEEEEEEEEEEEEEEE"/>
	<concept_set concept_set_id="619" concept_id="160019" concept_set="160021" sort_weight="16.0" creator="1" date_created="2011-01-17 16:39:36.0" uuid="619AEEEEEEEEEEEEEEEEEEEEEEEEEEEEEEEE"/>
	<concept_set concept_set_id="48" concept_id="450" concept_set="160021" sort_weight="17.0" creator="1" date_created="2011-01-17 16:39:36.0" uuid="48AEEEEEEEEEEEEEEEEEEEEEEEEEEEEEEEEE"/>
	<concept_set concept_set_id="362" concept_id="73498" concept_set="160021" sort_weight="18.0" creator="1" date_created="2011-01-17 16:39:36.0" uuid="362AEEEEEEEEEEEEEEEEEEEEEEEEEEEEEEEE"/>
	<concept_set concept_set_id="396" concept_id="83352" concept_set="160021" sort_weight="19.0" creator="1" date_created="2011-01-17 16:39:36.0" uuid="396AEEEEEEEEEEEEEEEEEEEEEEEEEEEEEEEE"/>
	<concept_set concept_set_id="363" concept_id="73581" concept_set="160021" sort_weight="20.0" creator="1" date_created="2011-01-17 16:39:36.0" uuid="363AEEEEEEEEEEEEEEEEEEEEEEEEEEEEEEEE"/>
	<concept_set concept_set_id="401" concept_id="84836" concept_set="160021" sort_weight="21.0" creator="1" date_created="2011-01-17 16:39:36.0" uuid="401AEEEEEEEEEEEEEEEEEEEEEEEEEEEEEEEE"/>
	<concept_set concept_set_id="620" concept_id="160020" concept_set="160021" sort_weight="22.0" creator="1" date_created="2011-01-17 16:39:36.0" uuid="620AEEEEEEEEEEEEEEEEEEEEEEEEEEEEEEEE"/>
	<concept_set concept_set_id="395" concept_id="82912" concept_set="160021" sort_weight="23.0" creator="1" date_created="2011-01-17 16:39:36.0" uuid="395AEEEEEEEEEEEEEEEEEEEEEEEEEEEEEEEE"/>
	<concept_set concept_set_id="367" concept_id="76835" concept_set="160021" sort_weight="24.0" creator="1" date_created="2011-01-17 16:39:36.0" uuid="367AEEEEEEEEEEEEEEEEEEEEEEEEEEEEEEEE"/>
	<concept_name concept_id="160021" name="TB drugs" locale="en" creator="1" date_created="2011-01-17 16:39:36.0" concept_name_id="107672" voided="0" voided_by="1" uuid="107672BBBBBBBBBBBBBBBBBBBBBBBBBBBBBB" locale_preferred="false"/>
	<concept_name concept_id="160021" name="tuberculosis drugs" locale="en" creator="1" date_created="2011-01-17 16:39:36.0" concept_name_id="107671" voided="0" voided_by="1" uuid="107671BBBBBBBBBBBBBBBBBBBBBBBBBBBBBB" concept_name_type="FULLY_SPECIFIED" locale_preferred="true"/>
	<concept concept_id="78280" retired="0" datatype_id="4" class_id="3" is_set="0" creator="1" date_created="2006-12-17 00:00:00.0" version="" changed_by="1" date_changed="2011-06-10 16:08:20.0" retired_by="1" uuid="78280AAAAAAAAAAAAAAAAAAAAAAAAAAAAAAA"/>
	<concept_name concept_id="78280" name="Soniazio" locale="en" creator="1" date_created="2007-10-18 09:35:54.0" concept_name_id="98233" voided="0" voided_by="1" uuid="98233BBBBBBBBBBBBBBBBBBBBBBBBBBBBBBB" locale_preferred="false"/>
	<concept_name concept_id="78280" name="ISONIAZID" locale="en" creator="1" date_created="2006-12-17 00:00:00.0" concept_name_id="6234" voided="0" voided_by="1" uuid="6234BBBBBBBBBBBBBBBBBBBBBBBBBBBBBBBB" concept_name_type="FULLY_SPECIFIED" locale_preferred="true"/>
	<concept_name concept_id="78280" name="Tubizid" locale="en" creator="1" date_created="2007-10-18 09:35:54.0" concept_name_id="99380" voided="0" voided_by="1" uuid="99380BBBBBBBBBBBBBBBBBBBBBBBBBBBBBBB" locale_preferred="false"/>
	<concept_name concept_id="78280" name="INH" locale="en" creator="1" date_created="2011-01-17 16:10:35.0" concept_name_id="107647" voided="0" voided_by="1" uuid="107647BBBBBBBBBBBBBBBBBBBBBBBBBBBBBB" concept_name_type="SHORT" locale_preferred="false"/>
	<concept_name concept_id="78280" name="Nydrazid" locale="en" creator="1" date_created="2007-10-18 09:35:54.0" concept_name_id="95598" voided="0" voided_by="1" uuid="95598BBBBBBBBBBBBBBBBBBBBBBBBBBBBBBB" locale_preferred="false"/>
	<concept concept_id="767" retired="0" datatype_id="4" class_id="3" is_set="0" creator="1" date_created="2004-03-20 00:00:00.0" version="" changed_by="1" date_changed="2013-08-18 22:31:59.0" retired_by="1" uuid="767AAAAAAAAAAAAAAAAAAAAAAAAAAAAAAAAA"/>
	<concept_name concept_id="767" name="Rifadin" locale="en" creator="1" date_created="2007-10-18 09:35:54.0" concept_name_id="97551" voided="0" voided_by="1" void_reason="" uuid="97551BBBBBBBBBBBBBBBBBBBBBBBBBBBBBBB" locale_preferred="false"/>
	<concept_name concept_id="767" name="RIFAMPIN" locale="en" creator="1" date_created="2005-01-12 00:00:00.0" concept_name_id="97557" voided="0" voided_by="1" void_reason="" uuid="97557BBBBBBBBBBBBBBBBBBBBBBBBBBBBBBB" locale_preferred="false"/>
	<concept_name concept_id="767" name="Rimactane" locale="en" creator="1" date_created="2007-10-18 09:35:54.0" concept_name_id="97567" voided="0" voided_by="1" void_reason="" uuid="97567BBBBBBBBBBBBBBBBBBBBBBBBBBBBBBB" locale_preferred="false"/>
	<concept_name concept_id="767" name="Rifadin IV" locale="en" creator="1" date_created="2007-10-18 09:35:54.0" concept_name_id="97553" voided="0" voided_by="1" void_reason="" uuid="97553BBBBBBBBBBBBBBBBBBBBBBBBBBBBBBB" locale_preferred="false"/>
	<concept_name concept_id="767" name="RIFAMPICIN" locale="en" creator="1" date_created="2004-03-20 00:00:00.0" concept_name_id="803" voided="0" voided_by="1" uuid="803BBBBBBBBBBBBBBBBBBBBBBBBBBBBBBBBB" concept_name_type="FULLY_SPECIFIED" locale_preferred="true"/>
	<concept_name concept_id="767" name="R" locale="en" creator="1" date_created="2011-01-17 16:16:26.0" concept_name_id="107654" voided="0" voided_by="1" uuid="107654BBBBBBBBBBBBBBBBBBBBBBBBBBBBBB" concept_name_type="SHORT" locale_preferred="false"/>
	<concept concept_id="75948" retired="0" datatype_id="4" class_id="3" is_set="0" creator="1" date_created="2006-12-17 00:00:00.0" version="" changed_by="1" date_changed="2011-05-22 17:38:07.0" retired_by="1" uuid="75948AAAAAAAAAAAAAAAAAAAAAAAAAAAAAAA"/>
	<concept_name concept_id="75948" name="E" locale="en" creator="1" date_created="2011-01-17 16:15:39.0" concept_name_id="107653" voided="0" voided_by="1" uuid="107653BBBBBBBBBBBBBBBBBBBBBBBBBBBBBB" concept_name_type="SHORT" locale_preferred="false"/>
	<concept_name concept_id="75948" name="ETHAMBUTOL" locale="en" creator="1" date_created="2006-12-17 00:00:00.0" concept_name_id="5413" voided="0" voided_by="1" uuid="5413BBBBBBBBBBBBBBBBBBBBBBBBBBBBBBBB" concept_name_type="FULLY_SPECIFIED" locale_preferred="true"/>
	<concept_name concept_id="75948" name="Myambutol" locale="en" creator="1" date_created="2007-10-18 09:35:54.0" concept_name_id="94966" voided="0" voided_by="1" uuid="94966BBBBBBBBBBBBBBBBBBBBBBBBBBBBBBB" locale_preferred="false"/>
	<concept concept_id="82900" retired="0" datatype_id="4" class_id="3" is_set="0" creator="1" date_created="2006-12-17 00:00:00.0" version="" changed_by="1" date_changed="2011-01-17 16:11:51.0" retired_by="1" uuid="82900AAAAAAAAAAAAAAAAAAAAAAAAAAAAAAA"/>
	<concept_name concept_id="82900" name="Z" locale="en" creator="1" date_created="2011-01-17 16:11:51.0" concept_name_id="107648" voided="0" voided_by="1" uuid="107648BBBBBBBBBBBBBBBBBBBBBBBBBBBBBB" concept_name_type="SHORT" locale_preferred="false"/>
	<concept_name concept_id="82900" name="PYRAZINAMIDE" locale="en" creator="1" date_created="2006-12-17 00:00:00.0" concept_name_id="7696" voided="0" voided_by="1" uuid="7696BBBBBBBBBBBBBBBBBBBBBBBBBBBBBBBB" concept_name_type="FULLY_SPECIFIED" locale_preferred="true"/>
	<concept concept_id="84360" retired="0" datatype_id="4" class_id="3" is_set="0" creator="1" date_created="2006-12-17 00:00:00.0" version="" changed_by="1" date_changed="2011-05-22 17:36:10.0" retired_by="1" uuid="84360AAAAAAAAAAAAAAAAAAAAAAAAAAAAAAA"/>
	<concept_name concept_id="84360" name="STREPTOMYCIN" locale="en" creator="1" date_created="2006-12-17 00:00:00.0" concept_name_id="8118" voided="0" voided_by="1" uuid="8118BBBBBBBBBBBBBBBBBBBBBBBBBBBBBBBB" concept_name_type="FULLY_SPECIFIED" locale_preferred="true"/>
	<concept_name concept_id="84360" name="S" locale="en" creator="1" date_created="2011-01-17 16:09:04.0" concept_name_id="107645" voided="0" voided_by="1" uuid="107645BBBBBBBBBBBBBBBBBBBBBBBBBBBBBB" concept_name_type="SHORT" locale_preferred="false"/>
	<concept concept_id="72794" retired="0" datatype_id="4" class_id="3" is_set="0" creator="1" date_created="2006-12-17 00:00:00.0" version="" changed_by="1" date_changed="2011-02-02 05:59:59.0" retired_by="1" uuid="72794AAAAAAAAAAAAAAAAAAAAAAAAAAAAAAA"/>
	<concept_name concept_id="72794" name="CAPREOMYCIN" locale="en" creator="1" date_created="2006-12-17 00:00:00.0" concept_name_id="4355" voided="0" voided_by="1" uuid="4355BBBBBBBBBBBBBBBBBBBBBBBBBBBBBBBB" concept_name_type="FULLY_SPECIFIED" locale_preferred="true"/>
	<concept_name concept_id="72794" name="Capastat" locale="en" creator="1" date_created="2007-10-18 09:35:54.0" concept_name_id="89142" voided="0" voided_by="1" uuid="89142BBBBBBBBBBBBBBBBBBBBBBBBBBBBBBB" locale_preferred="false"/>
	<concept_name concept_id="72794" name="CM" locale="en" creator="1" date_created="2011-01-17 16:09:40.0" concept_name_id="107646" voided="0" voided_by="1" uuid="107646BBBBBBBBBBBBBBBBBBBBBBBBBBBBBB" concept_name_type="SHORT" locale_preferred="false"/>
	<concept concept_id="78385" retired="0" datatype_id="4" class_id="3" is_set="0" creator="1" date_created="2006-12-17 00:00:00.0" version="" changed_by="1" date_changed="2012-09-21 18:25:04.0" retired_by="1" uuid="78385AAAAAAAAAAAAAAAAAAAAAAAAAAAAAAA"/>
	<concept_name concept_id="78385" name="KANAMYCIN" locale="en" creator="1" date_created="2006-12-17 00:00:00.0" concept_name_id="6262" voided="0" voided_by="1" uuid="6262BBBBBBBBBBBBBBBBBBBBBBBBBBBBBBBB" concept_name_type="FULLY_SPECIFIED" locale_preferred="true"/>
	<concept_name concept_id="78385" name="KM" locale="en" creator="1" date_created="2011-01-17 16:14:06.0" concept_name_id="107651" voided="0" voided_by="1" uuid="107651BBBBBBBBBBBBBBBBBBBBBBBBBBBBBB" concept_name_type="SHORT" locale_preferred="false"/>
	<concept_name concept_id="78385" name="Kannasyn" locale="en" creator="1" date_created="2007-10-18 09:35:54.0" concept_name_id="93579" voided="0" voided_by="1" void_reason="" uuid="93579BBBBBBBBBBBBBBBBBBBBBBBBBBBBBBB" locale_preferred="false"/>
	<concept_name concept_id="78385" name="Kantrex" locale="en" creator="1" date_created="2007-10-18 09:35:54.0" concept_name_id="93580" voided="0" voided_by="1" void_reason="" uuid="93580BBBBBBBBBBBBBBBBBBBBBBBBBBBBBBB" locale_preferred="false"/>
	<concept concept_id="71060" retired="0" datatype_id="4" class_id="3" is_set="0" creator="1" date_created="2006-12-17 00:00:00.0" version="" changed_by="1" date_changed="2012-09-20 16:30:51.0" retired_by="1" uuid="71060AAAAAAAAAAAAAAAAAAAAAAAAAAAAAAA"/>
	<concept_name concept_id="71060" name="Amikin Pediatric" locale="en" creator="1" date_created="2007-10-18 09:35:54.0" concept_name_id="87800" voided="0" voided_by="1" void_reason="" uuid="87800BBBBBBBBBBBBBBBBBBBBBBBBBBBBBBB" locale_preferred="false"/>
	<concept_name concept_id="71060" name="Amikacin Sulfate Pediatric Novaplus" locale="en" creator="1" date_created="2007-10-18 09:35:54.0" concept_name_id="87798" voided="0" voided_by="1" void_reason="" uuid="87798BBBBBBBBBBBBBBBBBBBBBBBBBBBBBBB" locale_preferred="false"/>
	<concept_name concept_id="71060" name="AMIKACIN" locale="en" creator="1" date_created="2006-12-17 00:00:00.0" concept_name_id="3738" voided="0" voided_by="1" uuid="3738BBBBBBBBBBBBBBBBBBBBBBBBBBBBBBBB" concept_name_type="FULLY_SPECIFIED" locale_preferred="true"/>
	<concept_name concept_id="71060" name="Amikacin Sulfate Novaplus" locale="en" creator="1" date_created="2007-10-18 09:35:54.0" concept_name_id="87797" voided="0" voided_by="1" void_reason="" uuid="87797BBBBBBBBBBBBBBBBBBBBBBBBBBBBBBB" locale_preferred="false"/>
	<concept_name concept_id="71060" name="AMK" locale="en" creator="1" date_created="2011-01-17 16:12:19.0" concept_name_id="107649" voided="0" voided_by="1" uuid="107649BBBBBBBBBBBBBBBBBBBBBBBBBBBBBB" concept_name_type="SHORT" locale_preferred="false"/>
	<concept_name concept_id="71060" name="Amikin" locale="en" creator="1" date_created="2007-10-18 09:35:54.0" concept_name_id="87799" voided="0" voided_by="1" void_reason="" uuid="87799BBBBBBBBBBBBBBBBBBBBBBBBBBBBBBB" locale_preferred="false"/>
	<concept concept_id="73449" retired="0" datatype_id="4" class_id="3" is_set="0" creator="1" date_created="2006-12-17 00:00:00.0" version="" changed_by="1" date_changed="2012-09-12 13:40:23.0" retired_by="1" uuid="73449AAAAAAAAAAAAAAAAAAAAAAAAAAAAAAA"/>
	<concept_name concept_id="73449" name="Cipro" locale="en" creator="1" date_created="2007-10-18 09:35:54.0" concept_name_id="89585" voided="0" voided_by="1" void_reason="" uuid="89585BBBBBBBBBBBBBBBBBBBBBBBBBBBBBBB" locale_preferred="false"/>
	<concept_name concept_id="73449" name="Cipro I.V." locale="en" creator="1" date_created="2007-10-18 09:35:54.0" concept_name_id="89587" voided="0" voided_by="1" void_reason="" uuid="89587BBBBBBBBBBBBBBBBBBBBBBBBBBBBBBB" locale_preferred="false"/>
	<concept_name concept_id="73449" name="Ciproflaxacin" locale="en" creator="1" date_created="2007-10-18 09:35:54.0" concept_name_id="89590" voided="0" voided_by="1" void_reason="" uuid="89590BBBBBBBBBBBBBBBBBBBBBBBBBBBBBBB" locale_preferred="false"/>
	<concept_name concept_id="73449" name="Ciproxin" locale="en" creator="1" date_created="2007-10-18 09:35:54.0" concept_name_id="89591" voided="0" voided_by="1" void_reason="" uuid="89591BBBBBBBBBBBBBBBBBBBBBBBBBBBBBBB" locale_preferred="false"/>
	<concept_name concept_id="73449" name="CIPROFLOXACIN" locale="en" creator="1" date_created="2006-12-17 00:00:00.0" concept_name_id="4666" voided="0" voided_by="1" uuid="4666BBBBBBBBBBBBBBBBBBBBBBBBBBBBBBBB" concept_name_type="FULLY_SPECIFIED" locale_preferred="true"/>
	<concept_name concept_id="73449" name="Ciloxan" locale="en" creator="1" date_created="2007-10-18 09:35:54.0" concept_name_id="89575" voided="0" voided_by="1" void_reason="" uuid="89575BBBBBBBBBBBBBBBBBBBBBBBBBBBBBBB" locale_preferred="false"/>
	<concept_name concept_id="73449" name="Cipro XR" locale="en" creator="1" date_created="2007-10-18 09:35:54.0" concept_name_id="89588" voided="0" voided_by="1" void_reason="" uuid="89588BBBBBBBBBBBBBBBBBBBBBBBBBBBBBBB" locale_preferred="false"/>
	<concept_name concept_id="73449" name="Proquin" locale="en" creator="1" date_created="2007-10-18 09:35:54.0" concept_name_id="96972" voided="0" voided_by="1" void_reason="" uuid="96972BBBBBBBBBBBBBBBBBBBBBBBBBBBBBBB" locale_preferred="false"/>
	<concept_name concept_id="73449" name="Profloxacin" locale="en" creator="1" date_created="2007-10-18 09:35:54.0" concept_name_id="96894" voided="0" voided_by="1" void_reason="" uuid="96894BBBBBBBBBBBBBBBBBBBBBBBBBBBBBBB" locale_preferred="false"/>
	<concept_name concept_id="73449" name="CPX" locale="en" creator="1" date_created="2010-12-17 21:26:59.0" concept_name_id="107561" voided="0" voided_by="1" uuid="107561BBBBBBBBBBBBBBBBBBBBBBBBBBBBBB" concept_name_type="SHORT" locale_preferred="false"/>
	<concept concept_id="81022" retired="0" datatype_id="4" class_id="3" is_set="0" creator="1" date_created="2006-12-17 00:00:00.0" version="" changed_by="1" date_changed="2012-09-19 23:00:21.0" retired_by="1" uuid="81022AAAAAAAAAAAAAAAAAAAAAAAAAAAAAAA"/>
	<concept_name concept_id="81022" name="OFLOXACIN" locale="en" creator="1" date_created="2006-12-17 00:00:00.0" concept_name_id="7040" voided="0" voided_by="1" uuid="7040BBBBBBBBBBBBBBBBBBBBBBBBBBBBBBBB" concept_name_type="FULLY_SPECIFIED" locale_preferred="true"/>
	<concept_name concept_id="81022" name="Ocuflox" locale="en" creator="1" date_created="2007-10-18 09:35:54.0" concept_name_id="95664" voided="0" voided_by="1" void_reason="" uuid="95664BBBBBBBBBBBBBBBBBBBBBBBBBBBBBBB" locale_preferred="false"/>
	<concept_name concept_id="81022" name="Floxin" locale="en" creator="1" date_created="2007-10-18 09:35:54.0" concept_name_id="92030" voided="0" voided_by="1" void_reason="" uuid="92030BBBBBBBBBBBBBBBBBBBBBBBBBBBBBBB" locale_preferred="false"/>
	<concept_name concept_id="81022" name="Floxin I.V." locale="en" creator="1" date_created="2007-10-18 09:35:54.0" concept_name_id="92031" voided="0" voided_by="1" void_reason="" uuid="92031BBBBBBBBBBBBBBBBBBBBBBBBBBBBBBB" locale_preferred="false"/>
	<concept_name concept_id="81022" name="Floxin Otic" locale="en" creator="1" date_created="2007-10-18 09:35:54.0" concept_name_id="92032" voided="0" voided_by="1" void_reason="" uuid="92032BBBBBBBBBBBBBBBBBBBBBBBBBBBBBBB" locale_preferred="false"/>
	<concept_name concept_id="81022" name="OFX" locale="en" creator="1" date_created="2010-12-17 21:07:00.0" concept_name_id="107554" voided="0" voided_by="1" uuid="107554BBBBBBBBBBBBBBBBBBBBBBBBBBBBBB" concept_name_type="SHORT" locale_preferred="false"/>
	<concept concept_id="78788" retired="0" datatype_id="4" class_id="3" is_set="0" creator="1" date_created="2006-12-17 00:00:00.0" version="" changed_by="1" date_changed="2012-10-05 16:59:28.0" retired_by="1" uuid="78788AAAAAAAAAAAAAAAAAAAAAAAAAAAAAAA"/>
	<concept_name concept_id="78788" name="Levaquin" locale="en" creator="1" date_created="2007-10-18 09:35:54.0" concept_name_id="93922" voided="0" voided_by="1" void_reason="" uuid="93922BBBBBBBBBBBBBBBBBBBBBBBBBBBBBBB" locale_preferred="false"/>
	<concept_name concept_id="78788" name="Quixin" locale="en" creator="1" date_created="2007-10-18 09:35:54.0" concept_name_id="97213" voided="0" voided_by="1" void_reason="" uuid="97213BBBBBBBBBBBBBBBBBBBBBBBBBBBBBBB" locale_preferred="false"/>
	<concept_name concept_id="78788" name="LFX" locale="en" creator="1" date_created="2010-12-17 21:25:25.0" concept_name_id="107559" voided="0" voided_by="1" uuid="107559BBBBBBBBBBBBBBBBBBBBBBBBBBBBBB" concept_name_type="SHORT" locale_preferred="false"/>
	<concept_name concept_id="78788" name="Iquix" locale="en" creator="1" date_created="2007-10-18 09:35:54.0" concept_name_id="93410" voided="0" voided_by="1" void_reason="" uuid="93410BBBBBBBBBBBBBBBBBBBBBBBBBBBBBBB" locale_preferred="false"/>
	<concept_name concept_id="78788" name="LEVOFLOXACIN" locale="en" creator="1" date_created="2006-12-17 00:00:00.0" concept_name_id="6357" voided="0" voided_by="1" uuid="6357BBBBBBBBBBBBBBBBBBBBBBBBBBBBBBBB" concept_name_type="FULLY_SPECIFIED" locale_preferred="true"/>
	<concept concept_id="80133" retired="0" datatype_id="4" class_id="3" is_set="0" creator="1" date_created="2006-12-17 00:00:00.0" version="" changed_by="1" date_changed="2012-09-19 14:10:04.0" retired_by="1" uuid="80133AAAAAAAAAAAAAAAAAAAAAAAAAAAAAAA"/>
	<concept_name concept_id="80133" name="MOXIFLOXACIN" locale="en" creator="1" date_created="2006-12-17 00:00:00.0" concept_name_id="6848" voided="0" voided_by="1" uuid="6848BBBBBBBBBBBBBBBBBBBBBBBBBBBBBBBB" concept_name_type="FULLY_SPECIFIED" locale_preferred="true"/>
	<concept_name concept_id="80133" name="MFX" locale="en" creator="1" date_created="2010-12-17 21:08:35.0" concept_name_id="107556" voided="0" voided_by="1" uuid="107556BBBBBBBBBBBBBBBBBBBBBBBBBBBBBB" concept_name_type="SHORT" locale_preferred="false"/>
	<concept_name concept_id="80133" name="Avelox I.V." locale="en" creator="1" date_created="2007-10-18 09:35:54.0" concept_name_id="88379" voided="0" voided_by="1" void_reason="" uuid="88379BBBBBBBBBBBBBBBBBBBBBBBBBBBBBBB" locale_preferred="false"/>
	<concept_name concept_id="80133" name="Vigamox" locale="en" creator="1" date_created="2007-10-18 09:35:54.0" concept_name_id="100018" voided="0" voided_by="1" void_reason="" uuid="100018BBBBBBBBBBBBBBBBBBBBBBBBBBBBBB" locale_preferred="false"/>
	<concept_name concept_id="80133" name="Avelox" locale="en" creator="1" date_created="2007-10-18 09:35:54.0" concept_name_id="88378" voided="0" voided_by="1" void_reason="" uuid="88378BBBBBBBBBBBBBBBBBBBBBBBBBBBBBBB" locale_preferred="false"/>
	<concept concept_id="75976" retired="0" datatype_id="4" class_id="3" is_set="0" creator="1" date_created="2006-12-17 00:00:00.0" version="" changed_by="1" date_changed="2012-10-04 16:49:37.0" retired_by="1" uuid="75976AAAAAAAAAAAAAAAAAAAAAAAAAAAAAAA"/>
	<concept_name concept_id="75976" name="Ethio" locale="en" creator="1" date_created="2011-01-17 16:29:22.0" concept_name_id="107664" voided="0" voided_by="1" uuid="107664BBBBBBBBBBBBBBBBBBBBBBBBBBBBBB" concept_name_type="SHORT" locale_preferred="false"/>
	<concept_name concept_id="75976" name="Trecator" locale="en" creator="1" date_created="2007-10-18 09:35:54.0" concept_name_id="99131" voided="0" voided_by="1" void_reason="" uuid="99131BBBBBBBBBBBBBBBBBBBBBBBBBBBBBBB" locale_preferred="false"/>
	<concept_name concept_id="75976" name="Trecator-SC" locale="en" creator="1" date_created="2007-10-18 09:35:54.0" concept_name_id="99132" voided="0" voided_by="1" void_reason="" uuid="99132BBBBBBBBBBBBBBBBBBBBBBBBBBBBBBB" locale_preferred="false"/>
	<concept_name concept_id="75976" name="ETHIONAMIDE" locale="en" creator="1" date_created="2006-12-17 00:00:00.0" concept_name_id="5428" voided="0" voided_by="1" uuid="5428BBBBBBBBBBBBBBBBBBBBBBBBBBBBBBBB" concept_name_type="FULLY_SPECIFIED" locale_preferred="true"/>
	<concept concept_id="74123" retired="0" datatype_id="4" class_id="3" is_set="0" creator="1" date_created="2006-12-17 00:00:00.0" version="" changed_by="1" date_changed="2012-10-03 21:50:47.0" retired_by="1" uuid="74123AAAAAAAAAAAAAAAAAAAAAAAAAAAAAAA"/>
	<concept_name concept_id="74123" name="Seromycin" locale="en" creator="1" date_created="2007-10-18 09:35:54.0" concept_name_id="98013" voided="0" voided_by="1" void_reason="" uuid="98013BBBBBBBBBBBBBBBBBBBBBBBBBBBBBBB" locale_preferred="false"/>
	<concept_name concept_id="74123" name="CYCLOSERINE" locale="en" creator="1" date_created="2006-12-17 00:00:00.0" concept_name_id="4871" voided="0" voided_by="1" uuid="4871BBBBBBBBBBBBBBBBBBBBBBBBBBBBBBBB" concept_name_type="FULLY_SPECIFIED" locale_preferred="true"/>
	<concept_name concept_id="74123" name="CS" locale="en" creator="1" date_created="2011-01-17 16:20:39.0" concept_name_id="107658" voided="0" voided_by="1" uuid="107658BBBBBBBBBBBBBBBBBBBBBBBBBBBBBB" concept_name_type="SHORT" locale_preferred="false"/>
	<concept concept_id="81457" retired="0" datatype_id="4" class_id="3" is_set="0" creator="1" date_created="2006-12-17 00:00:00.0" version="" changed_by="1" date_changed="2011-01-17 16:07:41.0" retired_by="1" uuid="81457AAAAAAAAAAAAAAAAAAAAAAAAAAAAAAA"/>
	<concept_name concept_id="81457" name="PAS" locale="en" creator="1" date_created="2011-01-17 16:07:20.0" concept_name_id="107644" voided="0" voided_by="1" uuid="107644BBBBBBBBBBBBBBBBBBBBBBBBBBBBBB" concept_name_type="SHORT" locale_preferred="false"/>
	<concept_name concept_id="81457" name="P-AMINOSALICYLIC ACID" locale="en" creator="1" date_created="2006-12-17 00:00:00.0" concept_name_id="7159" voided="0" voided_by="1" uuid="7159BBBBBBBBBBBBBBBBBBBBBBBBBBBBBBBB" concept_name_type="FULLY_SPECIFIED" locale_preferred="true"/>
	<concept concept_id="82772" retired="0" datatype_id="4" class_id="3" is_set="0" creator="1" date_created="2006-12-17 00:00:00.0" version="" changed_by="1" date_changed="2011-01-17 16:22:29.0" retired_by="1" uuid="82772AAAAAAAAAAAAAAAAAAAAAAAAAAAAAAA"/>
	<concept_name concept_id="82772" name="Prothio" locale="en" creator="1" date_created="2011-01-17 16:22:29.0" concept_name_id="107659" voided="0" voided_by="1" uuid="107659BBBBBBBBBBBBBBBBBBBBBBBBBBBBBB" concept_name_type="SHORT" locale_preferred="false"/>
	<concept_name concept_id="82772" name="PROTHIONAMIDE" locale="en" creator="1" date_created="2006-12-17 00:00:00.0" concept_name_id="7668" voided="0" voided_by="1" uuid="7668BBBBBBBBBBBBBBBBBBBBBBBBBBBBBBBB" concept_name_type="FULLY_SPECIFIED" locale_preferred="true"/>
	<concept concept_id="160019" retired="0" datatype_id="4" class_id="3" is_set="0" creator="1" date_created="2011-01-17 16:28:19.0" version="" changed_by="1" retired_by="1" uuid="160019AAAAAAAAAAAAAAAAAAAAAAAAAAAAAA"/>
	<concept_name concept_id="160019" name="THIACETAZONE" locale="en" creator="1" date_created="2011-01-17 16:28:19.0" concept_name_id="107662" voided="0" voided_by="1" uuid="107662BBBBBBBBBBBBBBBBBBBBBBBBBBBBBB" locale_preferred="false"/>
	<concept_name concept_id="160019" name="THIOACETAZONE" locale="en" creator="1" date_created="2011-01-17 16:28:19.0" concept_name_id="107661" voided="0" voided_by="1" uuid="107661BBBBBBBBBBBBBBBBBBBBBBBBBBBBBB" concept_name_type="FULLY_SPECIFIED" locale_preferred="true"/>
	<concept_name concept_id="160019" name="thiosemicarbazone" locale="en" creator="1" date_created="2011-01-17 16:28:19.0" concept_name_id="107660" voided="0" voided_by="1" uuid="107660BBBBBBBBBBBBBBBBBBBBBBBBBBBBBB" locale_preferred="false"/>
	<concept_name concept_id="160019" name="THA" locale="en" creator="1" date_created="2011-01-17 16:28:19.0" concept_name_id="107663" voided="0" voided_by="1" uuid="107663BBBBBBBBBBBBBBBBBBBBBBBBBBBBBB" concept_name_type="SHORT" locale_preferred="false"/>
	<concept concept_id="450" retired="0" datatype_id="4" class_id="3" is_set="0" creator="1" date_created="2004-01-01 00:00:00.0" version="" changed_by="1" date_changed="2013-07-31 15:28:53.0" retired_by="1" uuid="450AAAAAAAAAAAAAAAAAAAAAAAAAAAAAAAAA"/>
	<concept_name concept_id="450" name="Augmentin" locale="en" creator="1" date_created="2005-02-18 00:41:51.0" concept_name_id="88344" voided="0" voided_by="1" void_reason="" uuid="88344BBBBBBBBBBBBBBBBBBBBBBBBBBBBBBB" locale_preferred="false"/>
	<concept_name concept_id="450" name="AMOXICILLIN AND CLAVULANIC ACID" locale="en" creator="1" date_created="2004-01-01 00:00:00.0" concept_name_id="482" voided="0" voided_by="1" uuid="482BBBBBBBBBBBBBBBBBBBBBBBBBBBBBBBBB" concept_name_type="FULLY_SPECIFIED" locale_preferred="true"/>
	<concept_name concept_id="450" name="AMOXICILLIN / CLAVULANATE" locale="en" creator="1" date_created="2012-09-12 13:45:09.0" concept_name_id="110359" voided="0" voided_by="1" void_reason="" uuid="110359BBBBBBBBBBBBBBBBBBBBBBBBBBBBBB" locale_preferred="false"/>
	<concept_name concept_id="450" name="Augmenting syrup" locale="en" creator="1" date_created="2004-10-20 00:00:00.0" concept_name_id="88347" voided="0" voided_by="1" void_reason="" uuid="88347BBBBBBBBBBBBBBBBBBBBBBBBBBBBBBB" locale_preferred="false"/>
	<concept_name concept_id="450" name="AMX/CLV" locale="en" creator="1" date_created="2011-01-17 16:33:54.0" concept_name_id="107670" voided="0" voided_by="1" uuid="107670BBBBBBBBBBBBBBBBBBBBBBBBBBBBBB" concept_name_type="SHORT" locale_preferred="false"/>
	<concept_name concept_id="450" name="Augmentin Junior" locale="en" creator="1" date_created="2012-09-12 13:46:43.0" concept_name_id="110360" voided="0" voided_by="1" void_reason="" uuid="110360BBBBBBBBBBBBBBBBBBBBBBBBBBBBBB" locale_preferred="false"/>
	<concept concept_id="73498" retired="0" datatype_id="4" class_id="3" is_set="0" creator="1" date_created="2006-12-17 00:00:00.0" version="" changed_by="1" date_changed="2011-01-17 16:31:20.0" retired_by="1" uuid="73498AAAAAAAAAAAAAAAAAAAAAAAAAAAAAAA"/>
	<concept_name concept_id="73498" name="Biaxin" locale="en" creator="1" date_created="2007-10-18 09:35:54.0" concept_name_id="88694" voided="0" voided_by="1" uuid="88694BBBBBBBBBBBBBBBBBBBBBBBBBBBBBBB" locale_preferred="false"/>
	<concept_name concept_id="73498" name="Klaricid IV" locale="en" creator="1" date_created="2007-10-18 09:35:54.0" concept_name_id="93701" voided="0" voided_by="1" uuid="93701BBBBBBBBBBBBBBBBBBBBBBBBBBBBBBB" locale_preferred="false"/>
	<concept_name concept_id="73498" name="Klaricid XL" locale="en" creator="1" date_created="2007-10-18 09:35:54.0" concept_name_id="93702" voided="0" voided_by="1" uuid="93702BBBBBBBBBBBBBBBBBBBBBBBBBBBBBBB" locale_preferred="false"/>
	<concept_name concept_id="73498" name="Biaxin XL" locale="en" creator="1" date_created="2007-10-18 09:35:54.0" concept_name_id="88695" voided="0" voided_by="1" uuid="88695BBBBBBBBBBBBBBBBBBBBBBBBBBBBBBB" locale_preferred="false"/>
	<concept_name concept_id="73498" name="CLARITHROMYCIN" locale="en" creator="1" date_created="2006-12-17 00:00:00.0" concept_name_id="4686" voided="0" voided_by="1" uuid="4686BBBBBBBBBBBBBBBBBBBBBBBBBBBBBBBB" concept_name_type="FULLY_SPECIFIED" locale_preferred="true"/>
	<concept_name concept_id="73498" name="Klaricid Adult" locale="en" creator="1" date_created="2007-10-18 09:35:54.0" concept_name_id="93700" voided="0" voided_by="1" uuid="93700BBBBBBBBBBBBBBBBBBBBBBBBBBBBBBB" locale_preferred="false"/>
	<concept_name concept_id="73498" name="CLR" locale="en" creator="1" date_created="2011-01-17 16:31:20.0" concept_name_id="107666" voided="0" voided_by="1" uuid="107666BBBBBBBBBBBBBBBBBBBBBBBBBBBBBB" concept_name_type="SHORT" locale_preferred="false"/>
	<concept concept_id="83352" retired="0" datatype_id="4" class_id="3" is_set="0" creator="1" date_created="2006-12-17 00:00:00.0" version="" changed_by="1" date_changed="2011-01-17 16:19:22.0" retired_by="1" uuid="83352AAAAAAAAAAAAAAAAAAAAAAAAAAAAAAA"/>
	<concept_name concept_id="83352" name="RIFABUTIN" locale="en" creator="1" date_created="2006-12-17 00:00:00.0" concept_name_id="7816" voided="0" voided_by="1" uuid="7816BBBBBBBBBBBBBBBBBBBBBBBBBBBBBBBB" concept_name_type="FULLY_SPECIFIED" locale_preferred="true"/>
	<concept_name concept_id="83352" name="RFB" locale="en" creator="1" date_created="2011-01-17 16:19:22.0" concept_name_id="107657" voided="0" voided_by="1" uuid="107657BBBBBBBBBBBBBBBBBBBBBBBBBBBBBB" concept_name_type="SHORT" locale_preferred="false"/>
	<concept_name concept_id="83352" name="Mycobutin" locale="en" creator="1" date_created="2007-10-18 09:35:54.0" concept_name_id="94994" voided="0" voided_by="1" uuid="94994BBBBBBBBBBBBBBBBBBBBBBBBBBBBBBB" locale_preferred="false"/>
	<concept concept_id="73581" retired="0" datatype_id="4" class_id="3" is_set="0" creator="1" date_created="2006-12-17 00:00:00.0" version="" changed_by="1" date_changed="2012-09-27 14:28:16.0" retired_by="1" uuid="73581AAAAAAAAAAAAAAAAAAAAAAAAAAAAAAA"/>
	<concept_name concept_id="73581" name="Lamprene" locale="en" creator="1" date_created="2007-10-18 09:35:54.0" concept_name_id="93823" voided="0" voided_by="1" void_reason="" uuid="93823BBBBBBBBBBBBBBBBBBBBBBBBBBBBBBB" locale_preferred="false"/>
	<concept_name concept_id="73581" name="CFZ" locale="en" creator="1" date_created="2011-01-17 16:14:47.0" concept_name_id="107652" voided="0" voided_by="1" uuid="107652BBBBBBBBBBBBBBBBBBBBBBBBBBBBBB" concept_name_type="SHORT" locale_preferred="false"/>
	<concept_name concept_id="73581" name="CLOFAZIMINE" locale="en" creator="1" date_created="2006-12-17 00:00:00.0" concept_name_id="4722" voided="0" voided_by="1" uuid="4722BBBBBBBBBBBBBBBBBBBBBBBBBBBBBBBB" concept_name_type="FULLY_SPECIFIED" locale_preferred="true"/>
	<concept concept_id="84836" retired="0" datatype_id="4" class_id="3" is_set="0" creator="1" date_created="2006-12-17 00:00:00.0" version="" changed_by="1" date_changed="2011-01-17 16:30:18.0" retired_by="1" uuid="84836AAAAAAAAAAAAAAAAAAAAAAAAAAAAAAA"/>
	<concept_name concept_id="84836" name="TRD" locale="en" creator="1" date_created="2011-01-17 16:30:18.0" concept_name_id="107665" voided="0" voided_by="1" uuid="107665BBBBBBBBBBBBBBBBBBBBBBBBBBBBBB" concept_name_type="SHORT" locale_preferred="false"/>
	<concept_name concept_id="84836" name="TERIZIDONE" locale="en" creator="1" date_created="2006-12-17 00:00:00.0" concept_name_id="8268" voided="0" voided_by="1" uuid="8268BBBBBBBBBBBBBBBBBBBBBBBBBBBBBBBB" concept_name_type="FULLY_SPECIFIED" locale_preferred="true"/>
	<concept concept_id="160020" retired="0" datatype_id="4" class_id="3" is_set="0" creator="1" date_created="2011-01-17 16:33:05.0" version="" changed_by="1" retired_by="1" uuid="160020AAAAAAAAAAAAAAAAAAAAAAAAAAAAAA"/>
	<concept_name concept_id="160020" name="Viocin" locale="en" creator="1" date_created="2011-01-17 16:33:05.0" concept_name_id="107667" voided="0" voided_by="1" uuid="107667BBBBBBBBBBBBBBBBBBBBBBBBBBBBBB" locale_preferred="false"/>
	<concept_name concept_id="160020" name="Viomycin" locale="en" creator="1" date_created="2011-01-17 16:33:05.0" concept_name_id="107669" voided="0" voided_by="1" uuid="107669BBBBBBBBBBBBBBBBBBBBBBBBBBBBBB" concept_name_type="FULLY_SPECIFIED" locale_preferred="true"/>
	<concept_name concept_id="160020" name="Vi" locale="en" creator="1" date_created="2011-01-17 16:33:05.0" concept_name_id="107668" voided="0" voided_by="1" uuid="107668BBBBBBBBBBBBBBBBBBBBBBBBBBBBBB" concept_name_type="SHORT" locale_preferred="false"/>
	<concept concept_id="82912" retired="0" datatype_id="4" class_id="3" is_set="0" creator="1" date_created="2006-12-17 00:00:00.0" version="" changed_by="1" date_changed="2011-04-05 14:28:45.0" retired_by="1" uuid="82912AAAAAAAAAAAAAAAAAAAAAAAAAAAAAAA"/>
	<concept_name concept_id="82912" name="PYRIDOXINE" locale="en" creator="1" date_created="2006-12-17 00:00:00.0" concept_name_id="7703" voided="0" voided_by="1" uuid="7703BBBBBBBBBBBBBBBBBBBBBBBBBBBBBBBB" concept_name_type="FULLY_SPECIFIED" locale_preferred="true"/>
	<concept_name concept_id="82912" name="B6" locale="en" creator="1" date_created="2011-01-17 16:17:14.0" concept_name_id="107655" voided="0" voided_by="1" uuid="107655BBBBBBBBBBBBBBBBBBBBBBBBBBBBBB" concept_name_type="SHORT" locale_preferred="false"/>
	<concept_name concept_id="82912" name="Vitamin B6" locale="en" creator="1" date_created="2011-01-17 16:17:14.0" concept_name_id="107656" voided="0" voided_by="1" uuid="107656BBBBBBBBBBBBBBBBBBBBBBBBBBBBBB" locale_preferred="false"/>
	<concept concept_id="76835" retired="0" datatype_id="4" class_id="3" is_set="0" creator="1" date_created="2006-12-17 00:00:00.0" version="" changed_by="1" date_changed="2012-09-27 15:39:57.0" retired_by="1" uuid="76835AAAAAAAAAAAAAAAAAAAAAAAAAAAAAAA"/>
	<concept_name concept_id="76835" name="GATIFLOXACIN" locale="en" creator="1" date_created="2006-12-17 00:00:00.0" concept_name_id="5750" voided="0" voided_by="1" uuid="5750BBBBBBBBBBBBBBBBBBBBBBBBBBBBBBBB" concept_name_type="FULLY_SPECIFIED" locale_preferred="true"/>
	<concept_name concept_id="76835" name="Tequin" locale="en" creator="1" date_created="2007-10-18 09:35:54.0" concept_name_id="98794" voided="0" voided_by="1" void_reason="" uuid="98794BBBBBBBBBBBBBBBBBBBBBBBBBBBBBBB" locale_preferred="false"/>
	<concept_name concept_id="76835" name="GFX" locale="en" creator="1" date_created="2011-01-17 16:13:26.0" concept_name_id="107650" voided="0" voided_by="1" uuid="107650BBBBBBBBBBBBBBBBBBBBBBBBBBBBBB" concept_name_type="SHORT" locale_preferred="false"/>
	<concept_name concept_id="76835" name="Tequin Teqpaq" locale="en" creator="1" date_created="2007-10-18 09:35:54.0" concept_name_id="98795" voided="0" voided_by="1" void_reason="" uuid="98795BBBBBBBBBBBBBBBBBBBBBBBBBBBBBBB" locale_preferred="false"/>
	<concept_name concept_id="76835" name="Zymar" locale="en" creator="1" date_created="2007-10-18 09:35:54.0" concept_name_id="100484" voided="0" voided_by="1" void_reason="" uuid="100484BBBBBBBBBBBBBBBBBBBBBBBBBBBBBB" locale_preferred="false"/>
	<concept concept_id="159874" retired="0" datatype_id="2" class_id="4" is_set="0" creator="1" date_created="2010-11-23 13:47:26.0" version="" changed_by="1" date_changed="2013-02-28 14:49:43.0" retired_by="1" uuid="159874AAAAAAAAAAAAAAAAAAAAAAAAAAAAAA"/>
	<concept_name concept_id="159874" name="tuberculosis treatment failure" locale="en" creator="1" date_created="2010-11-23 13:47:26.0" concept_name_id="107363" voided="0" voided_by="1" uuid="107363BBBBBBBBBBBBBBBBBBBBBBBBBBBBBB" concept_name_type="FULLY_SPECIFIED" locale_preferred="true"/>
	<concept concept_id="161654" retired="0" datatype_id="1" class_id="7" is_set="0" creator="1" date_created="2013-04-26 14:29:42.0" version="" changed_by="1" retired_by="1" uuid="161654AAAAAAAAAAAAAAAAAAAAAAAAAAAAAA"/>
	<concept_numeric concept_id="161654" units="" precise="0"/>
	<concept_name concept_id="161654" name="Tuberculosis treatment number" locale="en" creator="1" date_created="2013-04-26 14:29:42.0" concept_name_id="123684" voided="0" voided_by="1" uuid="123684BBBBBBBBBBBBBBBBBBBBBBBBBBBBBB" concept_name_type="FULLY_SPECIFIED" locale_preferred="true"/>
	<concept concept_id="159786" retired="0" datatype_id="2" class_id="11" is_set="0" creator="1" date_created="2010-11-12 17:22:04.0" version="" changed_by="1" date_changed="2011-02-17 16:18:20.0" retired_by="1" uuid="159786AAAAAAAAAAAAAAAAAAAAAAAAAAAAAA"/>
	<concept_name concept_id="159786" name="tuberculous treatment outcome" locale="en" creator="1" date_created="2010-11-12 17:22:04.0" concept_name_id="107258" voided="0" voided_by="1" uuid="107258BBBBBBBBBBBBBBBBBBBBBBBBBBBBBB" concept_name_type="FULLY_SPECIFIED" locale_preferred="true"/>
	<concept concept_id="160541" retired="0" datatype_id="4" class_id="11" is_set="0" creator="1" date_created="2012-06-14 16:17:34.0" version="" changed_by="1" date_changed="2012-06-15 14:16:18.0" retired_by="1" uuid="160541AAAAAAAAAAAAAAAAAAAAAAAAAAAAAA"/>
	<concept_name concept_id="160541" name="Tuberculosis treatment program" locale="en" creator="1" date_created="2012-06-14 16:17:34.0" concept_name_id="108876" voided="0" voided_by="1" uuid="108876BBBBBBBBBBBBBBBBBBBBBBBBBBBBBB" concept_name_type="FULLY_SPECIFIED" locale_preferred="true"/>
	<concept_name concept_id="160541" name="TB Program" locale="en" creator="1" date_created="2012-06-14 16:17:34.0" concept_name_id="108877" voided="0" voided_by="1" uuid="108877BBBBBBBBBBBBBBBBBBBBBBBBBBBBBB" concept_name_type="SHORT" locale_preferred="false"/>
	<concept concept_id="160534" retired="0" datatype_id="6" class_id="7" is_set="0" creator="1" date_created="2012-06-11 20:43:20.0" version="" changed_by="1" retired_by="1" uuid="160534AAAAAAAAAAAAAAAAAAAAAAAAAAAAAA"/>
	<concept_name concept_id="160534" name="Transfer in date" locale="en" creator="1" date_created="2012-06-11 20:43:20.0" concept_name_id="108850" voided="0" voided_by="1" uuid="108850BBBBBBBBBBBBBBBBBBBBBBBBBBBBBB" concept_name_type="FULLY_SPECIFIED" locale_preferred="true"/>
	<concept concept_id="159871" retired="0" datatype_id="2" class_id="4" is_set="0" creator="1" date_created="2010-11-23 13:34:14.0" version="" changed_by="1" date_changed="2010-11-23 14:01:29.0" retired_by="1" uuid="159871AAAAAAAAAAAAAAAAAAAAAAAAAAAAAA"/>
	<concept_name concept_id="159871" name="type of tuberculosis patient, based on previous treatment" locale="en" creator="1" date_created="2010-11-23 13:34:14.0" concept_name_id="107359" voided="0" voided_by="1" uuid="107359BBBBBBBBBBBBBBBBBBBBBBBBBBBBBB" concept_name_type="FULLY_SPECIFIED" locale_preferred="true"/>
	<concept concept_id="159492" retired="0" datatype_id="4" class_id="11" is_set="0" creator="1" date_created="2010-08-31 16:37:40.0" version="" changed_by="1" date_changed="2011-02-12 20:18:30.0" retired_by="1" uuid="159492AAAAAAAAAAAAAAAAAAAAAAAAAAAAAA"/>
	<concept_name concept_id="159492" name="Transferred out" locale="en" creator="1" date_created="2010-08-31 16:37:40.0" concept_name_id="106596" voided="0" voided_by="1" uuid="106596BBBBBBBBBBBBBBBBBBBBBBBBBBBBBB" concept_name_type="FULLY_SPECIFIED" locale_preferred="true"/>
	<concept concept_id="160544" retired="0" datatype_id="4" class_id="11" is_set="0" creator="1" date_created="2012-06-14 16:22:23.0" version="" changed_by="1" date_changed="2012-06-15 14:14:54.0" retired_by="1" uuid="160544AAAAAAAAAAAAAAAAAAAAAAAAAAAAAA"/>
	<concept_name concept_id="160544" name="Under five clinic" locale="en" creator="1" date_created="2012-06-14 16:22:23.0" concept_name_id="108881" voided="0" voided_by="1" uuid="108881BBBBBBBBBBBBBBBBBBBBBBBBBBBBBB" concept_name_type="FULLY_SPECIFIED" locale_preferred="true"/>
	<concept_name concept_id="160544" name="Under 5 clinic" locale="en" creator="1" date_created="2012-06-15 14:14:53.0" concept_name_id="108977" voided="0" voided_by="1" uuid="108977BBBBBBBBBBBBBBBBBBBBBBBBBBBBBB" locale_preferred="false"/>
	<concept concept_id="160300" retired="0" datatype_id="4" class_id="11" is_set="0" creator="1" date_created="2012-03-12 01:18:24.0" version="" changed_by="1" retired_by="1" uuid="160300AAAAAAAAAAAAAAAAAAAAAAAAAAAAAA"/>
	<concept_name concept_id="160300" name="Undergraduate education complete" locale="en" creator="1" date_created="2012-03-12 01:18:24.0" concept_name_id="108380" voided="0" voided_by="1" uuid="108380BBBBBBBBBBBBBBBBBBBBBBBBBBBBBB" concept_name_type="FULLY_SPECIFIED" locale_preferred="true"/>
	<concept concept_id="1067" retired="0" datatype_id="4" class_id="11" is_set="0" creator="1" date_created="2005-01-06 00:00:00.0" version="" changed_by="1" date_changed="2013-01-27 01:37:12.0" retired_by="1" uuid="1067AAAAAAAAAAAAAAAAAAAAAAAAAAAAAAAA"/>
	<concept_name concept_id="1067" name="UNKNOWN" locale="en" creator="1" date_created="2005-01-06 00:00:00.0" concept_name_id="1140" voided="0" voided_by="1" uuid="1140BBBBBBBBBBBBBBBBBBBBBBBBBBBBBBBB" concept_name_type="FULLY_SPECIFIED" locale_preferred="true"/>
	<concept concept_id="160539" retired="0" datatype_id="4" class_id="11" is_set="0" creator="1" date_created="2012-06-12 02:24:00.0" version="" changed_by="1" date_changed="2012-06-23 14:53:09.0" retired_by="1" uuid="160539AAAAAAAAAAAAAAAAAAAAAAAAAAAAAA"/>
	<concept_name concept_id="160539" name="Voluntary counseling and testing program" locale="en" creator="1" date_created="2012-06-12 02:24:00.0" concept_name_id="108859" voided="0" voided_by="1" uuid="108859BBBBBBBBBBBBBBBBBBBBBBBBBBBBBB" concept_name_type="FULLY_SPECIFIED" locale_preferred="true"/>
	<concept_name concept_id="160539" name="VCT Program" locale="en" creator="1" date_created="2012-06-12 02:24:00.0" concept_name_id="108860" voided="0" voided_by="1" uuid="108860BBBBBBBBBBBBBBBBBBBBBBBBBBBBBB" concept_name_type="SHORT" locale_preferred="false"/>
	<concept concept_id="5089" retired="0" datatype_id="1" class_id="1" is_set="0" creator="1" date_created="2004-08-12 00:00:00.0" version="" changed_by="1" date_changed="2013-08-22 06:51:40.0" retired_by="1" uuid="5089AAAAAAAAAAAAAAAAAAAAAAAAAAAAAAAA"/>
	<concept_numeric concept_id="5089" hi_absolute="250.0" low_absolute="0.0" units="kg" precise="1"/>
	<concept_name concept_id="5089" name="Weight (kg)" locale="en" creator="1" date_created="2004-08-12 00:00:00.0" concept_name_id="2191" voided="0" voided_by="1" uuid="2191BBBBBBBBBBBBBBBBBBBBBBBBBBBBBBBB" concept_name_type="FULLY_SPECIFIED" locale_preferred="true"/>
	<concept_name concept_id="5089" name="WT" locale="en" creator="1" date_created="2004-08-12 00:00:00.0" concept_name_id="87033" voided="0" voided_by="1" uuid="87033BBBBBBBBBBBBBBBBBBBBBBBBBBBBBBB" concept_name_type="SHORT" locale_preferred="false"/>
	<concept concept_id="1204" retired="0" datatype_id="4" class_id="10" is_set="1" creator="1" date_created="2005-02-09 00:00:00.0" version="" changed_by="1" date_changed="2012-06-14 18:40:26.0" retired_by="1" uuid="1204AAAAAAAAAAAAAAAAAAAAAAAAAAAAAAAA"/>
	<concept_set concept_set_id="329" concept_id="5328" concept_set="1204" sort_weight="0.0" creator="1" date_created="2005-12-15 13:26:49.0" uuid="329AEEEEEEEEEEEEEEEEEEEEEEEEEEEEEEEE"/>
	<concept_set concept_set_id="327" concept_id="5327" concept_set="1204" sort_weight="1.0" creator="1" date_created="2005-12-15 13:26:49.0" uuid="327AEEEEEEEEEEEEEEEEEEEEEEEEEEEEEEEE"/>
	<concept_name concept_id="1204" name="WHO class I adult" locale="en" creator="1" date_created="2012-06-14 18:40:26.0" concept_name_id="108899" voided="0" voided_by="1" uuid="108899BBBBBBBBBBBBBBBBBBBBBBBBBBBBBB" locale_preferred="false"/>
	<concept_name concept_id="1204" name="WHO class 1 adult" locale="en" creator="1" date_created="2012-06-14 18:40:26.0" concept_name_id="108898" voided="0" voided_by="1" uuid="108898BBBBBBBBBBBBBBBBBBBBBBBBBBBBBB" locale_preferred="false"/>
	<concept_name concept_id="1204" name="WHO STAGE 1 ADULT" locale="en" creator="1" date_created="2005-02-09 00:00:00.0" concept_name_id="1281" voided="0" voided_by="1" uuid="1281BBBBBBBBBBBBBBBBBBBBBBBBBBBBBBBB" concept_name_type="FULLY_SPECIFIED" locale_preferred="true"/>
	<concept concept_id="5328" retired="0" datatype_id="4" class_id="5" is_set="0" creator="1" date_created="2004-08-12 00:00:00.0" version="" changed_by="1" date_changed="2012-10-13 14:01:58.0" retired_by="1" uuid="5328AAAAAAAAAAAAAAAAAAAAAAAAAAAAAAAA"/>
	<concept_name concept_id="5328" name="PGL" locale="en" creator="1" date_created="2006-04-22 12:01:13.0" concept_name_id="96395" voided="0" voided_by="1" void_reason="" uuid="96395BBBBBBBBBBBBBBBBBBBBBBBBBBBBBBB" locale_preferred="false"/>
	<concept_name concept_id="5328" name="HIV STAGING - PERSISTENT GENERALIZED LYMPHADENOPATHY" locale="en" creator="1" date_created="2004-08-12 00:00:00.0" concept_name_id="2440" voided="0" voided_by="1" uuid="2440BBBBBBBBBBBBBBBBBBBBBBBBBBBBBBBB" concept_name_type="FULLY_SPECIFIED" locale_preferred="true"/>
	<concept concept_id="5327" retired="0" datatype_id="4" class_id="4" is_set="0" creator="1" date_created="2004-08-12 00:00:00.0" version="" changed_by="1" date_changed="2007-10-14 07:33:20.0" retired_by="1" uuid="5327AAAAAAAAAAAAAAAAAAAAAAAAAAAAAAAA"/>
	<concept_name concept_id="5327" name="ASYMPTOMATIC HIV INFECTION" locale="en" creator="1" date_created="2004-08-12 00:00:00.0" concept_name_id="2439" voided="0" voided_by="1" uuid="2439BBBBBBBBBBBBBBBBBBBBBBBBBBBBBBBB" concept_name_type="FULLY_SPECIFIED" locale_preferred="true"/>
	<concept_name concept_id="5327" name="Asymptomatic Human Immunodeficiency Virus Infection" locale="en" creator="1" date_created="2007-10-18 04:28:24.0" concept_name_id="88283" voided="0" voided_by="1" uuid="88283BBBBBBBBBBBBBBBBBBBBBBBBBBBBBBB" locale_preferred="false"/>
	<concept concept_id="1220" retired="0" datatype_id="4" class_id="10" is_set="1" creator="1" date_created="2005-02-09 00:00:00.0" version="" changed_by="1" date_changed="2012-06-14 18:45:13.0" retired_by="1" uuid="1220AAAAAAAAAAAAAAAAAAAAAAAAAAAAAAAA"/>
	<concept_set concept_set_id="330" concept_id="5328" concept_set="1220" sort_weight="0.0" creator="1" date_created="2005-12-15 13:26:49.0" uuid="330AEEEEEEEEEEEEEEEEEEEEEEEEEEEEEEEE"/>
	<concept_set concept_set_id="328" concept_id="5327" concept_set="1220" sort_weight="1.0" creator="1" date_created="2005-12-15 13:26:49.0" uuid="328AEEEEEEEEEEEEEEEEEEEEEEEEEEEEEEEE"/>
	<concept_set concept_set_id="95" concept_id="825" concept_set="1220" sort_weight="2.0" creator="1" date_created="2005-12-15 13:26:49.0" uuid="95AEEEEEEEEEEEEEEEEEEEEEEEEEEEEEEEEE"/>
	<concept_name concept_id="1220" name="WHO STAGE 1 PEDS" locale="en" creator="1" date_created="2005-02-09 00:00:00.0" concept_name_id="1297" voided="0" voided_by="1" uuid="1297BBBBBBBBBBBBBBBBBBBBBBBBBBBBBBBB" concept_name_type="FULLY_SPECIFIED" locale_preferred="true"/>
	<concept_name concept_id="1220" name="WHO class I pediatric" locale="en" creator="1" date_created="2012-06-14 18:45:13.0" concept_name_id="108907" voided="0" voided_by="1" uuid="108907BBBBBBBBBBBBBBBBBBBBBBBBBBBBBB" locale_preferred="false"/>
	<concept_name concept_id="1220" name="WHO class 1 pediatric" locale="en" creator="1" date_created="2012-06-14 18:45:13.0" concept_name_id="108906" voided="0" voided_by="1" uuid="108906BBBBBBBBBBBBBBBBBBBBBBBBBBBBBB" locale_preferred="false"/>
	<concept concept_id="825" retired="0" datatype_id="4" class_id="5" is_set="0" creator="1" date_created="2004-05-04 00:00:00.0" version="572626" changed_by="1" date_changed="2007-06-19 19:07:16.0" retired_by="1" uuid="825AAAAAAAAAAAAAAAAAAAAAAAAAAAAAAAAA"/>
	<concept_name concept_id="825" name="HSM" locale="en" creator="1" date_created="2005-02-18 14:19:03.0" concept_name_id="92930" voided="0" voided_by="1" uuid="92930BBBBBBBBBBBBBBBBBBBBBBBBBBBBBBB" locale_preferred="false"/>
	<concept_name concept_id="825" name="HEPATOSPLENOMEGALY" locale="en" creator="1" date_created="2004-05-04 00:00:00.0" concept_name_id="863" voided="0" voided_by="1" uuid="863BBBBBBBBBBBBBBBBBBBBBBBBBBBBBBBBB" concept_name_type="FULLY_SPECIFIED" locale_preferred="true"/>
	<concept concept_id="1205" retired="0" datatype_id="4" class_id="10" is_set="1" creator="1" date_created="2005-02-09 00:00:00.0" version="" changed_by="1" date_changed="2012-06-14 18:41:01.0" retired_by="1" uuid="1205AAAAAAAAAAAAAAAAAAAAAAAAAAAAAAAA"/>
	<concept_set concept_set_id="333" concept_id="5332" concept_set="1205" sort_weight="0.0" creator="1" date_created="2005-12-15 13:26:49.0" uuid="333AEEEEEEEEEEEEEEEEEEEEEEEEEEEEEEEE"/>
	<concept_set concept_set_id="331" concept_id="5329" concept_set="1205" sort_weight="1.0" creator="1" date_created="2005-12-15 13:26:49.0" uuid="331AEEEEEEEEEEEEEEEEEEEEEEEEEEEEEEEE"/>
	<concept_set concept_set_id="332" concept_id="5330" concept_set="1205" sort_weight="2.0" creator="1" date_created="2005-12-15 13:26:49.0" uuid="332AEEEEEEEEEEEEEEEEEEEEEEEEEEEEEEEE"/>
	<concept_set concept_set_id="247" concept_id="5012" concept_set="1205" sort_weight="3.0" creator="1" date_created="2005-12-15 13:26:49.0" uuid="247AEEEEEEEEEEEEEEEEEEEEEEEEEEEEEEEE"/>
	<concept_name concept_id="1205" name="WHO class II adult" locale="en" creator="1" date_created="2012-06-14 18:41:01.0" concept_name_id="108901" voided="0" voided_by="1" uuid="108901BBBBBBBBBBBBBBBBBBBBBBBBBBBBBB" locale_preferred="false"/>
	<concept_name concept_id="1205" name="WHO STAGE 2 ADULT" locale="en" creator="1" date_created="2005-02-09 00:00:00.0" concept_name_id="1282" voided="0" voided_by="1" uuid="1282BBBBBBBBBBBBBBBBBBBBBBBBBBBBBBBB" concept_name_type="FULLY_SPECIFIED" locale_preferred="true"/>
	<concept_name concept_id="1205" name="WHO class 2 adult" locale="en" creator="1" date_created="2012-06-14 18:41:01.0" concept_name_id="108900" voided="0" voided_by="1" uuid="108900BBBBBBBBBBBBBBBBBBBBBBBBBBBBBB" locale_preferred="false"/>
	<concept concept_id="5332" retired="0" datatype_id="4" class_id="4" is_set="0" creator="1" date_created="2004-08-12 00:00:00.0" version="" changed_by="1" date_changed="2012-10-13 14:14:21.0" retired_by="1" uuid="5332AAAAAAAAAAAAAAAAAAAAAAAAAAAAAAAA"/>
	<concept_name concept_id="5332" name="WEIGHT LOSS LESS THAN TEN PERCENT" locale="en" creator="1" date_created="2004-08-12 00:00:00.0" concept_name_id="2444" voided="0" voided_by="1" uuid="2444BBBBBBBBBBBBBBBBBBBBBBBBBBBBBBBB" concept_name_type="FULLY_SPECIFIED" locale_preferred="true"/>
	<concept concept_id="5329" retired="0" datatype_id="4" class_id="4" is_set="0" creator="1" date_created="2004-08-12 00:00:00.0" version="" changed_by="1" date_changed="2012-10-13 14:11:01.0" retired_by="1" uuid="5329AAAAAAAAAAAAAAAAAAAAAAAAAAAAAAAA"/>
	<concept_name concept_id="5329" name="HIV STAGING - ADULT SHINGLES" locale="en" creator="1" date_created="2005-02-09 00:00:00.0" concept_name_id="92905" voided="0" voided_by="1" void_reason="" uuid="92905BBBBBBBBBBBBBBBBBBBBBBBBBBBBBBB" locale_preferred="false"/>
	<concept_name concept_id="5329" name="HIV STAGING - ADULT HERPES ZOSTER" locale="en" creator="1" date_created="2004-08-12 00:00:00.0" concept_name_id="2441" voided="0" voided_by="1" uuid="2441BBBBBBBBBBBBBBBBBBBBBBBBBBBBBBBB" concept_name_type="FULLY_SPECIFIED" locale_preferred="true"/>
	<concept concept_id="5330" retired="0" datatype_id="4" class_id="5" is_set="0" creator="1" date_created="2004-08-12 00:00:00.0" version="" changed_by="1" date_changed="2011-02-10 14:34:53.0" retired_by="1" uuid="5330AAAAAAAAAAAAAAAAAAAAAAAAAAAAAAAA"/>
	<concept_name concept_id="5330" name="MMM" locale="en" creator="1" date_created="2006-04-22 11:20:46.0" concept_name_id="94794" voided="0" voided_by="1" uuid="94794BBBBBBBBBBBBBBBBBBBBBBBBBBBBBBB" locale_preferred="false"/>
	<concept_name concept_id="5330" name="HIV STAGING - MINOR MUCOCUTANEOUS MANIFESTATIONS" locale="en" creator="1" date_created="2004-08-12 00:00:00.0" concept_name_id="2442" voided="0" voided_by="1" uuid="2442BBBBBBBBBBBBBBBBBBBBBBBBBBBBBBBB" concept_name_type="FULLY_SPECIFIED" locale_preferred="true"/>
	<concept concept_id="5012" retired="0" datatype_id="4" class_id="5" is_set="0" creator="1" date_created="2004-08-12 00:00:00.0" version="" changed_by="1" date_changed="2012-10-12 17:29:09.0" retired_by="1" uuid="5012AAAAAAAAAAAAAAAAAAAAAAAAAAAAAAAA"/>
	<concept_name concept_id="5012" name="HIV STAGING - RECURRENT UPPER RESPIRATORY INFECTION" locale="en" creator="1" date_created="2004-08-12 00:00:00.0" concept_name_id="2111" voided="0" voided_by="1" uuid="2111BBBBBBBBBBBBBBBBBBBBBBBBBBBBBBBB" concept_name_type="FULLY_SPECIFIED" locale_preferred="true"/>
	<concept concept_id="1221" retired="0" datatype_id="4" class_id="10" is_set="1" creator="1" date_created="2005-02-09 00:00:00.0" version="" changed_by="1" date_changed="2012-06-14 18:45:34.0" retired_by="1" uuid="1221AAAAAAAAAAAAAAAAAAAAAAAAAAAAAAAA"/>
	<concept_set concept_set_id="248" concept_id="5012" concept_set="1221" sort_weight="0.0" creator="1" date_created="2005-12-15 13:26:49.0" uuid="248AEEEEEEEEEEEEEEEEEEEEEEEEEEEEEEEE"/>
	<concept_set concept_set_id="143" concept_id="1211" concept_set="1221" sort_weight="1.0" creator="1" date_created="2005-12-15 13:26:49.0" uuid="143AEEEEEEEEEEEEEEEEEEEEEEEEEEEEEEEE"/>
	<concept_set concept_set_id="97" concept_id="836" concept_set="1221" sort_weight="2.0" creator="1" date_created="2005-12-15 13:26:49.0" uuid="97AEEEEEEEEEEEEEEEEEEEEEEEEEEEEEEEEE"/>
	<concept_set concept_set_id="260" concept_id="5020" concept_set="1221" sort_weight="3.0" creator="1" date_created="2005-12-15 13:26:49.0" uuid="260AEEEEEEEEEEEEEEEEEEEEEEEEEEEEEEEE"/>
	<concept_set concept_set_id="142" concept_id="1210" concept_set="1221" sort_weight="4.0" creator="1" date_created="2005-12-15 13:26:49.0" uuid="142AEEEEEEEEEEEEEEEEEEEEEEEEEEEEEEEE"/>
	<concept_set concept_set_id="144" concept_id="1212" concept_set="1221" sort_weight="5.0" creator="1" date_created="2005-12-15 13:26:49.0" uuid="144AEEEEEEEEEEEEEEEEEEEEEEEEEEEEEEEE"/>
	<concept_set concept_set_id="20" concept_id="114" concept_set="1221" sort_weight="6.0" creator="1" date_created="2005-12-15 13:26:49.0" uuid="20AEEEEEEEEEEEEEEEEEEEEEEEEEEEEEEEEE"/>
	<concept_set concept_set_id="145" concept_id="1213" concept_set="1221" sort_weight="7.0" creator="1" date_created="2005-12-15 13:26:49.0" uuid="145AEEEEEEEEEEEEEEEEEEEEEEEEEEEEEEEE"/>
	<concept_set concept_set_id="146" concept_id="1214" concept_set="1221" sort_weight="8.0" creator="1" date_created="2005-12-15 13:26:49.0" uuid="146AEEEEEEEEEEEEEEEEEEEEEEEEEEEEEEEE"/>
	<concept_set concept_set_id="23" concept_id="119" concept_set="1221" sort_weight="9.0" creator="1" date_created="2005-12-15 13:26:49.0" uuid="23AEEEEEEEEEEEEEEEEEEEEEEEEEEEEEEEEE"/>
	<concept_name concept_id="1221" name="WHO STAGE 2 PEDS" locale="en" creator="1" date_created="2005-02-09 00:00:00.0" concept_name_id="1298" voided="0" voided_by="1" uuid="1298BBBBBBBBBBBBBBBBBBBBBBBBBBBBBBBB" concept_name_type="FULLY_SPECIFIED" locale_preferred="true"/>
	<concept_name concept_id="1221" name="WHO class 2 pediatric" locale="en" creator="1" date_created="2012-06-14 18:45:34.0" concept_name_id="108908" voided="0" voided_by="1" uuid="108908BBBBBBBBBBBBBBBBBBBBBBBBBBBBBB" locale_preferred="false"/>
	<concept_name concept_id="1221" name="WHO class II pediatric" locale="en" creator="1" date_created="2012-06-14 18:45:34.0" concept_name_id="108909" voided="0" voided_by="1" uuid="108909BBBBBBBBBBBBBBBBBBBBBBBBBBBBBB" locale_preferred="false"/>
	<concept concept_id="1211" retired="0" datatype_id="4" class_id="4" is_set="0" creator="1" date_created="2005-02-09 00:00:00.0" version="" changed_by="1" date_changed="2007-10-14 07:33:20.0" retired_by="1" uuid="1211AAAAAAAAAAAAAAAAAAAAAAAAAAAAAAAA"/>
	<concept_name concept_id="1211" name="VERRUCA PLANUS" locale="en" creator="1" date_created="2005-02-09 00:00:00.0" concept_name_id="1288" voided="0" voided_by="1" uuid="1288BBBBBBBBBBBBBBBBBBBBBBBBBBBBBBBB" concept_name_type="FULLY_SPECIFIED" locale_preferred="true"/>
	<concept_name concept_id="1211" name="Verruca Plana" locale="en" creator="1" date_created="2007-10-18 04:28:24.0" concept_name_id="99951" voided="0" voided_by="1" uuid="99951BBBBBBBBBBBBBBBBBBBBBBBBBBBBBBB" locale_preferred="false"/>
	<concept_name concept_id="1211" name="FLAT WART" locale="en" creator="1" date_created="2005-02-09 00:00:00.0" concept_name_id="91982" voided="0" voided_by="1" uuid="91982BBBBBBBBBBBBBBBBBBBBBBBBBBBBBBB" locale_preferred="false"/>
	<concept_name concept_id="1211" name="PLANE WART" locale="en" creator="1" date_created="2005-02-09 00:00:00.0" concept_name_id="96547" voided="0" voided_by="1" uuid="96547BBBBBBBBBBBBBBBBBBBBBBBBBBBBBBB" locale_preferred="false"/>
	<concept concept_id="836" retired="1" datatype_id="4" class_id="4" is_set="0" creator="1" date_created="2004-05-04 00:00:00.0" version="" changed_by="1" date_changed="2007-10-14 07:33:18.0" retired_by="1" uuid="836AAAAAAAAAAAAAAAAAAAAAAAAAAAAAAAAA"/>
	<concept_name concept_id="836" name="SHINGLES" locale="en" creator="1" date_created="2005-02-09 00:00:00.0" concept_name_id="98034" voided="0" voided_by="1" uuid="98034BBBBBBBBBBBBBBBBBBBBBBBBBBBBBBB" locale_preferred="false"/>
	<concept_name concept_id="836" name="HERPES ZOSTER" locale="en" creator="1" date_created="2004-05-04 00:00:00.0" concept_name_id="876" voided="0" voided_by="1" uuid="876BBBBBBBBBBBBBBBBBBBBBBBBBBBBBBBBB" concept_name_type="FULLY_SPECIFIED" locale_preferred="true"/>
	<concept concept_id="5020" retired="0" datatype_id="4" class_id="4" is_set="0" creator="1" date_created="2004-08-12 00:00:00.0" version="" changed_by="1" date_changed="2012-10-12 18:05:02.0" retired_by="1" uuid="5020AAAAAAAAAAAAAAAAAAAAAAAAAAAAAAAA"/>
	<concept_name concept_id="5020" name="HIV STAGING - HSV STOMATITIS" locale="en" creator="1" date_created="2004-08-12 00:00:00.0" concept_name_id="2120" voided="0" voided_by="1" uuid="2120BBBBBBBBBBBBBBBBBBBBBBBBBBBBBBBB" concept_name_type="FULLY_SPECIFIED" locale_preferred="true"/>
	<concept concept_id="1210" retired="0" datatype_id="4" class_id="13" is_set="0" creator="1" date_created="2005-02-09 00:00:00.0" version="" changed_by="1" date_changed="2010-12-23 16:00:22.0" retired_by="1" uuid="1210AAAAAAAAAAAAAAAAAAAAAAAAAAAAAAAA"/>
	<concept_name concept_id="1210" name="PAROTID ENLARGEMENT" locale="en" creator="1" date_created="2005-02-09 00:00:00.0" concept_name_id="1287" voided="0" voided_by="1" uuid="1287BBBBBBBBBBBBBBBBBBBBBBBBBBBBBBBB" concept_name_type="FULLY_SPECIFIED" locale_preferred="true"/>
	<concept concept_id="1212" retired="0" datatype_id="4" class_id="4" is_set="0" creator="1" date_created="2005-02-09 00:00:00.0" version="" changed_by="1" date_changed="2007-10-14 07:33:20.0" retired_by="1" uuid="1212AAAAAAAAAAAAAAAAAAAAAAAAAAAAAAAA"/>
	<concept_name concept_id="1212" name="MOLLUSCUM CONTAGIOSUM" locale="en" creator="1" date_created="2005-02-09 00:00:00.0" concept_name_id="1289" voided="0" voided_by="1" uuid="1289BBBBBBBBBBBBBBBBBBBBBBBBBBBBBBBB" concept_name_type="FULLY_SPECIFIED" locale_preferred="true"/>
	<concept_name concept_id="1212" name="Molluscum Contagiosum Infection" locale="en" creator="1" date_created="2007-10-18 04:28:24.0" concept_name_id="94828" voided="0" voided_by="1" uuid="94828BBBBBBBBBBBBBBBBBBBBBBBBBBBBBBB" locale_preferred="false"/>
	<concept concept_id="114" retired="1" datatype_id="4" class_id="4" is_set="0" creator="1" date_created="2004-01-01 00:00:00.0" version="" changed_by="1" date_changed="2007-10-14 07:33:15.0" retired_by="1" uuid="114AAAAAAAAAAAAAAAAAAAAAAAAAAAAAAAAA"/>
	<concept_name concept_id="114" name="OM" locale="en" creator="1" date_created="2005-02-14 09:41:45.0" concept_name_id="95679" voided="0" voided_by="1" uuid="95679BBBBBBBBBBBBBBBBBBBBBBBBBBBBBBB" locale_preferred="false"/>
	<concept_name concept_id="114" name="OTITIS MEDIA" locale="en" creator="1" date_created="2004-01-01 00:00:00.0" concept_name_id="129" voided="0" voided_by="1" uuid="129BBBBBBBBBBBBBBBBBBBBBBBBBBBBBBBBB" concept_name_type="FULLY_SPECIFIED" locale_preferred="true"/>
	<concept concept_id="1213" retired="0" datatype_id="4" class_id="4" is_set="0" creator="1" date_created="2005-02-09 00:00:00.0" version="" changed_by="1" date_changed="2011-05-21 16:13:57.0" retired_by="1" uuid="1213AAAAAAAAAAAAAAAAAAAAAAAAAAAAAAAA"/>
	<concept_name concept_id="1213" name="Human Papilloma Virus Infection" locale="en" creator="1" date_created="2007-10-18 04:28:24.0" concept_name_id="92955" voided="0" voided_by="1" uuid="92955BBBBBBBBBBBBBBBBBBBBBBBBBBBBBBB" locale_preferred="false"/>
	<concept_name concept_id="1213" name="HPV" locale="en" creator="1" date_created="2005-02-09 00:00:00.0" concept_name_id="92926" voided="0" voided_by="1" uuid="92926BBBBBBBBBBBBBBBBBBBBBBBBBBBBBBB" locale_preferred="false"/>
	<concept_name concept_id="1213" name="wart virus infection" locale="en" creator="1" date_created="2010-04-27 18:14:09.0" concept_name_id="105777" voided="0" voided_by="1" uuid="105777BBBBBBBBBBBBBBBBBBBBBBBBBBBBBB" locale_preferred="false"/>
	<concept_name concept_id="1213" name="HUMAN PAPILLOMAVIRUS" locale="en" creator="1" date_created="2005-02-09 00:00:00.0" concept_name_id="1290" voided="0" voided_by="1" uuid="1290BBBBBBBBBBBBBBBBBBBBBBBBBBBBBBBB" concept_name_type="FULLY_SPECIFIED" locale_preferred="true"/>
	<concept concept_id="1214" retired="0" datatype_id="10" class_id="6" is_set="0" creator="1" date_created="2005-02-09 00:00:00.0" version="" changed_by="1" retired_by="1" uuid="1214AAAAAAAAAAAAAAAAAAAAAAAAAAAAAAAA"/>
	<concept_name concept_id="1214" name="HIV STAGING - STEROID RESISTANT THROMBOCYTOPENIA" locale="en" creator="1" date_created="2005-02-09 00:00:00.0" concept_name_id="1291" voided="0" voided_by="1" uuid="1291BBBBBBBBBBBBBBBBBBBBBBBBBBBBBBBB" concept_name_type="FULLY_SPECIFIED" locale_preferred="true"/>
	<concept concept_id="119" retired="0" datatype_id="4" class_id="5" is_set="0" creator="1" date_created="2004-01-01 00:00:00.0" version="595198" changed_by="1" date_changed="2013-05-25 12:03:09.0" retired_by="1" uuid="119AAAAAAAAAAAAAAAAAAAAAAAAAAAAAAAAA"/>
	<concept_name concept_id="119" name="DERMATITIS" locale="en" creator="1" date_created="2004-01-01 00:00:00.0" concept_name_id="134" voided="0" voided_by="1" uuid="134BBBBBBBBBBBBBBBBBBBBBBBBBBBBBBBBB" concept_name_type="FULLY_SPECIFIED" locale_preferred="true"/>
	<concept_name concept_id="119" name="DERMATITIS NOS" locale="en" creator="1" date_created="2005-02-16 14:37:42.0" concept_name_id="90494" voided="0" voided_by="1" void_reason="" uuid="90494BBBBBBBBBBBBBBBBBBBBBBBBBBBBBBB" locale_preferred="false"/>
	<concept_name concept_id="119" name="Skin Inflammation" locale="en" creator="1" date_created="2011-12-22 18:14:04.0" concept_name_id="108291" voided="0" voided_by="1" void_reason="" uuid="108291BBBBBBBBBBBBBBBBBBBBBBBBBBBBBB" locale_preferred="false"/>
	<concept concept_id="1206" retired="0" datatype_id="4" class_id="10" is_set="1" creator="1" date_created="2005-02-09 00:00:00.0" version="" changed_by="1" date_changed="2012-06-14 18:41:34.0" retired_by="1" uuid="1206AAAAAAAAAAAAAAAAAAAAAAAAAAAAAAAA"/>
	<concept_set concept_set_id="256" concept_id="5018" concept_set="1206" sort_weight="0.0" creator="1" date_created="2005-12-15 13:26:49.0" uuid="256AEEEEEEEEEEEEEEEEEEEEEEEEEEEEEEEE"/>
	<concept_set concept_set_id="271" concept_id="5027" concept_set="1206" sort_weight="1.0" creator="1" date_created="2005-12-15 13:26:49.0" uuid="271AEEEEEEEEEEEEEEEEEEEEEEEEEEEEEEEE"/>
	<concept_set concept_set_id="338" concept_id="5339" concept_set="1206" sort_weight="2.0" creator="1" date_created="2005-12-15 13:26:49.0" uuid="338AEEEEEEEEEEEEEEEEEEEEEEEEEEEEEEEE"/>
	<concept_set concept_set_id="336" concept_id="5337" concept_set="1206" sort_weight="3.0" creator="1" date_created="2005-12-15 13:26:49.0" uuid="336AEEEEEEEEEEEEEEEEEEEEEEEEEEEEEEEE"/>
	<concept_set concept_set_id="335" concept_id="5334" concept_set="1206" sort_weight="4.0" creator="1" date_created="2005-12-15 13:26:49.0" uuid="335AEEEEEEEEEEEEEEEEEEEEEEEEEEEEEEEE"/>
	<concept_set concept_set_id="337" concept_id="5338" concept_set="1206" sort_weight="5.0" creator="1" date_created="2005-12-15 13:26:49.0" uuid="337AEEEEEEEEEEEEEEEEEEEEEEEEEEEEEEEE"/>
	<concept_set concept_set_id="276" concept_id="5030" concept_set="1206" sort_weight="6.0" creator="1" date_created="2005-12-15 13:26:49.0" uuid="276AEEEEEEEEEEEEEEEEEEEEEEEEEEEEEEEE"/>
	<concept_name concept_id="1206" name="WHO class III adult" locale="en" creator="1" date_created="2012-06-14 18:41:34.0" concept_name_id="108903" voided="0" voided_by="1" uuid="108903BBBBBBBBBBBBBBBBBBBBBBBBBBBBBB" locale_preferred="false"/>
	<concept_name concept_id="1206" name="WHO class 3 adult" locale="en" creator="1" date_created="2012-06-14 18:41:34.0" concept_name_id="108902" voided="0" voided_by="1" uuid="108902BBBBBBBBBBBBBBBBBBBBBBBBBBBBBB" locale_preferred="false"/>
	<concept_name concept_id="1206" name="WHO STAGE 3 ADULT" locale="en" creator="1" date_created="2005-02-09 00:00:00.0" concept_name_id="1283" voided="0" voided_by="1" uuid="1283BBBBBBBBBBBBBBBBBBBBBBBBBBBBBBBB" concept_name_type="FULLY_SPECIFIED" locale_preferred="true"/>
	<concept concept_id="5018" retired="0" datatype_id="4" class_id="12" is_set="0" creator="1" date_created="2004-08-12 00:00:00.0" version="564524" changed_by="1" date_changed="2012-07-16 17:27:35.0" retired_by="1" uuid="5018AAAAAAAAAAAAAAAAAAAAAAAAAAAAAAAA"/>
	<concept_name concept_id="5018" name="DIARRHEA, CHRONIC" locale="en" creator="1" date_created="2004-08-12 00:00:00.0" concept_name_id="2117" voided="0" voided_by="1" uuid="2117BBBBBBBBBBBBBBBBBBBBBBBBBBBBBBBB" concept_name_type="FULLY_SPECIFIED" locale_preferred="true"/>
	<concept_name concept_id="5018" name="CHRONIC DIARRHEA" locale="en" creator="1" date_created="2005-02-12 11:48:00.0" concept_name_id="89564" voided="0" voided_by="1" void_reason="" uuid="89564BBBBBBBBBBBBBBBBBBBBBBBBBBBBBBB" locale_preferred="false"/>
	<concept_name concept_id="5018" name="Persistent diarrhea" locale="en" creator="1" date_created="2012-07-16 17:27:35.0" concept_name_id="109662" voided="0" voided_by="1" uuid="109662BBBBBBBBBBBBBBBBBBBBBBBBBBBBBB" locale_preferred="false"/>
	<concept_name concept_id="5018" name="CHRONIC DIARRHOEA" locale="en" creator="1" date_created="2005-02-12 11:48:00.0" concept_name_id="89565" voided="0" voided_by="1" void_reason="" uuid="89565BBBBBBBBBBBBBBBBBBBBBBBBBBBBBBB" locale_preferred="false"/>
	<concept concept_id="5027" retired="0" datatype_id="4" class_id="5" is_set="0" creator="1" date_created="2004-08-12 00:00:00.0" version="" changed_by="1" date_changed="2011-06-08 01:13:45.0" retired_by="1" uuid="5027AAAAAAAAAAAAAAAAAAAAAAAAAAAAAAAA"/>
	<concept_name concept_id="5027" name="HIV STAGING - PERSISTENT FEVER" locale="en" creator="1" date_created="2004-08-12 00:00:00.0" concept_name_id="2127" voided="0" voided_by="1" uuid="2127BBBBBBBBBBBBBBBBBBBBBBBBBBBBBBBB" concept_name_type="FULLY_SPECIFIED" locale_preferred="true"/>
	<concept concept_id="5339" retired="0" datatype_id="4" class_id="4" is_set="0" creator="1" date_created="2004-08-12 00:00:00.0" version="" changed_by="1" date_changed="2012-10-13 14:21:37.0" retired_by="1" uuid="5339AAAAAAAAAAAAAAAAAAAAAAAAAAAAAAAA"/>
	<concept_name concept_id="5339" name="WEIGHT LOSS GREATER THAN TEN PERCENT" locale="en" creator="1" date_created="2004-08-12 00:00:00.0" concept_name_id="2455" voided="0" voided_by="1" uuid="2455BBBBBBBBBBBBBBBBBBBBBBBBBBBBBBBB" concept_name_type="FULLY_SPECIFIED" locale_preferred="true"/>
	<concept concept_id="5337" retired="0" datatype_id="4" class_id="5" is_set="0" creator="1" date_created="2004-08-12 00:00:00.0" version="581069" changed_by="1" date_changed="2007-06-19 19:49:55.0" retired_by="1" uuid="5337AAAAAAAAAAAAAAAAAAAAAAAAAAAAAAAA"/>
	<concept_name concept_id="5337" name="ORAL HAIRY LEUKOPLAKIA" locale="en" creator="1" date_created="2004-08-12 00:00:00.0" concept_name_id="2453" voided="0" voided_by="1" uuid="2453BBBBBBBBBBBBBBBBBBBBBBBBBBBBBBBB" concept_name_type="FULLY_SPECIFIED" locale_preferred="true"/>
	<concept concept_id="5334" retired="0" datatype_id="4" class_id="4" is_set="0" creator="1" date_created="2004-08-12 00:00:00.0" version="" changed_by="1" date_changed="2012-06-28 00:51:48.0" retired_by="1" uuid="5334AAAAAAAAAAAAAAAAAAAAAAAAAAAAAAAA"/>
	<concept_name concept_id="5334" name="CANDIDIASIS, ORAL" locale="en" creator="1" date_created="2004-08-12 00:00:00.0" concept_name_id="2448" voided="0" voided_by="1" uuid="2448BBBBBBBBBBBBBBBBBBBBBBBBBBBBBBBB" concept_name_type="FULLY_SPECIFIED" locale_preferred="true"/>
	<concept_name concept_id="5334" name="THRUSH" locale="en" creator="1" date_created="2005-01-06 00:00:00.0" concept_name_id="98959" voided="0" voided_by="1" void_reason="" uuid="98959BBBBBBBBBBBBBBBBBBBBBBBBBBBBBBB" locale_preferred="false"/>
	<concept concept_id="5338" retired="0" datatype_id="4" class_id="4" is_set="0" creator="1" date_created="2004-08-12 00:00:00.0" version="" changed_by="1" date_changed="2012-10-13 14:20:32.0" retired_by="1" uuid="5338AAAAAAAAAAAAAAAAAAAAAAAAAAAAAAAA"/>
	<concept_name concept_id="5338" name="HIV STAGING - TUBERCULOSIS WITHIN YEAR" locale="en" creator="1" date_created="2004-08-12 00:00:00.0" concept_name_id="2454" voided="0" voided_by="1" uuid="2454BBBBBBBBBBBBBBBBBBBBBBBBBBBBBBBB" concept_name_type="FULLY_SPECIFIED" locale_preferred="true"/>
	<concept concept_id="5030" retired="0" datatype_id="4" class_id="5" is_set="0" creator="1" date_created="2004-08-12 00:00:00.0" version="" changed_by="1" date_changed="2012-10-12 18:26:26.0" retired_by="1" uuid="5030AAAAAAAAAAAAAAAAAAAAAAAAAAAAAAAA"/>
	<concept_name concept_id="5030" name="HIV STAGING - SERIOUS BACTERIAL INFECTIONS" locale="en" creator="1" date_created="2004-08-12 00:00:00.0" concept_name_id="2130" voided="0" voided_by="1" uuid="2130BBBBBBBBBBBBBBBBBBBBBBBBBBBBBBBB" concept_name_type="FULLY_SPECIFIED" locale_preferred="true"/>
	<concept concept_id="1222" retired="0" datatype_id="4" class_id="10" is_set="1" creator="1" date_created="2005-02-09 00:00:00.0" version="" changed_by="1" date_changed="2012-06-14 18:46:09.0" retired_by="1" uuid="1222AAAAAAAAAAAAAAAAAAAAAAAAAAAAAAAA"/>
	<concept_set concept_set_id="257" concept_id="5018" concept_set="1222" sort_weight="0.0" creator="1" date_created="2005-12-15 13:26:49.0" uuid="257AEEEEEEEEEEEEEEEEEEEEEEEEEEEEEEEE"/>
	<concept_set concept_set_id="150" concept_id="1217" concept_set="1222" sort_weight="1.0" creator="1" date_created="2005-12-15 13:26:49.0" uuid="150AEEEEEEEEEEEEEEEEEEEEEEEEEEEEEEEE"/>
	<concept_set concept_set_id="274" concept_id="5029" concept_set="1222" sort_weight="2.0" creator="1" date_created="2005-12-15 13:26:49.0" uuid="274AEEEEEEEEEEEEEEEEEEEEEEEEEEEEEEEE"/>
	<concept_set concept_set_id="341" concept_id="5340" concept_set="1222" sort_weight="3.0" creator="1" date_created="2005-12-15 13:26:49.0" uuid="341AEEEEEEEEEEEEEEEEEEEEEEEEEEEEEEEE"/>
	<concept_set concept_set_id="148" concept_id="1216" concept_set="1222" sort_weight="4.0" creator="1" date_created="2005-12-15 13:26:49.0" uuid="148AEEEEEEEEEEEEEEEEEEEEEEEEEEEEEEEE"/>
	<concept_set concept_set_id="147" concept_id="1215" concept_set="1222" sort_weight="5.0" creator="1" date_created="2005-12-15 13:26:49.0" uuid="147AEEEEEEEEEEEEEEEEEEEEEEEEEEEEEEEE"/>
	<concept_set concept_set_id="266" concept_id="5024" concept_set="1222" sort_weight="6.0" creator="1" date_created="2005-12-15 13:26:49.0" uuid="266AEEEEEEEEEEEEEEEEEEEEEEEEEEEEEEEE"/>
	<concept_set concept_set_id="7" concept_id="42" concept_set="1222" sort_weight="7.0" creator="1" date_created="2005-12-15 13:26:49.0" uuid="7AEEEEEEEEEEEEEEEEEEEEEEEEEEEEEEEEEE"/>
	<concept_set concept_set_id="304" concept_id="5050" concept_set="1222" sort_weight="8.0" creator="1" date_created="2005-12-15 13:26:49.0" uuid="304AEEEEEEEEEEEEEEEEEEEEEEEEEEEEEEEE"/>
	<concept_set concept_set_id="263" concept_id="5022" concept_set="1222" sort_weight="9.0" creator="1" date_created="2005-12-15 13:26:49.0" uuid="263AEEEEEEEEEEEEEEEEEEEEEEEEEEEEEEEE"/>
	<concept_set concept_set_id="151" concept_id="1218" concept_set="1222" sort_weight="10.0" creator="1" date_created="2005-12-15 13:26:49.0" uuid="151AEEEEEEEEEEEEEEEEEEEEEEEEEEEEEEEE"/>
	<concept_name concept_id="1222" name="WHO class III pediatric" locale="en" creator="1" date_created="2012-06-14 18:46:09.0" concept_name_id="108911" voided="0" voided_by="1" uuid="108911BBBBBBBBBBBBBBBBBBBBBBBBBBBBBB" locale_preferred="false"/>
	<concept_name concept_id="1222" name="WHO STAGE 3 PEDS" locale="en" creator="1" date_created="2005-02-09 00:00:00.0" concept_name_id="1299" voided="0" voided_by="1" uuid="1299BBBBBBBBBBBBBBBBBBBBBBBBBBBBBBBB" concept_name_type="FULLY_SPECIFIED" locale_preferred="true"/>
	<concept_name concept_id="1222" name="WHO class 3 pediatric" locale="en" creator="1" date_created="2012-06-14 18:46:09.0" concept_name_id="108910" voided="0" voided_by="1" uuid="108910BBBBBBBBBBBBBBBBBBBBBBBBBBBBBB" locale_preferred="false"/>
	<concept concept_id="1217" retired="0" datatype_id="4" class_id="4" is_set="0" creator="1" date_created="2005-02-09 00:00:00.0" version="" changed_by="1" date_changed="2012-10-11 14:13:18.0" retired_by="1" uuid="1217AAAAAAAAAAAAAAAAAAAAAAAAAAAAAAAA"/>
	<concept_name concept_id="1217" name="HIV STAGING - REFRACTORY ANEMIA" locale="en" creator="1" date_created="2005-02-09 00:00:00.0" concept_name_id="1294" voided="0" voided_by="1" uuid="1294BBBBBBBBBBBBBBBBBBBBBBBBBBBBBBBB" concept_name_type="FULLY_SPECIFIED" locale_preferred="true"/>
	<concept concept_id="5029" retired="0" datatype_id="4" class_id="4" is_set="0" creator="1" date_created="2004-08-12 00:00:00.0" version="" changed_by="1" date_changed="2011-02-05 20:16:36.0" retired_by="1" uuid="5029AAAAAAAAAAAAAAAAAAAAAAAAAAAAAAAA"/>
	<concept_name concept_id="5029" name="HIV STAGING - DISSEMINATED CHICKENPOX" locale="en" creator="1" date_created="2005-02-09 00:00:00.0" concept_name_id="92907" voided="0" voided_by="1" uuid="92907BBBBBBBBBBBBBBBBBBBBBBBBBBBBBBB" locale_preferred="false"/>
	<concept_name concept_id="5029" name="varicella, disseminated" locale="en" creator="1" date_created="2010-04-27 18:07:50.0" concept_name_id="105772" voided="0" voided_by="1" uuid="105772BBBBBBBBBBBBBBBBBBBBBBBBBBBBBB" locale_preferred="false"/>
	<concept_name concept_id="5029" name="HIV STAGING - VARICELLA, DISSEMINATED" locale="en" creator="1" date_created="2004-08-12 00:00:00.0" concept_name_id="2129" voided="0" voided_by="1" uuid="2129BBBBBBBBBBBBBBBBBBBBBBBBBBBBBBBB" concept_name_type="FULLY_SPECIFIED" locale_preferred="true"/>
	<concept concept_id="5340" retired="0" datatype_id="4" class_id="4" is_set="0" creator="1" date_created="2004-08-12 00:00:00.0" version="" changed_by="1" date_changed="2013-06-01 19:46:15.0" retired_by="1" uuid="5340AAAAAAAAAAAAAAAAAAAAAAAAAAAAAAAA"/>
	<concept_name concept_id="5340" name="CANDIDIASIS OF OSEOPHAGUS, TRACHEA AND/OR BRONCHUS" locale="en" creator="1" date_created="2010-04-22 15:03:01.0" concept_name_id="100609" voided="0" voided_by="1" void_reason="" uuid="100609BBBBBBBBBBBBBBBBBBBBBBBBBBBBBB" locale_preferred="false"/>
	<concept_name concept_id="5340" name="persistent oral candidiasis" locale="en" creator="1" date_created="2010-04-27 10:14:51.0" concept_name_id="105697" voided="0" voided_by="1" void_reason="" uuid="105697BBBBBBBBBBBBBBBBBBBBBBBBBBBBBB" locale_preferred="false"/>
	<concept_name concept_id="5340" name="HIV STAGING  - CANDIDIASIS, ORORESPIRATORY TRACT" locale="en" creator="1" date_created="2004-08-12 00:00:00.0" concept_name_id="2458" voided="0" voided_by="1" uuid="2458BBBBBBBBBBBBBBBBBBBBBBBBBBBBBBBB" concept_name_type="FULLY_SPECIFIED" locale_preferred="true"/>
	<concept concept_id="1216" retired="0" datatype_id="4" class_id="4" is_set="0" creator="1" date_created="2005-02-09 00:00:00.0" version="" changed_by="1" date_changed="2012-10-11 14:11:22.0" retired_by="1" uuid="1216AAAAAAAAAAAAAAAAAAAAAAAAAAAAAAAA"/>
	<concept_name concept_id="1216" name="HIV STAGING - NONRESPONSIVE HERPES SIMPLEX VIRUS" locale="en" creator="1" date_created="2005-02-09 00:00:00.0" concept_name_id="1293" voided="0" voided_by="1" uuid="1293BBBBBBBBBBBBBBBBBBBBBBBBBBBBBBBB" concept_name_type="FULLY_SPECIFIED" locale_preferred="true"/>
	<concept_name concept_id="1216" name="nonresponsive herpes simplex virus" locale="en" creator="1" date_created="2010-04-27 09:07:10.0" concept_name_id="105682" voided="0" voided_by="1" void_reason="" uuid="105682BBBBBBBBBBBBBBBBBBBBBBBBBBBBBB" locale_preferred="false"/>
	<concept_name concept_id="1216" name="HIV STAGING - NONRESPONSIVE HSV" locale="en" creator="1" date_created="2005-02-09 00:00:00.0" concept_name_id="92910" voided="0" voided_by="1" void_reason="" uuid="92910BBBBBBBBBBBBBBBBBBBBBBBBBBBBBBB" locale_preferred="false"/>
	<concept concept_id="1215" retired="0" datatype_id="4" class_id="4" is_set="0" creator="1" date_created="2005-02-09 00:00:00.0" version="" changed_by="1" date_changed="2011-02-11 19:24:00.0" retired_by="1" uuid="1215AAAAAAAAAAAAAAAAAAAAAAAAAAAAAAAA"/>
	<concept_name concept_id="1215" name="HIV STAGING - RECURRENT BACTERIAL PNEUMONIA" locale="en" creator="1" date_created="2005-02-09 00:00:00.0" concept_name_id="1292" voided="0" voided_by="1" uuid="1292BBBBBBBBBBBBBBBBBBBBBBBBBBBBBBBB" concept_name_type="FULLY_SPECIFIED" locale_preferred="true"/>
	<concept_name concept_id="1215" name="RECURRENT PNEUMONIA" locale="en" creator="1" date_created="2005-02-14 05:56:40.0" concept_name_id="97306" voided="0" voided_by="1" uuid="97306BBBBBBBBBBBBBBBBBBBBBBBBBBBBBBB" locale_preferred="false"/>
	<concept concept_id="5024" retired="0" datatype_id="4" class_id="4" is_set="0" creator="1" date_created="2004-08-12 00:00:00.0" version="" changed_by="1" date_changed="2012-10-12 18:15:33.0" retired_by="1" uuid="5024AAAAAAAAAAAAAAAAAAAAAAAAAAAAAAAA"/>
	<concept_name concept_id="5024" name="HIV STAGING - LIP" locale="en" creator="1" date_created="2005-02-09 00:00:00.0" concept_name_id="92908" voided="0" voided_by="1" void_reason="" uuid="92908BBBBBBBBBBBBBBBBBBBBBBBBBBBBBBB" locale_preferred="false"/>
	<concept_name concept_id="5024" name="HIV STAGING - LYMPHOID INTERSTITIAL PNEUMONIA" locale="en" creator="1" date_created="2004-08-12 00:00:00.0" concept_name_id="2124" voided="0" voided_by="1" uuid="2124BBBBBBBBBBBBBBBBBBBBBBBBBBBBBBBB" concept_name_type="FULLY_SPECIFIED" locale_preferred="true"/>
	<concept concept_id="5050" retired="0" datatype_id="4" class_id="4" is_set="0" creator="1" date_created="2004-08-12 00:00:00.0" version="" changed_by="1" date_changed="2011-12-09 10:23:47.0" retired_by="1" uuid="5050AAAAAAAAAAAAAAAAAAAAAAAAAAAAAAAA"/>
	<concept_name concept_id="5050" name="FAILURE TO THRIVE" locale="en" creator="1" date_created="2004-08-12 00:00:00.0" concept_name_id="2151" voided="0" voided_by="1" uuid="2151BBBBBBBBBBBBBBBBBBBBBBBBBBBBBBBB" concept_name_type="FULLY_SPECIFIED" locale_preferred="true"/>
	<concept concept_id="5022" retired="0" datatype_id="4" class_id="4" is_set="0" creator="1" date_created="2004-08-12 00:00:00.0" version="" changed_by="1" date_changed="2012-06-10 14:26:46.0" retired_by="1" uuid="5022AAAAAAAAAAAAAAAAAAAAAAAAAAAAAAAA"/>
	<concept_name concept_id="5022" name="HIV STAGING - PEDS HERPES ZOSTER" locale="en" creator="1" date_created="2004-08-12 00:00:00.0" concept_name_id="2122" voided="0" voided_by="1" uuid="2122BBBBBBBBBBBBBBBBBBBBBBBBBBBBBBBB" concept_name_type="FULLY_SPECIFIED" locale_preferred="true"/>
	<concept_name concept_id="5022" name="HIV STAGING - PEDS SHINGLES" locale="en" creator="1" date_created="2005-02-09 00:00:00.0" concept_name_id="92911" voided="0" voided_by="1" void_reason="" uuid="92911BBBBBBBBBBBBBBBBBBBBBBBBBBBBBBB" locale_preferred="false"/>
	<concept concept_id="1218" retired="1" datatype_id="4" class_id="4" is_set="0" creator="1" date_created="2005-02-09 00:00:00.0" version="" changed_by="1" date_changed="2007-10-14 07:33:20.0" retired_by="1" uuid="1218AAAAAAAAAAAAAAAAAAAAAAAAAAAAAAAA"/>
	<concept_name concept_id="1218" name="RECTOVAGINAL FISTULA" locale="en" creator="1" date_created="2005-02-09 00:00:00.0" concept_name_id="1295" voided="0" voided_by="1" uuid="1295BBBBBBBBBBBBBBBBBBBBBBBBBBBBBBBB" concept_name_type="FULLY_SPECIFIED" locale_preferred="true"/>
	<concept concept_id="1207" retired="0" datatype_id="4" class_id="10" is_set="1" creator="1" date_created="2005-02-09 00:00:00.0" version="" changed_by="1" date_changed="2012-06-14 18:42:01.0" retired_by="1" uuid="1207AAAAAAAAAAAAAAAAAAAAAAAAAAAAAAAA"/>
	<concept_set concept_set_id="349" concept_id="5354" concept_set="1207" sort_weight="0.0" creator="1" date_created="2005-12-15 13:26:49.0" uuid="349AEEEEEEEEEEEEEEEEEEEEEEEEEEEEEEEE"/>
	<concept_set concept_set_id="280" concept_id="5033" concept_set="1207" sort_weight="1.0" creator="1" date_created="2005-12-15 13:26:49.0" uuid="280AEEEEEEEEEEEEEEEEEEEEEEEEEEEEEEEE"/>
	<concept_set concept_set_id="103" concept_id="882" concept_set="1207" sort_weight="2.0" creator="1" date_created="2005-12-15 13:26:49.0" uuid="103AEEEEEEEEEEEEEEEEEEEEEEEEEEEEEEEE"/>
	<concept_set concept_set_id="293" concept_id="5041" concept_set="1207" sort_weight="3.0" creator="1" date_created="2005-12-15 13:26:49.0" uuid="293AEEEEEEEEEEEEEEEEEEEEEEEEEEEEEEEE"/>
	<concept_set concept_set_id="343" concept_id="5344" concept_set="1207" sort_weight="4.0" creator="1" date_created="2005-12-15 13:26:49.0" uuid="343AEEEEEEEEEEEEEEEEEEEEEEEEEEEEEEEE"/>
	<concept_set concept_set_id="297" concept_id="5043" concept_set="1207" sort_weight="5.0" creator="1" date_created="2005-12-15 13:26:49.0" uuid="297AEEEEEEEEEEEEEEEEEEEEEEEEEEEEEEEE"/>
	<concept_set concept_set_id="345" concept_id="5345" concept_set="1207" sort_weight="6.0" creator="1" date_created="2005-12-15 13:26:49.0" uuid="345AEEEEEEEEEEEEEEEEEEEEEEEEEEEEEEEE"/>
	<concept_set concept_set_id="295" concept_id="5042" concept_set="1207" sort_weight="7.0" creator="1" date_created="2005-12-15 13:26:49.0" uuid="295AEEEEEEEEEEEEEEEEEEEEEEEEEEEEEEEE"/>
	<concept_set concept_set_id="301" concept_id="5046" concept_set="1207" sort_weight="8.0" creator="1" date_created="2005-12-15 13:26:49.0" uuid="301AEEEEEEEEEEEEEEEEEEEEEEEEEEEEEEEE"/>
	<concept_set concept_set_id="340" concept_id="5340" concept_set="1207" sort_weight="9.0" creator="1" date_created="2005-12-15 13:26:49.0" uuid="340AEEEEEEEEEEEEEEEEEEEEEEEEEEEEEEEE"/>
	<concept_set concept_set_id="347" concept_id="5350" concept_set="1207" sort_weight="10.0" creator="1" date_created="2005-12-15 13:26:49.0" uuid="347AEEEEEEEEEEEEEEEEEEEEEEEEEEEEEEEE"/>
	<concept_set concept_set_id="56" concept_id="507" concept_set="1207" sort_weight="11.0" creator="1" date_created="2005-12-15 13:26:49.0" uuid="56AEEEEEEEEEEEEEEEEEEEEEEEEEEEEEEEEE"/>
	<concept_set concept_set_id="93" concept_id="823" concept_set="1207" sort_weight="12.0" creator="1" date_created="2005-12-15 13:26:49.0" uuid="93AEEEEEEEEEEEEEEEEEEEEEEEEEEEEEEEEE"/>
	<concept_set concept_set_id="283" concept_id="5034" concept_set="1207" sort_weight="13.0" creator="1" date_created="2005-12-15 13:26:49.0" uuid="283AEEEEEEEEEEEEEEEEEEEEEEEEEEEEEEEE"/>
	<concept_set concept_set_id="286" concept_id="5035" concept_set="1207" sort_weight="14.0" creator="1" date_created="2005-12-15 13:26:49.0" uuid="286AEEEEEEEEEEEEEEEEEEEEEEEEEEEEEEEE"/>
	<concept_set concept_set_id="115" concept_id="990" concept_set="1207" sort_weight="15.0" creator="1" date_created="2006-04-18 17:14:59.0" uuid="115AEEEEEEEEEEEEEEEEEEEEEEEEEEEEEEEE"/>
	<concept_name concept_id="1207" name="WHO STAGE 4 ADULT" locale="en" creator="1" date_created="2005-02-09 00:00:00.0" concept_name_id="1284" voided="0" voided_by="1" uuid="1284BBBBBBBBBBBBBBBBBBBBBBBBBBBBBBBB" concept_name_type="FULLY_SPECIFIED" locale_preferred="true"/>
	<concept_name concept_id="1207" name="WHO class 4 adult" locale="en" creator="1" date_created="2012-06-14 18:42:01.0" concept_name_id="108904" voided="0" voided_by="1" uuid="108904BBBBBBBBBBBBBBBBBBBBBBBBBBBBBB" locale_preferred="false"/>
	<concept_name concept_id="1207" name="WHO class IV adult" locale="en" creator="1" date_created="2012-06-14 18:42:01.0" concept_name_id="108905" voided="0" voided_by="1" uuid="108905BBBBBBBBBBBBBBBBBBBBBBBBBBBBBB" locale_preferred="false"/>
	<concept concept_id="5354" retired="0" datatype_id="4" class_id="4" is_set="0" creator="1" date_created="2004-08-12 00:00:00.0" version="" changed_by="1" date_changed="2012-10-13 14:31:02.0" retired_by="1" uuid="5354AAAAAAAAAAAAAAAAAAAAAAAAAAAAAAAA"/>
	<concept_name concept_id="5354" name="HIV STAGING - SALMONELLA SEPTICEMIA" locale="en" creator="1" date_created="2004-08-12 00:00:00.0" concept_name_id="2472" voided="0" voided_by="1" uuid="2472BBBBBBBBBBBBBBBBBBBBBBBBBBBBBBBB" concept_name_type="FULLY_SPECIFIED" locale_preferred="true"/>
	<concept concept_id="5033" retired="0" datatype_id="4" class_id="4" is_set="0" creator="1" date_created="2004-08-12 00:00:00.0" version="" changed_by="1" date_changed="2012-10-12 18:29:46.0" retired_by="1" uuid="5033AAAAAAAAAAAAAAAAAAAAAAAAAAAAAAAA"/>
	<concept_name concept_id="5033" name="HIV STAGING - CRYPTOCOCCOSIS, EXTRAPULMONARY" locale="en" creator="1" date_created="2004-08-12 00:00:00.0" concept_name_id="2133" voided="0" voided_by="1" uuid="2133BBBBBBBBBBBBBBBBBBBBBBBBBBBBBBBB" concept_name_type="FULLY_SPECIFIED" locale_preferred="true"/>
	<concept_name concept_id="5033" name="Extrapulmonary cryptococcosis including meningitis" locale="en" creator="1" date_created="2012-06-08 20:49:45.0" concept_name_id="108786" voided="0" voided_by="1" void_reason="" uuid="108786BBBBBBBBBBBBBBBBBBBBBBBBBBBBBB" locale_preferred="false"/>
	<concept concept_id="882" retired="0" datatype_id="4" class_id="4" is_set="0" creator="1" date_created="2004-05-24 00:00:00.0" version="" changed_by="1" date_changed="2012-10-22 13:58:22.0" retired_by="1" uuid="882AAAAAAAAAAAAAAAAAAAAAAAAAAAAAAAAA"/>
	<concept_name concept_id="882" name="PCP" locale="en" creator="1" date_created="2004-10-20 00:00:00.0" concept_name_id="96212" voided="0" voided_by="1" void_reason="" uuid="96212BBBBBBBBBBBBBBBBBBBBBBBBBBBBBBB" locale_preferred="false"/>
	<concept_name concept_id="882" name="PNEUMOCYSTIC CARINII PNEUMONIA" locale="en" creator="1" date_created="2004-05-24 00:00:00.0" concept_name_id="926" voided="0" voided_by="1" uuid="926BBBBBBBBBBBBBBBBBBBBBBBBBBBBBBBBB" concept_name_type="FULLY_SPECIFIED" locale_preferred="true"/>
	<concept concept_id="5041" retired="0" datatype_id="4" class_id="4" is_set="0" creator="1" date_created="2004-08-12 00:00:00.0" version="" changed_by="1" date_changed="2012-10-12 18:40:17.0" retired_by="1" uuid="5041AAAAAAAAAAAAAAAAAAAAAAAAAAAAAAAA"/>
	<concept_name concept_id="5041" name="HIV STAGING - LYMPHOMA" locale="en" creator="1" date_created="2004-08-12 00:00:00.0" concept_name_id="2141" voided="0" voided_by="1" uuid="2141BBBBBBBBBBBBBBBBBBBBBBBBBBBBBBBB" concept_name_type="FULLY_SPECIFIED" locale_preferred="true"/>
	<concept concept_id="5344" retired="0" datatype_id="4" class_id="4" is_set="0" creator="1" date_created="2004-08-12 00:00:00.0" version="" changed_by="1" date_changed="2012-10-13 14:26:35.0" retired_by="1" uuid="5344AAAAAAAAAAAAAAAAAAAAAAAAAAAAAAAA"/>
	<concept_name concept_id="5344" name="HIV STAGING - MUCOCUTANEOUS HSV" locale="en" creator="1" date_created="2005-02-09 00:00:00.0" concept_name_id="92909" voided="0" voided_by="1" void_reason="" uuid="92909BBBBBBBBBBBBBBBBBBBBBBBBBBBBBBB" locale_preferred="false"/>
	<concept_name concept_id="5344" name="HIV STAGING - MUCOCUTANEOUS HERPES SIMPLEX" locale="en" creator="1" date_created="2004-08-12 00:00:00.0" concept_name_id="2462" voided="0" voided_by="1" uuid="2462BBBBBBBBBBBBBBBBBBBBBBBBBBBBBBBB" concept_name_type="FULLY_SPECIFIED" locale_preferred="true"/>
	<concept concept_id="5043" retired="0" datatype_id="4" class_id="4" is_set="0" creator="1" date_created="2004-08-12 00:00:00.0" version="" changed_by="1" date_changed="2012-10-13 12:25:11.0" retired_by="1" uuid="5043AAAAAAAAAAAAAAAAAAAAAAAAAAAAAAAA"/>
	<concept_name concept_id="5043" name="HIV STAGING - MYCOBACTERIUM, OTHER" locale="en" creator="1" date_created="2004-08-12 00:00:00.0" concept_name_id="2144" voided="0" voided_by="1" uuid="2144BBBBBBBBBBBBBBBBBBBBBBBBBBBBBBBB" concept_name_type="FULLY_SPECIFIED" locale_preferred="true"/>
	<concept concept_id="5345" retired="1" datatype_id="4" class_id="4" is_set="0" creator="1" date_created="2004-08-12 00:00:00.0" version="" changed_by="1" date_changed="2007-10-14 07:33:20.0" retired_by="1" uuid="5345AAAAAAAAAAAAAAAAAAAAAAAAAAAAAAAA"/>
	<concept_name concept_id="5345" name="ENCEPHALOPATHY" locale="en" creator="1" date_created="2004-08-12 00:00:00.0" concept_name_id="2463" voided="0" voided_by="1" uuid="2463BBBBBBBBBBBBBBBBBBBBBBBBBBBBBBBB" concept_name_type="FULLY_SPECIFIED" locale_preferred="true"/>
	<concept concept_id="5042" retired="0" datatype_id="4" class_id="4" is_set="0" creator="1" date_created="2004-08-12 00:00:00.0" version="" changed_by="1" date_changed="2012-06-06 12:47:10.0" retired_by="1" uuid="5042AAAAAAAAAAAAAAAAAAAAAAAAAAAAAAAA"/>
	<concept_name concept_id="5042" name="Mycobacterium Tuberculosis, extrapulmonary" locale="en" creator="1" date_created="2004-08-12 00:00:00.0" concept_name_id="2142" voided="0" voided_by="1" uuid="2142BBBBBBBBBBBBBBBBBBBBBBBBBBBBBBBB" concept_name_type="FULLY_SPECIFIED" locale_preferred="true"/>
	<concept_name concept_id="5042" name="Extrapulmonary TB" locale="en" creator="1" date_created="2011-01-17 21:07:05.0" concept_name_id="107702" voided="0" voided_by="1" void_reason="" uuid="107702BBBBBBBBBBBBBBBBBBBBBBBBBBBBBB" locale_preferred="false"/>
	<concept_name concept_id="5042" name="Extra-pulmonary tuberculosis" locale="en" creator="1" date_created="2011-10-12 08:44:17.0" concept_name_id="108140" voided="0" voided_by="1" void_reason="" uuid="108140BBBBBBBBBBBBBBBBBBBBBBBBBBBBBB" locale_preferred="false"/>
	<concept_name concept_id="5042" name="EPTB (extrapulmonary tuberculosis)" locale="en" creator="1" date_created="2010-04-26 08:56:13.0" concept_name_id="105598" voided="0" voided_by="1" void_reason="" uuid="105598BBBBBBBBBBBBBBBBBBBBBBBBBBBBBB" locale_preferred="false"/>
	<concept concept_id="5046" retired="0" datatype_id="4" class_id="4" is_set="0" creator="1" date_created="2004-08-12 00:00:00.0" version="" changed_by="1" date_changed="2010-08-13 19:27:58.0" retired_by="1" uuid="5046AAAAAAAAAAAAAAAAAAAAAAAAAAAAAAAA"/>
	<concept_name concept_id="5046" name="PML (PROGRESSIVE MULTIFOCAL LEUKOENCEPHALOPATHY)" locale="en" creator="1" date_created="2005-01-13 00:00:00.0" concept_name_id="96577" voided="0" voided_by="1" uuid="96577BBBBBBBBBBBBBBBBBBBBBBBBBBBBBBB" locale_preferred="false"/>
	<concept_name concept_id="5046" name="PML" locale="en" creator="1" date_created="2004-08-12 00:00:00.0" concept_name_id="87028" voided="0" voided_by="1" uuid="87028BBBBBBBBBBBBBBBBBBBBBBBBBBBBBBB" concept_name_type="SHORT" locale_preferred="false"/>
	<concept_name concept_id="5046" name="PROGRESSIVE MULTIFOCAL LEUKOENCEPHALOPATHY" locale="en" creator="1" date_created="2004-08-12 00:00:00.0" concept_name_id="2147" voided="0" voided_by="1" uuid="2147BBBBBBBBBBBBBBBBBBBBBBBBBBBBBBBB" concept_name_type="FULLY_SPECIFIED" locale_preferred="true"/>
	<concept concept_id="5350" retired="0" datatype_id="4" class_id="4" is_set="0" creator="1" date_created="2004-08-12 00:00:00.0" version="" changed_by="1" date_changed="2012-10-13 14:28:39.0" retired_by="1" uuid="5350AAAAAAAAAAAAAAAAAAAAAAAAAAAAAAAA"/>
	<concept_name concept_id="5350" name="HIV STAGING - DISSEMINATED ENDEMIC MYCOSIS" locale="en" creator="1" date_created="2004-08-12 00:00:00.0" concept_name_id="2468" voided="0" voided_by="1" uuid="2468BBBBBBBBBBBBBBBBBBBBBBBBBBBBBBBB" concept_name_type="FULLY_SPECIFIED" locale_preferred="true"/>
	<concept concept_id="507" retired="0" datatype_id="4" class_id="4" is_set="0" creator="1" date_created="2004-01-01 00:00:00.0" version="" changed_by="1" date_changed="2012-07-15 20:11:02.0" retired_by="1" uuid="507AAAAAAAAAAAAAAAAAAAAAAAAAAAAAAAAA"/>
	<concept_name concept_id="507" name="KAPOSI SARCOMA" locale="en" creator="1" date_created="2005-02-17 10:19:18.0" concept_name_id="93613" voided="0" voided_by="1" void_reason="" uuid="93613BBBBBBBBBBBBBBBBBBBBBBBBBBBBBBB" locale_preferred="false"/>
	<concept_name concept_id="507" name="KAPOSI'S SARCOMA OF SKIN" locale="en" creator="1" date_created="2004-01-01 00:00:00.0" concept_name_id="539" voided="0" voided_by="1" uuid="539BBBBBBBBBBBBBBBBBBBBBBBBBBBBBBBBB" concept_name_type="FULLY_SPECIFIED" locale_preferred="true"/>
	<concept_name concept_id="507" name="KS" locale="en" creator="1" date_created="2005-02-17 10:19:18.0" concept_name_id="93761" voided="0" voided_by="1" void_reason="" uuid="93761BBBBBBBBBBBBBBBBBBBBBBBBBBBBBBB" locale_preferred="false"/>
	<concept concept_id="823" retired="0" datatype_id="4" class_id="4" is_set="0" creator="1" date_created="2004-05-04 00:00:00.0" version="" changed_by="1" date_changed="2012-06-05 21:59:38.0" retired_by="1" uuid="823AAAAAAAAAAAAAAAAAAAAAAAAAAAAAAAAA"/>
	<concept_name concept_id="823" name="WASTING SYNDROME" locale="en" creator="1" date_created="2004-05-04 00:00:00.0" concept_name_id="861" voided="0" voided_by="1" uuid="861BBBBBBBBBBBBBBBBBBBBBBBBBBBBBBBBB" concept_name_type="FULLY_SPECIFIED" locale_preferred="true"/>
	<concept_name concept_id="823" name="HIV wasting syndrome" locale="en" creator="1" date_created="2012-06-05 21:59:38.0" concept_name_id="108658" voided="0" voided_by="1" uuid="108658BBBBBBBBBBBBBBBBBBBBBBBBBBBBBB" locale_preferred="false"/>
	<concept_name concept_id="823" name="Wasting Disease" locale="en" creator="1" date_created="2007-10-18 04:28:24.0" concept_name_id="100160" voided="0" voided_by="1" void_reason="" uuid="100160BBBBBBBBBBBBBBBBBBBBBBBBBBBBBB" locale_preferred="false"/>
	<concept concept_id="5034" retired="0" datatype_id="4" class_id="4" is_set="0" creator="1" date_created="2004-08-12 00:00:00.0" version="" changed_by="1" date_changed="2012-10-12 18:31:12.0" retired_by="1" uuid="5034AAAAAAAAAAAAAAAAAAAAAAAAAAAAAAAA"/>
	<concept_name concept_id="5034" name="HIV STAGING - CRYPTOSPORIDIOSIS" locale="en" creator="1" date_created="2004-08-12 00:00:00.0" concept_name_id="2134" voided="0" voided_by="1" uuid="2134BBBBBBBBBBBBBBBBBBBBBBBBBBBBBBBB" concept_name_type="FULLY_SPECIFIED" locale_preferred="true"/>
	<concept concept_id="5035" retired="0" datatype_id="4" class_id="4" is_set="0" creator="1" date_created="2004-08-12 00:00:00.0" version="" changed_by="1" date_changed="2012-10-12 18:33:19.0" retired_by="1" uuid="5035AAAAAAAAAAAAAAAAAAAAAAAAAAAAAAAA"/>
	<concept_name concept_id="5035" name="HIV STAGING - CYTOMEGALOVIRUS DISEASE" locale="en" creator="1" date_created="2004-08-12 00:00:00.0" concept_name_id="2135" voided="0" voided_by="1" uuid="2135BBBBBBBBBBBBBBBBBBBBBBBBBBBBBBBB" concept_name_type="FULLY_SPECIFIED" locale_preferred="true"/>
	<concept concept_id="990" retired="0" datatype_id="4" class_id="4" is_set="0" creator="1" date_created="2006-04-18 17:06:24.0" version="" changed_by="1" date_changed="2012-10-22 13:55:00.0" retired_by="1" uuid="990AAAAAAAAAAAAAAAAAAAAAAAAAAAAAAAAA"/>
	<concept_name concept_id="990" name="TOXOPLASMOSIS, CENTRAL NERVOUS SYSTEM" locale="en" creator="1" date_created="2006-04-18 17:06:24.0" concept_name_id="1040" voided="0" voided_by="1" uuid="1040BBBBBBBBBBBBBBBBBBBBBBBBBBBBBBBB" concept_name_type="FULLY_SPECIFIED" locale_preferred="true"/>
	<concept concept_id="1223" retired="0" datatype_id="4" class_id="10" is_set="1" creator="1" date_created="2005-02-09 00:00:00.0" version="" changed_by="1" date_changed="2012-06-14 18:46:27.0" retired_by="1" uuid="1223AAAAAAAAAAAAAAAAAAAAAAAAAAAAAAAA"/>
	<concept_set concept_set_id="253" concept_id="5016" concept_set="1223" sort_weight="0.0" creator="1" date_created="2005-12-15 13:26:49.0" uuid="253AEEEEEEEEEEEEEEEEEEEEEEEEEEEEEEEE"/>
	<concept_set concept_set_id="284" concept_id="5034" concept_set="1223" sort_weight="1.0" creator="1" date_created="2005-12-15 13:26:49.0" uuid="284AEEEEEEEEEEEEEEEEEEEEEEEEEEEEEEEE"/>
	<concept_set concept_set_id="149" concept_id="1216" concept_set="1223" sort_weight="2.0" creator="1" date_created="2005-12-15 13:26:49.0" uuid="149AEEEEEEEEEEEEEEEEEEEEEEEEEEEEEEEE"/>
	<concept_set concept_set_id="302" concept_id="5046" concept_set="1223" sort_weight="3.0" creator="1" date_created="2005-12-15 13:26:49.0" uuid="302AEEEEEEEEEEEEEEEEEEEEEEEEEEEEEEEE"/>
	<concept_set concept_set_id="37" concept_id="204" concept_set="1223" sort_weight="4.0" creator="1" date_created="2005-12-15 13:26:49.0" uuid="37AEEEEEEEEEEEEEEEEEEEEEEEEEEEEEEEEE"/>
	<concept_set concept_set_id="287" concept_id="5035" concept_set="1223" sort_weight="5.0" creator="1" date_created="2005-12-15 13:26:49.0" uuid="287AEEEEEEEEEEEEEEEEEEEEEEEEEEEEEEEE"/>
	<concept_set concept_set_id="268" concept_id="5025" concept_set="1223" sort_weight="6.0" creator="1" date_created="2005-12-15 13:26:49.0" uuid="268AEEEEEEEEEEEEEEEEEEEEEEEEEEEEEEEE"/>
	<concept_set concept_set_id="152" concept_id="1219" concept_set="1223" sort_weight="7.0" creator="1" date_created="2005-12-15 13:26:49.0" uuid="152AEEEEEEEEEEEEEEEEEEEEEEEEEEEEEEEE"/>
	<concept_set concept_set_id="104" concept_id="882" concept_set="1223" sort_weight="8.0" creator="1" date_created="2005-12-15 13:26:49.0" uuid="104AEEEEEEEEEEEEEEEEEEEEEEEEEEEEEEEE"/>
	<concept_set concept_set_id="334" concept_id="5333" concept_set="1223" sort_weight="9.0" creator="1" date_created="2005-12-15 13:26:49.0" uuid="334AEEEEEEEEEEEEEEEEEEEEEEEEEEEEEEEE"/>
	<concept_set concept_set_id="94" concept_id="823" concept_set="1223" sort_weight="10.0" creator="1" date_created="2005-12-15 13:26:49.0" uuid="94AEEEEEEEEEEEEEEEEEEEEEEEEEEEEEEEEE"/>
	<concept_set concept_set_id="57" concept_id="507" concept_set="1223" sort_weight="11.0" creator="1" date_created="2005-12-15 13:26:49.0" uuid="57AEEEEEEEEEEEEEEEEEEEEEEEEEEEEEEEEE"/>
	<concept_set concept_set_id="290" concept_id="5038" concept_set="1223" sort_weight="12.0" creator="1" date_created="2005-12-15 13:26:49.0" uuid="290AEEEEEEEEEEEEEEEEEEEEEEEEEEEEEEEE"/>
	<concept_set concept_set_id="346" concept_id="5345" concept_set="1223" sort_weight="13.0" creator="1" date_created="2005-12-15 13:26:49.0" uuid="346AEEEEEEEEEEEEEEEEEEEEEEEEEEEEEEEE"/>
	<concept_set concept_set_id="298" concept_id="5043" concept_set="1223" sort_weight="14.0" creator="1" date_created="2005-12-15 13:26:49.0" uuid="298AEEEEEEEEEEEEEEEEEEEEEEEEEEEEEEEE"/>
	<concept_set concept_set_id="281" concept_id="5033" concept_set="1223" sort_weight="15.0" creator="1" date_created="2005-12-15 13:26:49.0" uuid="281AEEEEEEEEEEEEEEEEEEEEEEEEEEEEEEEE"/>
	<concept_set concept_set_id="350" concept_id="5355" concept_set="1223" sort_weight="16.0" creator="1" date_created="2005-12-15 13:26:49.0" uuid="350AEEEEEEEEEEEEEEEEEEEEEEEEEEEEEEEE"/>
	<concept_set concept_set_id="278" concept_id="5032" concept_set="1223" sort_weight="17.0" creator="1" date_created="2005-12-15 13:26:49.0" uuid="278AEEEEEEEEEEEEEEEEEEEEEEEEEEEEEEEE"/>
	<concept_name concept_id="1223" name="WHO class 4 pediatric" locale="en" creator="1" date_created="2012-06-14 18:46:27.0" concept_name_id="108912" voided="0" voided_by="1" uuid="108912BBBBBBBBBBBBBBBBBBBBBBBBBBBBBB" locale_preferred="false"/>
	<concept_name concept_id="1223" name="WHO class IV pediatric" locale="en" creator="1" date_created="2012-06-14 18:46:27.0" concept_name_id="108913" voided="0" voided_by="1" uuid="108913BBBBBBBBBBBBBBBBBBBBBBBBBBBBBB" locale_preferred="false"/>
	<concept_name concept_id="1223" name="WHO STAGE 4 PEDS" locale="en" creator="1" date_created="2005-02-09 00:00:00.0" concept_name_id="1300" voided="0" voided_by="1" uuid="1300BBBBBBBBBBBBBBBBBBBBBBBBBBBBBBBB" concept_name_type="FULLY_SPECIFIED" locale_preferred="true"/>
	<concept concept_id="5016" retired="0" datatype_id="4" class_id="4" is_set="0" creator="1" date_created="2004-08-12 00:00:00.0" version="" changed_by="1" date_changed="2010-09-20 14:35:45.0" retired_by="1" uuid="5016AAAAAAAAAAAAAAAAAAAAAAAAAAAAAAAA"/>
	<concept_name concept_id="5016" name="CARDIOMYOPATHY" locale="en" creator="1" date_created="2004-08-12 00:00:00.0" concept_name_id="2115" voided="0" voided_by="1" uuid="2115BBBBBBBBBBBBBBBBBBBBBBBBBBBBBBBB" concept_name_type="FULLY_SPECIFIED" locale_preferred="true"/>
	<concept_name concept_id="5016" name="Nonischemic Cardiomyopathy" locale="en" creator="1" date_created="2007-10-18 04:28:24.0" concept_name_id="95442" voided="0" voided_by="1" uuid="95442BBBBBBBBBBBBBBBBBBBBBBBBBBBBBBB" locale_preferred="false"/>
	<concept concept_id="204" retired="1" datatype_id="4" class_id="4" is_set="0" creator="1" date_created="2004-01-01 00:00:00.0" version="" changed_by="1" date_changed="2007-10-14 07:33:17.0" retired_by="1" uuid="204AAAAAAAAAAAAAAAAAAAAAAAAAAAAAAAAA"/>
	<concept_name concept_id="204" name="CANDIDIASIS" locale="en" creator="1" date_created="2004-01-01 00:00:00.0" concept_name_id="229" voided="0" voided_by="1" uuid="229BBBBBBBBBBBBBBBBBBBBBBBBBBBBBBBBB" concept_name_type="FULLY_SPECIFIED" locale_preferred="true"/>
	<concept concept_id="5025" retired="1" datatype_id="4" class_id="4" is_set="0" creator="1" date_created="2004-08-12 00:00:00.0" version="" changed_by="1" date_changed="2007-10-14 07:33:20.0" retired_by="1" uuid="5025AAAAAAAAAAAAAAAAAAAAAAAAAAAAAAAA"/>
	<concept_name concept_id="5025" name="NEPHROPATHY" locale="en" creator="1" date_created="2004-08-12 00:00:00.0" concept_name_id="2125" voided="0" voided_by="1" uuid="2125BBBBBBBBBBBBBBBBBBBBBBBBBBBBBBBB" concept_name_type="FULLY_SPECIFIED" locale_preferred="true"/>
	<concept concept_id="1219" retired="0" datatype_id="4" class_id="4" is_set="0" creator="1" date_created="2005-02-09 00:00:00.0" version="" changed_by="1" date_changed="2013-07-29 13:35:20.0" retired_by="1" uuid="1219AAAAAAAAAAAAAAAAAAAAAAAAAAAAAAAA"/>
	<concept_name concept_id="1219" name="CRYPTOCOCCOSIS" locale="en" creator="1" date_created="2005-02-09 00:00:00.0" concept_name_id="1296" voided="0" voided_by="1" uuid="1296BBBBBBBBBBBBBBBBBBBBBBBBBBBBBBBB" concept_name_type="FULLY_SPECIFIED" locale_preferred="true"/>
	<concept concept_id="5333" retired="0" datatype_id="4" class_id="4" is_set="0" creator="1" date_created="2004-08-12 00:00:00.0" version="" changed_by="1" date_changed="2013-05-07 13:18:19.0" retired_by="1" uuid="5333AAAAAAAAAAAAAAAAAAAAAAAAAAAAAAAA"/>
	<concept_name concept_id="5333" name="HIV STAGING - SEVERE BACTERIAL INFECTION" locale="en" creator="1" date_created="2004-08-12 00:00:00.0" concept_name_id="2447" voided="0" voided_by="1" uuid="2447BBBBBBBBBBBBBBBBBBBBBBBBBBBBBBBB" concept_name_type="FULLY_SPECIFIED" locale_preferred="true"/>
	<concept concept_id="5038" retired="0" datatype_id="4" class_id="4" is_set="0" creator="1" date_created="2004-08-12 00:00:00.0" version="" changed_by="1" date_changed="2010-04-26 10:39:40.0" retired_by="1" uuid="5038AAAAAAAAAAAAAAAAAAAAAAAAAAAAAAAA"/>
	<concept_name concept_id="5038" name="histoplasmosis, disseminated" locale="en" creator="1" date_created="2010-04-26 10:36:22.0" concept_name_id="105619" voided="0" voided_by="1" uuid="105619BBBBBBBBBBBBBBBBBBBBBBBBBBBBBB" locale_preferred="false"/>
	<concept_name concept_id="5038" name="HIV STAGING - HISTOPLASMOSIS, DISSEMINATED" locale="en" creator="1" date_created="2004-08-12 00:00:00.0" concept_name_id="2138" voided="0" voided_by="1" uuid="2138BBBBBBBBBBBBBBBBBBBBBBBBBBBBBBBB" concept_name_type="FULLY_SPECIFIED" locale_preferred="true"/>
	<concept concept_id="5355" retired="0" datatype_id="10" class_id="4" is_set="0" creator="1" date_created="2004-08-12 00:00:00.0" version="603289" changed_by="1" date_changed="2013-07-29 13:36:41.0" retired_by="1" uuid="5355AAAAAAAAAAAAAAAAAAAAAAAAAAAAAAAA"/>
	<concept_name concept_id="5355" name="TOXOPLASMOSIS" locale="en" creator="1" date_created="2004-08-12 00:00:00.0" concept_name_id="2473" voided="0" voided_by="1" uuid="2473BBBBBBBBBBBBBBBBBBBBBBBBBBBBBBBB" concept_name_type="FULLY_SPECIFIED" locale_preferred="true"/>
	<concept concept_id="5032" retired="0" datatype_id="4" class_id="4" is_set="0" creator="1" date_created="2004-08-12 00:00:00.0" version="" changed_by="1" date_changed="2013-02-22 18:02:28.0" retired_by="1" uuid="5032AAAAAAAAAAAAAAAAAAAAAAAAAAAAAAAA"/>
	<concept_name concept_id="5032" name="HIV STAGING - COCCIDIODOMYCOSIS, DISSEMINATED" locale="en" creator="1" date_created="2004-08-12 00:00:00.0" concept_name_id="2132" voided="0" voided_by="1" uuid="2132BBBBBBBBBBBBBBBBBBBBBBBBBBBBBBBB" concept_name_type="FULLY_SPECIFIED" locale_preferred="true"/>
	<concept_name concept_id="5032" name="COCCIDIODOMYCOSIS, DISSEMINATED" locale="en" creator="1" date_created="2010-04-25 17:22:53.0" concept_name_id="105590" voided="0" voided_by="1" void_reason="" uuid="105590BBBBBBBBBBBBBBBBBBBBBBBBBBBBBB" locale_preferred="false"/>
	<concept concept_id="1059" retired="0" datatype_id="4" class_id="11" is_set="0" creator="1" date_created="2005-01-06 00:00:00.0" version="" changed_by="1" date_changed="2010-10-01 19:05:45.0" retired_by="1" uuid="1059AAAAAAAAAAAAAAAAAAAAAAAAAAAAAAAA"/>
	<concept_name concept_id="1059" name="SPOUSE DIED" locale="en" creator="1" date_created="2005-01-06 00:00:00.0" concept_name_id="98299" voided="0" voided_by="1" uuid="98299BBBBBBBBBBBBBBBBBBBBBBBBBBBBBBB" locale_preferred="false"/>
	<concept_name concept_id="1059" name="WIDOWED" locale="en" creator="1" date_created="2005-01-06 00:00:00.0" concept_name_id="1127" voided="0" voided_by="1" uuid="1127BBBBBBBBBBBBBBBBBBBBBBBBBBBBBBBB" concept_name_type="FULLY_SPECIFIED" locale_preferred="true"/>
	<concept concept_id="1065" retired="0" datatype_id="4" class_id="11" is_set="0" creator="1" date_created="2005-01-06 00:00:00.0" version="" changed_by="1" date_changed="2013-01-27 01:41:22.0" retired_by="1" uuid="1065AAAAAAAAAAAAAAAAAAAAAAAAAAAAAAAA"/>
	<concept_name concept_id="1065" name="YES" locale="en" creator="1" date_created="2005-01-06 00:00:00.0" concept_name_id="1136" voided="0" voided_by="1" uuid="1136BBBBBBBBBBBBBBBBBBBBBBBBBBBBBBBB" concept_name_type="FULLY_SPECIFIED" locale_preferred="true"/>
</dataset>