<?xml version='1.0' encoding='UTF-8'?>
<dataset>
	<!-- Stavudine -->
	<concept concept_id="84309" retired="false" datatype_id="4" class_id="3" is_set="false" creator="1" date_created="2004-08-12 00:00:00.0" version="0.1" changed_by="1" date_changed="2006-06-09 14:57:33.0" uuid="84309AAAAAAAAAAAAAAAAAAAAAAAAAAAAAAA"/>
	<concept_name concept_name_id="84309" concept_id="84309" name="STAVUDINE" locale="en" creator="1" date_created="2004-08-12 00:00:00.0" concept_name_type="FULLY_SPECIFIED" locale_preferred="1" voided="false" uuid="84309-full-name"/>
	<concept_set concept_set_id="84309" concept_id="84309" concept_set="1085" sort_weight="1" creator="1" date_created="2004-08-12 00:00:00.0" uuid="84309-set"/>

	<!-- Zidovudine -->
	<concept concept_id="86663" retired="false" datatype_id="4" class_id="3" is_set="false" creator="1" date_created="2004-08-12 00:00:00.0" version="0.1" changed_by="1" date_changed="2006-06-09 14:57:33.0" uuid="86663AAAAAAAAAAAAAAAAAAAAAAAAAAAAAAA"/>
	<concept_name concept_name_id="86663" concept_id="86663" name="ZIDOVUDINE" locale="en" creator="1" date_created="2004-08-12 00:00:00.0" concept_name_type="FULLY_SPECIFIED" locale_preferred="1" voided="false" uuid="86663-name"/>
	<concept_set concept_set_id="86663" concept_id="86663" concept_set="1085" sort_weight="1" creator="1" date_created="2004-08-12 00:00:00.0" uuid="86663-set"/>

	<!-- Tenofovir -->
	<concept concept_id="84795" retired="false" datatype_id="4" class_id="3" is_set="false" creator="1" date_created="2004-08-12 00:00:00.0" version="0.1" changed_by="1" date_changed="2006-06-09 14:57:33.0" uuid="84795AAAAAAAAAAAAAAAAAAAAAAAAAAAAAAA"/>
	<concept_name concept_name_id="84795" concept_id="84795" name="TENOFOVIR" locale="en" creator="1" date_created="2004-08-12 00:00:00.0" concept_name_type="FULLY_SPECIFIED" locale_preferred="1" voided="false" uuid="84795-name"/>
	<concept_set concept_set_id="84795" concept_id="84795" concept_set="1085" sort_weight="1" creator="1" date_created="2004-08-12 00:00:00.0" uuid="84795-set"/>

	<!-- Lamivudine -->
	<concept concept_id="78643" retired="false" datatype_id="4" class_id="3" is_set="false" creator="1" date_created="2004-08-12 00:00:00.0" version="0.1" changed_by="1" date_changed="2006-06-09 14:57:33.0" uuid="78643AAAAAAAAAAAAAAAAAAAAAAAAAAAAAAA"/>
	<concept_name concept_name_id="78643" concept_id="78643" name="LAMIVUDINE" locale="en" creator="1" date_created="2004-08-12 00:00:00.0" concept_name_type="FULLY_SPECIFIED" locale_preferred="1" voided="false" uuid="78643-name"/>
	<concept_set concept_set_id="78643" concept_id="78643" concept_set="1085" sort_weight="1" creator="1" date_created="2004-08-12 00:00:00.0" uuid="78643-set"/>

	<!-- Abacavir -->
	<concept concept_id="70056" retired="false" datatype_id="4" class_id="3" is_set="false" creator="1" date_created="2004-08-12 00:00:00.0" version="0.1" changed_by="1" date_changed="2006-06-09 14:57:33.0" uuid="70056AAAAAAAAAAAAAAAAAAAAAAAAAAAAAAA"/>
	<concept_name concept_name_id="70056" concept_id="70056" name="ABACAVIR" locale="en" creator="1" date_created="2004-08-12 00:00:00.0" concept_name_type="FULLY_SPECIFIED" locale_preferred="1" voided="false" uuid="70056-name"/>
	<concept_set concept_set_id="70056" concept_id="70056" concept_set="1085" sort_weight="1" creator="1" date_created="2004-08-12 00:00:00.0" uuid="70056-set"/>

	<!-- Emtricitabine -->
	<concept concept_id="75628" retired="false" datatype_id="4" class_id="3" is_set="false" creator="1" date_created="2004-08-12 00:00:00.0" version="0.1" changed_by="1" date_changed="2006-06-09 14:57:33.0" uuid="75628AAAAAAAAAAAAAAAAAAAAAAAAAAAAAAA"/>
	<concept_name concept_name_id="75628" concept_id="75628" name="EMTRICITABINE" locale="en" creator="1" date_created="2004-08-12 00:00:00.0" concept_name_type="FULLY_SPECIFIED" locale_preferred="1" voided="false" uuid="75628-name"/>
	<concept_set concept_set_id="75628" concept_id="75628" concept_set="1085" sort_weight="1" creator="1" date_created="2004-08-12 00:00:00.0" uuid="75628-set"/>

	<!-- Didanosine -->
	<concept concept_id="74807" retired="false" datatype_id="4" class_id="3" is_set="false" creator="1" date_created="2004-08-12 00:00:00.0" version="0.1" changed_by="1" date_changed="2006-06-09 14:57:33.0" uuid="74807AAAAAAAAAAAAAAAAAAAAAAAAAAAAAAA"/>
	<concept_name concept_name_id="74807" concept_id="74807" name="DIDANOSINE" locale="en" creator="1" date_created="2004-08-12 00:00:00.0" concept_name_type="FULLY_SPECIFIED" locale_preferred="1" voided="false" uuid="74807-name"/>
	<concept_set concept_set_id="74807" concept_id="74807" concept_set="1085" sort_weight="1" creator="1" date_created="2004-08-12 00:00:00.0" uuid="74807-set"/>

	<!-- Nevirapine -->
	<concept concept_id="80586" retired="false" datatype_id="4" class_id="3" is_set="false" creator="1" date_created="2004-08-12 00:00:00.0" version="0.1" changed_by="1" date_changed="2006-06-09 14:57:33.0" uuid="80586AAAAAAAAAAAAAAAAAAAAAAAAAAAAAAA"/>
	<concept_name concept_name_id="80586" concept_id="80586" name="NEVIRAPINE" locale="en" creator="1" date_created="2004-08-12 00:00:00.0" concept_name_type="FULLY_SPECIFIED" locale_preferred="1" voided="false" uuid="80586-name"/>
	<concept_set concept_set_id="80586" concept_id="80586" concept_set="1085" sort_weight="1" creator="1" date_created="2004-08-12 00:00:00.0" uuid="80586-set"/>

	<!-- Efavirenz -->
	<concept concept_id="75523" retired="false" datatype_id="4" class_id="3" is_set="false" creator="1" date_created="2004-08-12 00:00:00.0" version="0.1" changed_by="1" date_changed="2006-06-09 14:57:33.0" uuid="75523AAAAAAAAAAAAAAAAAAAAAAAAAAAAAAA"/>
	<concept_name concept_name_id="75523" concept_id="75523" name="EFAVIRENZ" locale="en" creator="1" date_created="2004-08-12 00:00:00.0" concept_name_type="FULLY_SPECIFIED" locale_preferred="1" voided="false" uuid="75523-full-name"/>
	<concept_set concept_set_id="75523" concept_id="75523" concept_set="1085" sort_weight="1" creator="1" date_created="2004-08-12 00:00:00.0" uuid="75523-set"/>

	<!-- Lopinavir -->
	<concept concept_id="79040" retired="false" datatype_id="4" class_id="3" is_set="false" creator="1" date_created="2004-08-12 00:00:00.0" version="0.1" changed_by="1" date_changed="2006-06-09 14:57:33.0" uuid="79040AAAAAAAAAAAAAAAAAAAAAAAAAAAAAAA"/>
	<concept_name concept_name_id="79040" concept_id="79040" name="LOPINAVIR" locale="en" creator="1" date_created="2004-08-12 00:00:00.0" concept_name_type="FULLY_SPECIFIED" locale_preferred="1" voided="false" uuid="79040-name"/>
	<concept_set concept_set_id="79040" concept_id="79040" concept_set="1085" sort_weight="1" creator="1" date_created="2004-08-12 00:00:00.0" uuid="79040-set"/>

	<!-- Ritonavir -->
	<concept concept_id="83412" retired="false" datatype_id="4" class_id="3" is_set="false" creator="1" date_created="2004-08-12 00:00:00.0" version="0.1" changed_by="1" date_changed="2006-06-09 14:57:33.0" uuid="83412AAAAAAAAAAAAAAAAAAAAAAAAAAAAAAA"/>
	<concept_name concept_name_id="83412" concept_id="83412" name="RITONAVIR" locale="en" creator="1" date_created="2004-08-12 00:00:00.0" concept_name_type="FULLY_SPECIFIED" locale_preferred="1" voided="false" uuid="83412-name"/>
	<concept_set concept_set_id="83412" concept_id="83412" concept_set="1085" sort_weight="1" creator="1" date_created="2004-08-12 00:00:00.0" uuid="83412-set"/>

	<!-- Atazanavir -->
	<concept concept_id="71647" retired="false" datatype_id="4" class_id="3" is_set="false" creator="1" date_created="2004-08-12 00:00:00.0" version="0.1" changed_by="1" date_changed="2006-06-09 14:57:33.0" uuid="71647AAAAAAAAAAAAAAAAAAAAAAAAAAAAAAA"/>
	<concept_name concept_name_id="71647" concept_id="71647" name="ATAZANAVIR" locale="en" creator="1" date_created="2004-08-12 00:00:00.0" concept_name_type="FULLY_SPECIFIED" locale_preferred="1" voided="false" uuid="71647-name"/>
	<concept_set concept_set_id="71647" concept_id="71647" concept_set="1085" sort_weight="1" creator="1" date_created="2004-08-12 00:00:00.0" uuid="71647-set"/>

	<!-- Aspirin -->
	<concept concept_id="71617" retired="false" datatype_id="4" class_id="3" is_set="false" creator="1" date_created="2004-08-12 00:00:00.0" version="0.1" changed_by="1" date_changed="2006-06-09 14:57:33.0" uuid="71617AAAAAAAAAAAAAAAAAAAAAAAAAAAAAAA"/>
	<concept_name concept_name_id="71617" concept_id="71617" name="ASPIRIN" locale="en" creator="1" date_created="2004-08-12 00:00:00.0" concept_name_type="FULLY_SPECIFIED" locale_preferred="1" voided="false" uuid="71617-name"/>

	<!-- Dapsone -->
	<concept concept_id="74250" retired="false" datatype_id="4" class_id="3" is_set="false" creator="1" date_created="2004-08-12 00:00:00.0" version="0.1" changed_by="1" date_changed="2006-06-09 14:57:33.0" uuid="74250AAAAAAAAAAAAAAAAAAAAAAAAAAAAAAA"/>
	<concept_name concept_name_id="74250" concept_id="74250" name="DAPSONE" locale="en" creator="1" date_created="2004-08-12 00:00:00.0" concept_name_type="FULLY_SPECIFIED" locale_preferred="1" voided="false" uuid="74250-name"/>
</dataset>