<!--
	Defines the standard Kenya regimens
-->
<definitions xmlns="http://www.kenyaemr.org/regimens" version="1">
	<category code="ARV">
		<drugs>
			<drug code="D4T" conceptUuid="84309AAAAAAAAAAAAAAAAAAAAAAAAAAAAAAA" /><!-- Stavudine -->
			<drug code="AZT" conceptUuid="86663AAAAAAAAAAAAAAAAAAAAAAAAAAAAAAA" /><!-- Zidovudine -->
			<drug code="3TC" conceptUuid="78643AAAAAAAAAAAAAAAAAAAAAAAAAAAAAAA" /><!-- Lamivudine -->
		</drugs>
		<regimens>
			<!-- Adult fixed dose combinations -->
			<regimen name="AZT + 3TC (300mg/150mg)" suitability="adult">
				<component drugCode="AZT" dose="300" units="mg" />
				<component drugCode="3TC" dose="150" units="mg" />
			</regimen>
			<regimen name="D4T + 3TC (30mg/150mg)" suitability="adult">
				<component drugCode="D4T" dose="30" units="mg" />
				<component drugCode="3TC" dose="150" units="mg" />
			</regimen>

			<!-- Children fixed dose combinations -->
			<regimen name="AZT + 3TC (60mg/30mg)" suitability="child">
				<component drugCode="AZT" dose="60" units="mg" />
				<component drugCode="3TC" dose="30" units="mg" />
			</regimen>
		</regimens>
	</category>
</definitions>