<?xml version='1.0' encoding='UTF-8'?>
<dataset>
	<!-- ARV medset -->
	<concept concept_id="1085" retired="false" datatype_id="4" class_id="9" is_set="true" creator="1" date_created="2004-08-12 00:00:00.0" version="0.1" changed_by="1" date_changed="2006-06-09 14:57:33.0" uuid="1085AAAAAAAAAAAAAAAAAAAAAAAAAAAAAAAA"/>
	<concept_name concept_name_id="1085" concept_id="1085" name="ANTIRETROVIRAL DRUGS" locale="en" creator="1" date_created="2004-08-12 00:00:00.0" concept_name_type="FULLY_SPECIFIED" locale_preferred="1" voided="false" uuid="1085-name"/>

	<!-- Stavudine -->
	<concept concept_id="84309" retired="false" datatype_id="4" class_id="3" is_set="false" creator="1" date_created="2004-08-12 00:00:00.0" version="0.1" changed_by="1" date_changed="2006-06-09 14:57:33.0" uuid="84309AAAAAAAAAAAAAAAAAAAAAAAAAAAAAAA"/>
	<concept_name concept_name_id="84309" concept_id="84309" name="STAVUDINE" locale="en" creator="1" date_created="2004-08-12 00:00:00.0" concept_name_type="FULLY_SPECIFIED" locale_preferred="1" voided="false" uuid="84309-full-name"/>
	<concept_set concept_set_id="84309" concept_id="84309" concept_set="1085" sort_weight="1" creator="1" date_created="2004-08-12 00:00:00.0" uuid="84309-set"/>

	<!-- Zidovudine -->
	<concept concept_id="86663" retired="false" datatype_id="4" class_id="3" is_set="false" creator="1" date_created="2004-08-12 00:00:00.0" version="0.1" changed_by="1" date_changed="2006-06-09 14:57:33.0" uuid="86663AAAAAAAAAAAAAAAAAAAAAAAAAAAAAAA"/>
	<concept_name concept_name_id="86663" concept_id="86663" name="ZIDOVUDINE" locale="en" creator="1" date_created="2004-08-12 00:00:00.0" concept_name_type="FULLY_SPECIFIED" locale_preferred="1" voided="false" uuid="86663-name"/>
	<concept_set concept_set_id="86663" concept_id="86663" concept_set="1085" sort_weight="1" creator="1" date_created="2004-08-12 00:00:00.0" uuid="86663-set"/>

	<!-- Tenofovir -->
	<concept concept_id="84795" retired="false" datatype_id="4" class_id="3" is_set="false" creator="1" date_created="2004-08-12 00:00:00.0" version="0.1" changed_by="1" date_changed="2006-06-09 14:57:33.0" uuid="84795AAAAAAAAAAAAAAAAAAAAAAAAAAAAAAA"/>
	<concept_name concept_name_id="84795" concept_id="84795" name="TENOFOVIR" locale="en" creator="1" date_created="2004-08-12 00:00:00.0" concept_name_type="FULLY_SPECIFIED" locale_preferred="1" voided="false" uuid="84795-name"/>
	<concept_set concept_set_id="84795" concept_id="84795" concept_set="1085" sort_weight="1" creator="1" date_created="2004-08-12 00:00:00.0" uuid="84795-set"/>

	<!-- Lamivudine -->
	<concept concept_id="78643" retired="false" datatype_id="4" class_id="3" is_set="false" creator="1" date_created="2004-08-12 00:00:00.0" version="0.1" changed_by="1" date_changed="2006-06-09 14:57:33.0" uuid="78643AAAAAAAAAAAAAAAAAAAAAAAAAAAAAAA"/>
	<concept_name concept_name_id="78643" concept_id="78643" name="LAMIVUDINE" locale="en" creator="1" date_created="2004-08-12 00:00:00.0" concept_name_type="FULLY_SPECIFIED" locale_preferred="1" voided="false" uuid="78643-name"/>
	<concept_set concept_set_id="78643" concept_id="78643" concept_set="1085" sort_weight="1" creator="1" date_created="2004-08-12 00:00:00.0" uuid="78643-set"/>

	<!-- Abacavir -->
	<concept concept_id="70056" retired="false" datatype_id="4" class_id="3" is_set="false" creator="1" date_created="2004-08-12 00:00:00.0" version="0.1" changed_by="1" date_changed="2006-06-09 14:57:33.0" uuid="70056AAAAAAAAAAAAAAAAAAAAAAAAAAAAAAA"/>
	<concept_name concept_name_id="70056" concept_id="70056" name="ABACAVIR" locale="en" creator="1" date_created="2004-08-12 00:00:00.0" concept_name_type="FULLY_SPECIFIED" locale_preferred="1" voided="false" uuid="70056-name"/>
	<concept_set concept_set_id="70056" concept_id="70056" concept_set="1085" sort_weight="1" creator="1" date_created="2004-08-12 00:00:00.0" uuid="70056-set"/>

	<!-- Emtricitabine -->
	<concept concept_id="75628" retired="false" datatype_id="4" class_id="3" is_set="false" creator="1" date_created="2004-08-12 00:00:00.0" version="0.1" changed_by="1" date_changed="2006-06-09 14:57:33.0" uuid="75628AAAAAAAAAAAAAAAAAAAAAAAAAAAAAAA"/>
	<concept_name concept_name_id="75628" concept_id="75628" name="EMTRICITABINE" locale="en" creator="1" date_created="2004-08-12 00:00:00.0" concept_name_type="FULLY_SPECIFIED" locale_preferred="1" voided="false" uuid="75628-name"/>
	<concept_set concept_set_id="75628" concept_id="75628" concept_set="1085" sort_weight="1" creator="1" date_created="2004-08-12 00:00:00.0" uuid="75628-set"/>

	<!-- Didanosine -->
	<concept concept_id="74807" retired="false" datatype_id="4" class_id="3" is_set="false" creator="1" date_created="2004-08-12 00:00:00.0" version="0.1" changed_by="1" date_changed="2006-06-09 14:57:33.0" uuid="74807AAAAAAAAAAAAAAAAAAAAAAAAAAAAAAA"/>
	<concept_name concept_name_id="74807" concept_id="74807" name="DIDANOSINE" locale="en" creator="1" date_created="2004-08-12 00:00:00.0" concept_name_type="FULLY_SPECIFIED" locale_preferred="1" voided="false" uuid="74807-name"/>
	<concept_set concept_set_id="74807" concept_id="74807" concept_set="1085" sort_weight="1" creator="1" date_created="2004-08-12 00:00:00.0" uuid="74807-set"/>

	<!-- Nevirapine -->
	<concept concept_id="80586" retired="false" datatype_id="4" class_id="3" is_set="false" creator="1" date_created="2004-08-12 00:00:00.0" version="0.1" changed_by="1" date_changed="2006-06-09 14:57:33.0" uuid="80586AAAAAAAAAAAAAAAAAAAAAAAAAAAAAAA"/>
	<concept_name concept_name_id="80586" concept_id="80586" name="NEVIRAPINE" locale="en" creator="1" date_created="2004-08-12 00:00:00.0" concept_name_type="FULLY_SPECIFIED" locale_preferred="1" voided="false" uuid="80586-name"/>
	<concept_set concept_set_id="80586" concept_id="80586" concept_set="1085" sort_weight="1" creator="1" date_created="2004-08-12 00:00:00.0" uuid="80586-set"/>

	<!-- Efavirenz -->
	<concept concept_id="75523" retired="false" datatype_id="4" class_id="3" is_set="false" creator="1" date_created="2004-08-12 00:00:00.0" version="0.1" changed_by="1" date_changed="2006-06-09 14:57:33.0" uuid="75523AAAAAAAAAAAAAAAAAAAAAAAAAAAAAAA"/>
	<concept_name concept_name_id="75523" concept_id="75523" name="EFAVIRENZ" locale="en" creator="1" date_created="2004-08-12 00:00:00.0" concept_name_type="FULLY_SPECIFIED" locale_preferred="1" voided="false" uuid="75523-full-name"/>
	<concept_set concept_set_id="75523" concept_id="75523" concept_set="1085" sort_weight="1" creator="1" date_created="2004-08-12 00:00:00.0" uuid="75523-set"/>

	<!-- Lopinavir -->
	<concept concept_id="79040" retired="false" datatype_id="4" class_id="3" is_set="false" creator="1" date_created="2004-08-12 00:00:00.0" version="0.1" changed_by="1" date_changed="2006-06-09 14:57:33.0" uuid="79040AAAAAAAAAAAAAAAAAAAAAAAAAAAAAAA"/>
	<concept_name concept_name_id="79040" concept_id="79040" name="LOPINAVIR" locale="en" creator="1" date_created="2004-08-12 00:00:00.0" concept_name_type="FULLY_SPECIFIED" locale_preferred="1" voided="false" uuid="79040-name"/>
	<concept_set concept_set_id="79040" concept_id="79040" concept_set="1085" sort_weight="1" creator="1" date_created="2004-08-12 00:00:00.0" uuid="79040-set"/>

	<!-- Ritonavir -->
	<concept concept_id="83412" retired="false" datatype_id="4" class_id="3" is_set="false" creator="1" date_created="2004-08-12 00:00:00.0" version="0.1" changed_by="1" date_changed="2006-06-09 14:57:33.0" uuid="83412AAAAAAAAAAAAAAAAAAAAAAAAAAAAAAA"/>
	<concept_name concept_name_id="83412" concept_id="83412" name="RITONAVIR" locale="en" creator="1" date_created="2004-08-12 00:00:00.0" concept_name_type="FULLY_SPECIFIED" locale_preferred="1" voided="false" uuid="83412-name"/>
	<concept_set concept_set_id="83412" concept_id="83412" concept_set="1085" sort_weight="1" creator="1" date_created="2004-08-12 00:00:00.0" uuid="83412-set"/>

	<!-- Atazanavir -->
	<concept concept_id="71647" retired="false" datatype_id="4" class_id="3" is_set="false" creator="1" date_created="2004-08-12 00:00:00.0" version="0.1" changed_by="1" date_changed="2006-06-09 14:57:33.0" uuid="71647AAAAAAAAAAAAAAAAAAAAAAAAAAAAAAA"/>
	<concept_name concept_name_id="71647" concept_id="71647" name="ATAZANAVIR" locale="en" creator="1" date_created="2004-08-12 00:00:00.0" concept_name_type="FULLY_SPECIFIED" locale_preferred="1" voided="false" uuid="71647-name"/>
	<concept_set concept_set_id="71647" concept_id="71647" concept_set="1085" sort_weight="1" creator="1" date_created="2004-08-12 00:00:00.0" uuid="71647-set"/>

	<!-- TB medset -->
	<concept concept_id="160021" retired="false" datatype_id="4" class_id="9" is_set="true" creator="1" date_created="2004-08-12 00:00:00.0" version="0.1" changed_by="1" date_changed="2006-06-09 14:57:33.0" uuid="160021AAAAAAAAAAAAAAAAAAAAAAAAAAAAAA"/>
	<concept_name concept_name_id="160021" concept_id="160021" name="TB DRUGS" locale="en" creator="1" date_created="2004-08-12 00:00:00.0" concept_name_type="FULLY_SPECIFIED" locale_preferred="1" voided="false" uuid="160021-name"/>

	<!-- Rifampicin -->
	<concept concept_id="767" retired="false" datatype_id="4" class_id="3" is_set="false" creator="1" date_created="2004-08-12 00:00:00.0" version="0.1" changed_by="1" date_changed="2006-06-09 14:57:33.0" uuid="767AAAAAAAAAAAAAAAAAAAAAAAAAAAAAAAAA"/>
	<concept_name concept_name_id="767" concept_id="767" name="RIFAMPICIN" locale="en" creator="1" date_created="2004-08-12 00:00:00.0" concept_name_type="FULLY_SPECIFIED" locale_preferred="1" voided="false" uuid="767-name"/>
	<concept_set concept_set_id="767" concept_id="767" concept_set="160021" sort_weight="1" creator="1" date_created="2004-08-12 00:00:00.0" uuid="767-set"/>
	<drug drug_id="200001" concept_id="767" name="Rifampicin (100mg)" combination="true" dose_strength="150.0" units="mg" creator="1" date_created="2005-02-24 00:00:00.0" retired="false" uuid="a74fefc6-931d-47b9-b282-5d6c8c8d8060"/>
	<drug drug_id="200002" concept_id="767" name="Rifampicin (60mg)" combination="true" dose_strength="60.0" units="mg" creator="1" date_created="2005-02-24 00:00:00.0" retired="false" uuid="161f633d-ab5d-4cd1-94c5-7a012dedc388"/>

	<!-- Isoniazid -->
	<concept concept_id="78280" retired="false" datatype_id="4" class_id="3" is_set="false" creator="1" date_created="2004-08-12 00:00:00.0" version="0.1" changed_by="1" date_changed="2006-06-09 14:57:33.0" uuid="78280AAAAAAAAAAAAAAAAAAAAAAAAAAAAAAA"/>
	<concept_name concept_name_id="78280" concept_id="78280" name="ISONIAZID" locale="en" creator="1" date_created="2004-08-12 00:00:00.0" concept_name_type="FULLY_SPECIFIED" locale_preferred="1" voided="false" uuid="78280-name"/>
	<concept_set concept_set_id="78280" concept_id="78280" concept_set="160021" sort_weight="1" creator="1" date_created="2004-08-12 00:00:00.0" uuid="78280-set"/>
	<drug drug_id="200003" concept_id="78280" name="Isoniazid (75mg)" combination="true" dose_strength="75.0" units="mg" creator="1" date_created="2005-02-24 00:00:00.0" retired="false" uuid="97810e6b-cfcf-44fa-b63c-5d3e12cbe8d7"/>
	<drug drug_id="200004" concept_id="78280" name="Isoniazid (30mg)" combination="true" dose_strength="30.0" units="mg" creator="1" date_created="2005-02-24 00:00:00.0" retired="false" uuid="9a012906-3778-4e2e-848f-e0272bfe9e27"/>

	<!-- Pyrazinamide -->
	<concept concept_id="82900" retired="false" datatype_id="4" class_id="3" is_set="false" creator="1" date_created="2004-08-12 00:00:00.0" version="0.1" changed_by="1" date_changed="2006-06-09 14:57:33.0" uuid="82900AAAAAAAAAAAAAAAAAAAAAAAAAAAAAAA"/>
	<concept_name concept_name_id="82900" concept_id="82900" name="PYRAZINAMIDE" locale="en" creator="1" date_created="2004-08-12 00:00:00.0" concept_name_type="FULLY_SPECIFIED" locale_preferred="1" voided="false" uuid="82900-name"/>
	<concept_set concept_set_id="82900" concept_id="82900" concept_set="160021" sort_weight="1" creator="1" date_created="2004-08-12 00:00:00.0" uuid="82900-set"/>
	<drug drug_id="200005" concept_id="82900" name="Pyrazinamide (400mg)" combination="true" dose_strength="400.0" units="mg" creator="1" date_created="2005-02-24 00:00:00.0" retired="false" uuid="0dbc4971-67ea-40d7-8089-7c327e5f3c6e"/>
	<drug drug_id="200006" concept_id="82900" name="Pyrazinamide (150mg)" combination="true" dose_strength="150.0" units="mg" creator="1" date_created="2005-02-24 00:00:00.0" retired="false" uuid="c97032a4-2136-4e92-8ff8-3fc6faab4133"/>

	<!-- Ethambutol -->
	<concept concept_id="75948" retired="false" datatype_id="4" class_id="3" is_set="false" creator="1" date_created="2004-08-12 00:00:00.0" version="0.1" changed_by="1" date_changed="2006-06-09 14:57:33.0" uuid="75948AAAAAAAAAAAAAAAAAAAAAAAAAAAAAAA"/>
	<concept_name concept_name_id="75948" concept_id="75948" name="ETHAMBUTOL" locale="en" creator="1" date_created="2004-08-12 00:00:00.0" concept_name_type="FULLY_SPECIFIED" locale_preferred="1" voided="false" uuid="75948-name"/>
	<concept_set concept_set_id="75948" concept_id="75948" concept_set="160021" sort_weight="1" creator="1" date_created="2004-08-12 00:00:00.0" uuid="75948-set"/>
	<drug drug_id="200007" concept_id="75948" name="Ethambutol (275mg)" combination="true" dose_strength="275.0" units="mg" creator="1" date_created="2005-02-24 00:00:00.0" retired="false" uuid="52690c5a-e9cd-4561-8aad-3b646fb7deaa"/>

	<!-- Streptomycin -->
	<concept concept_id="84360" retired="false" datatype_id="4" class_id="3" is_set="false" creator="1" date_created="2004-08-12 00:00:00.0" version="0.1" changed_by="1" date_changed="2006-06-09 14:57:33.0" uuid="84360AAAAAAAAAAAAAAAAAAAAAAAAAAAAAAA"/>
	<concept_name concept_name_id="84360" concept_id="84360" name="STREPTOMYCIN" locale="en" creator="1" date_created="2004-08-12 00:00:00.0" concept_name_type="FULLY_SPECIFIED" locale_preferred="1" voided="false" uuid="84360-name"/>
	<concept_set concept_set_id="84360" concept_id="84360" concept_set="160021" sort_weight="1" creator="1" date_created="2004-08-12 00:00:00.0" uuid="84360-set"/>
	<drug drug_id="200008" concept_id="84360" name="Streptomycin (1g)" combination="false" dose_strength="1.0" units="g" creator="1" date_created="2005-02-24 00:00:00.0" retired="false" uuid="13b56178-a15b-4070-951d-2ce813cccc32"/>

	<!-- Aspirin -->
	<concept concept_id="71617" retired="false" datatype_id="4" class_id="3" is_set="false" creator="1" date_created="2004-08-12 00:00:00.0" version="0.1" changed_by="1" date_changed="2006-06-09 14:57:33.0" uuid="71617AAAAAAAAAAAAAAAAAAAAAAAAAAAAAAA"/>
	<concept_name concept_name_id="71617" concept_id="71617" name="ASPIRIN" locale="en" creator="1" date_created="2004-08-12 00:00:00.0" concept_name_type="FULLY_SPECIFIED" locale_preferred="1" voided="false" uuid="71617-name"/>
	<drug drug_id="71617" concept_id="71617" name="Aspirin (100mg)" combination="false" dose_strength="100.0" units="mg" creator="1" date_created="2005-02-24 00:00:00.0" retired="false" uuid="71617-drug"/>

	<!-- Dapsone -->
	<concept concept_id="74250" retired="false" datatype_id="4" class_id="3" is_set="false" creator="1" date_created="2004-08-12 00:00:00.0" version="0.1" changed_by="1" date_changed="2006-06-09 14:57:33.0" uuid="74250AAAAAAAAAAAAAAAAAAAAAAAAAAAAAAA"/>
	<concept_name concept_name_id="74250" concept_id="74250" name="DAPSONE" locale="en" creator="1" date_created="2004-08-12 00:00:00.0" concept_name_type="FULLY_SPECIFIED" locale_preferred="1" voided="false" uuid="74250-name"/>
</dataset>