<dataset>
	<concept concept_id="160536" retired="0" datatype_id="4" class_id="11" is_set="0" creator="1" date_created="2012-06-12 02:19:56.0" version="" changed_by="1" retired_by="1" uuid="160536AAAAAAAAAAAAAAAAAAAAAAAAAAAAAA"/>
	<concept_name concept_id="160536" name="Adult inpatient service" locale="en" creator="1" date_created="2012-06-12 02:19:56.0" concept_name_id="108856" voided="0" voided_by="1" uuid="108856BBBBBBBBBBBBBBBBBBBBBBBBBBBBBB" concept_name_type="FULLY_SPECIFIED" locale_preferred="true"/>
	<concept concept_id="161655" retired="0" datatype_id="1" class_id="7" is_set="0" creator="1" date_created="2013-04-26 14:32:16.0" version="" changed_by="1" retired_by="1" uuid="161655AAAAAAAAAAAAAAAAAAAAAAAAAAAAAA"/>
	<concept_numeric concept_id="161655" units="" precise="0"/>
	<concept_name concept_id="161655" name="ANC ID" locale="en" creator="1" date_created="2013-04-26 14:32:16.0" concept_name_id="123687" voided="0" voided_by="1" uuid="123687BBBBBBBBBBBBBBBBBBBBBBBBBBBBBB" concept_name_type="SHORT" locale_preferred="false"/>
	<concept_name concept_id="161655" name="Antenatal case number" locale="en" creator="1" date_created="2013-04-26 14:32:16.0" concept_name_id="123686" voided="0" voided_by="1" uuid="123686BBBBBBBBBBBBBBBBBBBBBBBBBBBBBB" concept_name_type="FULLY_SPECIFIED" locale_preferred="true"/>
	<concept_name concept_id="161655" name="Antenatal clinic ID" locale="en" creator="1" date_created="2013-04-26 14:32:16.0" concept_name_id="123685" voided="0" voided_by="1" uuid="123685BBBBBBBBBBBBBBBBBBBBBBBBBBBBBB" locale_preferred="false"/>
	<concept concept_id="1085" retired="0" datatype_id="4" class_id="9" is_set="1" creator="1" date_created="2005-01-12 00:00:00.0" version="" changed_by="1" date_changed="2013-02-03 02:48:28.0" retired_by="1" uuid="1085AAAAAAAAAAAAAAAAAAAAAAAAAAAAAAAA"/>
	<concept_name concept_id="1085" name="HAART" locale="en" creator="1" date_created="2005-02-18 12:54:52.0" concept_name_id="92680" voided="0" voided_by="1" void_reason="" uuid="92680BBBBBBBBBBBBBBBBBBBBBBBBBBBBBBB" locale_preferred="false"/>
	<concept_name concept_id="1085" name="ARVS" locale="en" creator="1" date_created="2005-01-12 00:00:00.0" concept_name_id="88226" voided="0" voided_by="1" void_reason="" uuid="88226BBBBBBBBBBBBBBBBBBBBBBBBBBBBBBB" locale_preferred="false"/>
	<concept_name concept_id="1085" name="ANTIRETROVIRAL DRUGS" locale="en" creator="1" date_created="2005-01-12 00:00:00.0" concept_name_id="1159" voided="0" voided_by="1" uuid="1159BBBBBBBBBBBBBBBBBBBBBBBBBBBBBBBB" concept_name_type="FULLY_SPECIFIED" locale_preferred="true"/>
	<concept concept_id="159599" retired="0" datatype_id="6" class_id="5" is_set="0" creator="1" date_created="2010-10-29 13:33:28.0" version="" changed_by="1" date_changed="2012-06-03 18:27:34.0" retired_by="1" uuid="159599AAAAAAAAAAAAAAAAAAAAAAAAAAAAAA"/>
	<concept_name concept_id="159599" name="ARV start date" locale="en" creator="1" date_created="2010-10-29 14:51:12.0" concept_name_id="106949" voided="0" voided_by="1" uuid="106949BBBBBBBBBBBBBBBBBBBBBBBBBBBBBB" concept_name_type="SHORT" locale_preferred="false"/>
	<concept_name concept_id="159599" name="ART start date" locale="en" creator="1" date_created="2011-05-30 20:04:02.0" concept_name_id="107886" voided="0" voided_by="1" void_reason="" uuid="107886BBBBBBBBBBBBBBBBBBBBBBBBBBBBBB" locale_preferred="false"/>
	<concept_name concept_id="159599" name="Antiretroviral treatment start date" locale="en" creator="1" date_created="2010-10-29 13:33:28.0" concept_name_id="106945" voided="0" voided_by="1" uuid="106945BBBBBBBBBBBBBBBBBBBBBBBBBBBBBB" concept_name_type="FULLY_SPECIFIED" locale_preferred="true"/>
	<concept_name concept_id="159599" name="Date antiretrovirals started" locale="en" creator="1" date_created="2012-05-31 17:06:48.0" concept_name_id="108628" voided="0" voided_by="1" void_reason="" uuid="108628BBBBBBBBBBBBBBBBBBBBBBBBBBBBBB" locale_preferred="false"/>
	<concept concept_id="1147" retired="0" datatype_id="2" class_id="7" is_set="0" creator="1" date_created="2005-02-07 00:00:00.0" version="" changed_by="1" date_changed="2005-02-07 00:00:00.0" retired_by="1" uuid="1147AAAAAAAAAAAAAAAAAAAAAAAAAAAAAAAA"/>
	<concept_name concept_id="1147" name="ANTIRETROVIRAL USE DURING PREGNANCY" locale="en" creator="1" date_created="2005-02-07 00:00:00.0" concept_name_id="1223" voided="0" voided_by="1" uuid="1223BBBBBBBBBBBBBBBBBBBBBBBBBBBBBBBB" concept_name_type="FULLY_SPECIFIED" locale_preferred="true"/>
	<concept concept_id="966" retired="0" datatype_id="2" class_id="7" is_set="0" creator="1" date_created="2006-02-13 21:37:12.0" version="" changed_by="1" date_changed="2011-02-03 17:12:03.0" retired_by="1" uuid="966AAAAAAAAAAAAAAAAAAAAAAAAAAAAAAAAA"/>
	<concept_name concept_id="966" name="CURRENT ANTIRETROVIRAL DRUGS USED FOR TRANSMISSION PROPHYLAXIS" locale="en" creator="1" date_created="2006-02-13 21:37:12.0" concept_name_id="1014" voided="0" voided_by="1" uuid="1014BBBBBBBBBBBBBBBBBBBBBBBBBBBBBBBB" concept_name_type="FULLY_SPECIFIED" locale_preferred="true"/>
	<concept concept_id="5497" retired="0" datatype_id="1" class_id="1" is_set="0" creator="1" date_created="2004-08-12 00:00:00.0" version="" changed_by="1" date_changed="2012-11-09 17:38:12.0" retired_by="1" uuid="5497AAAAAAAAAAAAAAAAAAAAAAAAAAAAAAAA"/>
	<concept_numeric concept_id="5497" hi_normal="1497.0" low_critical="99.0" low_normal="445.0" units="cells/uL" precise="0"/>
	<concept_name concept_id="5497" name="CD3+CD4+ABS CNT" locale="en" creator="1" date_created="2006-06-06 14:03:53.0" concept_name_id="89296" voided="0" voided_by="1" void_reason="" uuid="89296BBBBBBBBBBBBBBBBBBBBBBBBBBBBBBB" locale_preferred="false"/>
	<concept_name concept_id="5497" name="CD4" locale="en" creator="1" date_created="2004-12-02 00:00:00.0" concept_name_id="89299" voided="0" voided_by="1" void_reason="" uuid="89299BBBBBBBBBBBBBBBBBBBBBBBBBBBBBBB" locale_preferred="false"/>
	<concept_name concept_id="5497" name="CD4" locale="en" creator="1" date_created="2004-08-12 00:00:00.0" concept_name_id="87043" voided="0" voided_by="1" uuid="87043BBBBBBBBBBBBBBBBBBBBBBBBBBBBBBB" concept_name_type="SHORT" locale_preferred="false"/>
	<concept_name concept_id="5497" name="CD4 COUNT" locale="en" creator="1" date_created="2004-08-12 00:00:00.0" concept_name_id="2621" voided="0" voided_by="1" uuid="2621BBBBBBBBBBBBBBBBBBBBBBBBBBBBBBBB" concept_name_type="FULLY_SPECIFIED" locale_preferred="true"/>
	<concept concept_id="730" retired="0" datatype_id="1" class_id="1" is_set="0" creator="1" date_created="2004-04-08 00:00:00.0" version="0.1" changed_by="1" date_changed="2011-01-21 21:21:59.0" retired_by="1" uuid="730AAAAAAAAAAAAAAAAAAAAAAAAAAAAAAAAA"/>
	<concept_numeric concept_id="730" units="%" precise="0"/>
	<concept_name concept_id="730" name="CD4%" locale="en" creator="1" date_created="2004-04-08 00:00:00.0" concept_name_id="766" voided="0" voided_by="1" uuid="766BBBBBBBBBBBBBBBBBBBBBBBBBBBBBBBBB" concept_name_type="FULLY_SPECIFIED" locale_preferred="true"/>
	<concept_name concept_id="730" name="CD4 PERCENT" locale="en" creator="1" date_created="2005-02-23 18:14:05.0" concept_name_id="89300" voided="0" voided_by="1" uuid="89300BBBBBBBBBBBBBBBBBBBBBBBBBBBBBBB" locale_preferred="false"/>
	<concept_name concept_id="730" name="CD3+CD4+%LYMPH" locale="en" creator="1" date_created="2006-06-06 14:05:24.0" concept_name_id="89295" voided="0" voided_by="1" uuid="89295BBBBBBBBBBBBBBBBBBBBBBBBBBBBBBB" locale_preferred="false"/>
	<concept concept_id="1054" retired="0" datatype_id="2" class_id="7" is_set="0" creator="1" date_created="2005-01-06 00:00:00.0" version="" changed_by="1" date_changed="2012-06-17 13:55:28.0" retired_by="1" uuid="1054AAAAAAAAAAAAAAAAAAAAAAAAAAAAAAAA"/>
	<concept_name concept_id="1054" name="CIV_STAT" locale="en" creator="1" date_created="2012-05-26 22:02:31.0" concept_name_id="108617" voided="0" voided_by="1" uuid="108617BBBBBBBBBBBBBBBBBBBBBBBBBBBBBB" concept_name_type="SHORT" locale_preferred="false"/>
	<concept_name concept_id="1054" name="CIVIL STATUS" locale="en" creator="1" date_created="2005-01-06 00:00:00.0" concept_name_id="1115" voided="0" voided_by="1" uuid="1115BBBBBBBBBBBBBBBBBBBBBBBBBBBBBBBB" concept_name_type="FULLY_SPECIFIED" locale_preferred="true"/>
	<concept concept_id="159785" retired="0" datatype_id="4" class_id="11" is_set="0" creator="1" date_created="2010-11-12 16:58:01.0" version="" changed_by="1" date_changed="2010-11-23 17:56:01.0" retired_by="1" uuid="159785AAAAAAAAAAAAAAAAAAAAAAAAAAAAAA"/>
	<concept_name concept_id="159785" name="college/university/polytechnic" locale="en" creator="1" date_created="2010-11-12 16:58:01.0" concept_name_id="107256" voided="0" voided_by="1" uuid="107256BBBBBBBBBBBBBBBBBBBBBBBBBBBBBB" concept_name_type="FULLY_SPECIFIED" locale_preferred="true"/>
	<concept concept_id="159777" retired="0" datatype_id="2" class_id="7" is_set="0" creator="1" date_created="2010-11-11 17:21:29.0" version="" changed_by="1" date_changed="2013-04-03 19:41:33.0" retired_by="1" uuid="159777AAAAAAAAAAAAAAAAAAAAAAAAAAAAAA"/>
	<concept_name concept_id="159777" name="Condoms given during the visit" locale="en" creator="1" date_created="2010-11-11 17:21:29.0" concept_name_id="107240" voided="0" voided_by="1" uuid="107240BBBBBBBBBBBBBBBBBBBBBBBBBBBBBB" concept_name_type="FULLY_SPECIFIED" locale_preferred="true"/>
	<concept concept_id="159799" retired="0" datatype_id="4" class_id="13" is_set="0" creator="1" date_created="2010-11-15 14:15:56.0" version="" changed_by="1" date_changed="2011-06-08 00:52:19.0" retired_by="1" uuid="159799AAAAAAAAAAAAAAAAAAAAAAAAAAAAAA"/>
	<concept_name concept_id="159799" name="cough lasting more than 2 weeks" locale="en" creator="1" date_created="2010-11-15 14:15:56.0" concept_name_id="107272" voided="0" voided_by="1" uuid="107272BBBBBBBBBBBBBBBBBBBBBBBBBBBBBB" concept_name_type="FULLY_SPECIFIED" locale_preferred="true"/>
	<concept concept_id="5356" retired="0" datatype_id="2" class_id="5" is_set="0" creator="1" date_created="2004-08-12 00:00:00.0" version="" changed_by="1" date_changed="2012-06-14 18:51:14.0" retired_by="1" uuid="5356AAAAAAAAAAAAAAAAAAAAAAAAAAAAAAAA"/>
	<concept_name concept_id="5356" name="CURRENT WHO HIV STAGE" locale="en" creator="1" date_created="2004-08-12 00:00:00.0" concept_name_id="2474" voided="0" voided_by="1" uuid="2474BBBBBBBBBBBBBBBBBBBBBBBBBBBBBBBB" concept_name_type="FULLY_SPECIFIED" locale_preferred="true"/>
	<concept concept_id="965" retired="0" datatype_id="10" class_id="7" is_set="0" creator="1" date_created="2006-02-15 02:26:55.0" version="" changed_by="1" date_changed="2011-02-03 17:09:05.0" retired_by="1" uuid="965AAAAAAAAAAAAAAAAAAAAAAAAAAAAAAAAA"/>
	<concept_name concept_id="965" name="CURRENTLY USING BIRTH CONTROL" locale="en" creator="1" date_created="2006-02-15 02:26:55.0" concept_name_id="1013" voided="0" voided_by="1" uuid="1013BBBBBBBBBBBBBBBBBBBBBBBBBBBBBBBB" concept_name_type="FULLY_SPECIFIED" locale_preferred="true"/>
	<concept concept_id="74250" retired="0" datatype_id="4" class_id="3" is_set="0" creator="1" date_created="2006-12-17 00:00:00.0" version="" changed_by="1" date_changed="2006-12-17 00:00:00.0" retired_by="1" uuid="74250AAAAAAAAAAAAAAAAAAAAAAAAAAAAAAA"/>
	<concept_name concept_id="74250" name="Aczone" locale="en" creator="1" date_created="2007-10-18 09:35:54.0" concept_name_id="87297" voided="0" voided_by="1" uuid="87297BBBBBBBBBBBBBBBBBBBBBBBBBBBBBBB" locale_preferred="false"/>
	<concept_name concept_id="74250" name="DAPSONE" locale="en" creator="1" date_created="2006-12-17 00:00:00.0" concept_name_id="4913" voided="0" voided_by="1" uuid="4913BBBBBBBBBBBBBBBBBBBBBBBBBBBBBBBB" concept_name_type="FULLY_SPECIFIED" locale_preferred="true"/>
	<concept concept_id="160554" retired="0" datatype_id="6" class_id="5" is_set="0" creator="1" date_created="2012-06-14 20:31:04.0" version="" changed_by="1" date_changed="2012-06-15 14:09:41.0" retired_by="1" uuid="160554AAAAAAAAAAAAAAAAAAAAAAAAAAAAAA"/>
	<concept_name concept_id="160554" name="Date of HIV diagnosis" locale="en" creator="1" date_created="2012-06-14 20:31:04.0" concept_name_id="108914" voided="0" voided_by="1" uuid="108914BBBBBBBBBBBBBBBBBBBBBBBBBBBBBB" concept_name_type="FULLY_SPECIFIED" locale_preferred="true"/>
	<concept concept_id="160034" retired="0" datatype_id="4" class_id="17" is_set="0" creator="1" date_created="2011-01-17 20:51:42.0" version="" changed_by="1" date_changed="2013-03-10 00:13:48.0" retired_by="1" uuid="160034AAAAAAAAAAAAAAAAAAAAAAAAAAAAAA"/>
	<concept_name concept_id="160034" name="Died" locale="en" creator="1" date_created="2011-01-17 20:51:42.0" concept_name_id="107693" voided="0" voided_by="1" uuid="107693BBBBBBBBBBBBBBBBBBBBBBBBBBBBBB" concept_name_type="FULLY_SPECIFIED" locale_preferred="true"/>
	<concept concept_id="1661" retired="0" datatype_id="10" class_id="5" is_set="0" creator="1" date_created="2009-04-23 21:37:30.0" version="" changed_by="1" retired_by="1" uuid="1661AAAAAAAAAAAAAAAAAAAAAAAAAAAAAAAA"/>
	<concept_name concept_id="1661" name="Disease Diagnosed" locale="en" creator="1" date_created="2009-04-23 21:37:30.0" concept_name_id="86944" voided="0" voided_by="1" uuid="86944BBBBBBBBBBBBBBBBBBBBBBBBBBBBBBB" concept_name_type="SHORT" locale_preferred="false"/>
	<concept_name concept_id="1661" name="DISEASE DIAGNOSED" locale="en" creator="1" date_created="2009-04-23 21:37:30.0" concept_name_id="1941" voided="0" voided_by="1" uuid="1941BBBBBBBBBBBBBBBBBBBBBBBBBBBBBBBB" concept_name_type="FULLY_SPECIFIED" locale_preferred="true"/>
	<concept concept_id="142177" retired="0" datatype_id="10" class_id="4" is_set="0" creator="1" date_created="2007-11-03 00:00:00.0" version="" changed_by="1" date_changed="2009-04-23 21:34:29.0" retired_by="1" uuid="142177AAAAAAAAAAAAAAAAAAAAAAAAAAAAAA"/>
	<concept_name concept_id="142177" name="DISEASE SUSPECTED" locale="en" creator="1" date_created="2007-10-18 04:28:24.0" concept_name_id="41906" voided="0" voided_by="1" uuid="41906BBBBBBBBBBBBBBBBBBBBBBBBBBBBBBB" concept_name_type="FULLY_SPECIFIED" locale_preferred="true"/>
	<concept concept_id="1058" retired="0" datatype_id="4" class_id="11" is_set="0" creator="1" date_created="2005-01-06 00:00:00.0" version="" changed_by="1" date_changed="2010-10-01 19:04:47.0" retired_by="1" uuid="1058AAAAAAAAAAAAAAAAAAAAAAAAAAAAAAAA"/>
	<concept_name concept_id="1058" name="DIVORCED" locale="en" creator="1" date_created="2005-01-06 00:00:00.0" concept_name_id="1124" voided="0" voided_by="1" uuid="1124BBBBBBBBBBBBBBBBBBBBBBBBBBBBBBBB" concept_name_type="FULLY_SPECIFIED" locale_preferred="true"/>
	<concept concept_id="1712" retired="0" datatype_id="2" class_id="7" is_set="0" creator="1" date_created="2009-06-23 21:42:56.0" version="" changed_by="1" date_changed="2012-03-12 01:19:30.0" retired_by="1" uuid="1712AAAAAAAAAAAAAAAAAAAAAAAAAAAAAAAA"/>
	<concept_name concept_id="1712" name="Education Level" locale="en" creator="1" date_created="2009-06-23 21:42:56.0" concept_name_id="86995" voided="0" voided_by="1" uuid="86995BBBBBBBBBBBBBBBBBBBBBBBBBBBBBBB" concept_name_type="SHORT" locale_preferred="false"/>
	<concept_name concept_id="1712" name="HIGHEST EDUCATION LEVEL" locale="en" creator="1" date_created="2009-06-23 21:42:56.0" concept_name_id="1992" voided="0" voided_by="1" uuid="1992BBBBBBBBBBBBBBBBBBBBBBBBBBBBBBBB" concept_name_type="FULLY_SPECIFIED" locale_preferred="true"/>
	<concept_name concept_id="1712" name="Current education level" locale="en" creator="1" date_created="2012-03-05 07:41:09.0" concept_name_id="108349" voided="0" voided_by="1" void_reason="" uuid="108349BBBBBBBBBBBBBBBBBBBBBBBBBBBBBB" locale_preferred="false"/>
	<concept concept_id="5596" retired="0" datatype_id="6" class_id="7" is_set="0" creator="1" date_created="2004-08-12 00:00:00.0" version="" changed_by="1" date_changed="2013-06-02 14:56:38.0" retired_by="1" uuid="5596AAAAAAAAAAAAAAAAAAAAAAAAAAAAAAAA"/>
	<concept_name concept_id="5596" name="ESTIMATED DATE OF CONFINEMENT" locale="en" creator="1" date_created="2004-08-12 00:00:00.0" concept_name_id="2732" voided="0" voided_by="1" uuid="2732BBBBBBBBBBBBBBBBBBBBBBBBBBBBBBBB" concept_name_type="FULLY_SPECIFIED" locale_preferred="true"/>
	<concept_name concept_id="5596" name="Expected date of delivery" locale="en" creator="1" date_created="2013-06-02 14:56:38.0" concept_name_id="124235" voided="0" voided_by="1" uuid="124235BBBBBBBBBBBBBBBBBBBBBBBBBBBBBB" locale_preferred="false"/>
	<concept_name concept_id="5596" name="Expected date of confinement" locale="en" creator="1" date_created="2013-06-02 14:56:38.0" concept_name_id="124236" voided="0" voided_by="1" uuid="124236BBBBBBBBBBBBBBBBBBBBBBBBBBBBBB" locale_preferred="false"/>
	<concept_name concept_id="5596" name="EDC" locale="en" creator="1" date_created="2005-02-07 00:00:00.0" concept_name_id="91293" voided="0" voided_by="1" void_reason="" uuid="91293BBBBBBBBBBBBBBBBBBBBBBBBBBBBBBB" locale_preferred="false"/>
	<concept_name concept_id="5596" name="ESTIMATED DELIVERY DATE" locale="en" creator="1" date_created="2005-02-07 00:00:00.0" concept_name_id="91594" voided="0" voided_by="1" void_reason="" uuid="91594BBBBBBBBBBBBBBBBBBBBBBBBBBBBBBB" locale_preferred="false"/>
	<concept_name concept_id="5596" name="EDD" locale="en" creator="1" date_created="2006-12-17 11:45:38.0" concept_name_id="91294" voided="0" voided_by="1" void_reason="" uuid="91294BBBBBBBBBBBBBBBBBBBBBBBBBBBBBBB" locale_preferred="false"/>
	<concept_name concept_id="5596" name="ESTIMATED DATE OF DELIVERY" locale="en" creator="1" date_created="2005-02-07 00:00:00.0" concept_name_id="91593" voided="0" voided_by="1" void_reason="" uuid="91593BBBBBBBBBBBBBBBBBBBBBBBBBBBBBBB" locale_preferred="false"/>
	<concept concept_id="160653" retired="0" datatype_id="2" class_id="7" is_set="0" creator="1" date_created="2012-06-24 17:08:33.0" version="" changed_by="1" date_changed="2012-07-24 16:53:47.0" retired_by="1" uuid="160653AAAAAAAAAAAAAAAAAAAAAAAAAAAAAA"/>
	<concept_name concept_id="160653" name="Family planning status" locale="en" creator="1" date_created="2012-06-24 17:08:33.0" concept_name_id="109111" voided="0" voided_by="1" uuid="109111BBBBBBBBBBBBBBBBBBBBBBBBBBBBBB" concept_name_type="FULLY_SPECIFIED" locale_preferred="true"/>
	<concept concept_id="76488" retired="0" datatype_id="4" class_id="3" is_set="0" creator="1" date_created="2006-12-17 00:00:00.0" version="" changed_by="1" date_changed="2013-07-31 02:44:31.0" retired_by="1" uuid="76488AAAAAAAAAAAAAAAAAAAAAAAAAAAAAAA"/>
	<concept_name concept_id="76488" name="FLUCONAZOLE" locale="en" creator="1" date_created="2006-12-17 00:00:00.0" concept_name_id="5600" voided="0" voided_by="1" uuid="5600BBBBBBBBBBBBBBBBBBBBBBBBBBBBBBBB" concept_name_type="FULLY_SPECIFIED" locale_preferred="true"/>
	<concept_name concept_id="76488" name="Diflucan One" locale="en" creator="1" date_created="2007-10-18 09:35:54.0" concept_name_id="90726" voided="0" voided_by="1" void_reason="" uuid="90726BBBBBBBBBBBBBBBBBBBBBBBBBBBBBBB" locale_preferred="false"/>
	<concept_name concept_id="76488" name="Fluconazale" locale="en" creator="1" date_created="2007-10-18 09:35:54.0" concept_name_id="92046" voided="0" voided_by="1" void_reason="" uuid="92046BBBBBBBBBBBBBBBBBBBBBBBBBBBBBBB" locale_preferred="false"/>
	<concept_name concept_id="76488" name="Diflucan" locale="en" creator="1" date_created="2007-10-18 09:35:54.0" concept_name_id="90725" voided="0" voided_by="1" void_reason="" uuid="90725BBBBBBBBBBBBBBBBBBBBBBBBBBBBBBB" locale_preferred="false"/>
	<concept concept_id="5624" retired="0" datatype_id="1" class_id="7" is_set="0" creator="1" date_created="2004-08-12 00:00:00.0" version="" changed_by="1" date_changed="2013-01-11 13:34:54.0" retired_by="1" uuid="5624AAAAAAAAAAAAAAAAAAAAAAAAAAAAAAAA"/>
	<concept_numeric concept_id="5624" units="" precise="0"/>
	<concept_name concept_id="5624" name="Number of previous pregnancies (including current if applicable)" locale="en" creator="1" date_created="2013-01-11 13:34:54.0" concept_name_id="111163" voided="0" voided_by="1" uuid="111163BBBBBBBBBBBBBBBBBBBBBBBBBBBBBB" locale_preferred="false"/>
	<concept_name concept_id="5624" name="Number of times pregnant" locale="en" creator="1" date_created="2005-01-06 00:00:00.0" concept_name_id="98999" voided="0" voided_by="1" void_reason="" uuid="98999BBBBBBBBBBBBBBBBBBBBBBBBBBBBBBB" locale_preferred="false"/>
	<concept_name concept_id="5624" name="Gravida" locale="en" creator="1" date_created="2004-08-12 00:00:00.0" concept_name_id="2763" voided="0" voided_by="1" uuid="2763BBBBBBBBBBBBBBBBBBBBBBBBBBBBBBBB" concept_name_type="FULLY_SPECIFIED" locale_preferred="true"/>
	<concept concept_id="159427" retired="0" datatype_id="2" class_id="5" is_set="0" creator="1" date_created="2010-08-25 19:13:10.0" version="" changed_by="1" date_changed="2011-02-12 19:51:58.0" retired_by="1" uuid="159427AAAAAAAAAAAAAAAAAAAAAAAAAAAAAA"/>
	<concept_name concept_id="159427" name="Result of HIV test" locale="en" creator="1" date_created="2010-08-25 19:13:10.0" concept_name_id="106513" voided="0" voided_by="1" uuid="106513BBBBBBBBBBBBBBBBBBBBBBBBBBBBBB" concept_name_type="FULLY_SPECIFIED" locale_preferred="true"/>
	<concept concept_id="1427" retired="0" datatype_id="6" class_id="5" is_set="0" creator="1" date_created="2006-12-17 11:45:06.0" version="" changed_by="1" date_changed="2013-01-10 17:33:19.0" retired_by="1" uuid="1427AAAAAAAAAAAAAAAAAAAAAAAAAAAAAAAA"/>
	<concept_name concept_id="1427" name="LAST MENSTRUAL PERIOD" locale="en" creator="1" date_created="2006-12-17 11:45:06.0" concept_name_id="1596" voided="0" voided_by="1" uuid="1596BBBBBBBBBBBBBBBBBBBBBBBBBBBBBBBB" concept_name_type="FULLY_SPECIFIED" locale_preferred="true"/>
	<concept_name concept_id="1427" name="Date of last menstrual period" locale="en" creator="1" date_created="2012-05-26 03:26:18.0" concept_name_id="108613" voided="0" voided_by="1" void_reason="" uuid="108613BBBBBBBBBBBBBBBBBBBBBBBBBBBBBB" locale_preferred="false"/>
	<concept_name concept_id="1427" name="LMP" locale="en" creator="1" date_created="2006-12-17 11:45:06.0" concept_name_id="94079" voided="0" voided_by="1" void_reason="" uuid="94079BBBBBBBBBBBBBBBBBBBBBBBBBBBBBBB" locale_preferred="false"/>
	<concept_name concept_id="1427" name="LMP" locale="en" creator="1" date_created="2006-12-17 11:45:06.0" concept_name_id="86882" voided="0" voided_by="1" uuid="86882BBBBBBBBBBBBBBBBBBBBBBBBBBBBBBB" concept_name_type="SHORT" locale_preferred="false"/>
	<concept concept_id="1060" retired="0" datatype_id="4" class_id="11" is_set="0" creator="1" date_created="2005-01-06 00:00:00.0" version="" changed_by="1" date_changed="2010-11-25 14:38:05.0" retired_by="1" uuid="1060AAAAAAAAAAAAAAAAAAAAAAAAAAAAAAAA"/>
	<concept_name concept_id="1060" name="LIVING WITH PARTNER" locale="en" creator="1" date_created="2005-01-06 00:00:00.0" concept_name_id="1130" voided="0" voided_by="1" uuid="1130BBBBBBBBBBBBBBBBBBBBBBBBBBBBBBBB" concept_name_type="FULLY_SPECIFIED" locale_preferred="true"/>
	<concept concept_id="5555" retired="0" datatype_id="4" class_id="5" is_set="0" creator="1" date_created="2004-08-12 00:00:00.0" version="" changed_by="1" date_changed="2012-06-11 19:39:41.0" retired_by="1" uuid="5555AAAAAAAAAAAAAAAAAAAAAAAAAAAAAAAA"/>
	<concept_name concept_id="5555" name="Married monogamous" locale="en" creator="1" date_created="2012-06-11 19:39:41.0" concept_name_id="108846" voided="0" voided_by="1" uuid="108846BBBBBBBBBBBBBBBBBBBBBBBBBBBBBB" locale_preferred="false"/>
	<concept_name concept_id="5555" name="MARRIED" locale="en" creator="1" date_created="2004-08-12 00:00:00.0" concept_name_id="2681" voided="0" voided_by="1" uuid="2681BBBBBBBBBBBBBBBBBBBBBBBBBBBBBBBB" concept_name_type="FULLY_SPECIFIED" locale_preferred="true"/>
	<concept concept_id="159715" retired="0" datatype_id="4" class_id="11" is_set="0" creator="1" date_created="2010-11-05 19:27:23.0" version="" changed_by="1" date_changed="2012-06-11 19:39:02.0" retired_by="1" uuid="159715AAAAAAAAAAAAAAAAAAAAAAAAAAAAAA"/>
	<concept_name concept_id="159715" name="Polygamous" locale="en" creator="1" date_created="2010-11-05 19:27:23.0" concept_name_id="107140" voided="0" voided_by="1" uuid="107140BBBBBBBBBBBBBBBBBBBBBBBBBBBBBB" concept_name_type="FULLY_SPECIFIED" locale_preferred="true"/>
	<concept_name concept_id="159715" name="Married polygamous" locale="en" creator="1" date_created="2012-06-11 19:39:01.0" concept_name_id="108845" voided="0" voided_by="1" uuid="108845BBBBBBBBBBBBBBBBBBBBBBBBBBBBBB" locale_preferred="false"/>
	<concept concept_id="1282" retired="0" datatype_id="2" class_id="11" is_set="0" creator="1" date_created="2005-02-24 12:02:35.0" version="" changed_by="1" date_changed="2013-03-09 23:59:41.0" retired_by="1" uuid="1282AAAAAAAAAAAAAAAAAAAAAAAAAAAAAAAA"/>
	<concept_name concept_id="1282" name="Medication orders" locale="en" creator="1" date_created="2005-02-24 12:02:35.0" concept_name_id="1365" voided="0" voided_by="1" uuid="1365BBBBBBBBBBBBBBBBBBBBBBBBBBBBBBBB" concept_name_type="FULLY_SPECIFIED" locale_preferred="true"/>
	<concept_name concept_id="1282" name="Medication(s) name" locale="en" creator="1" date_created="2012-07-05 17:19:48.0" concept_name_id="109279" voided="0" voided_by="1" void_reason="" uuid="109279BBBBBBBBBBBBBBBBBBBBBBBBBBBBBB" locale_preferred="false"/>
	<concept concept_id="160540" retired="0" datatype_id="2" class_id="7" is_set="0" creator="1" date_created="2012-06-14 16:08:33.0" version="" changed_by="1" date_changed="2012-11-21 03:19:46.0" retired_by="1" uuid="160540AAAAAAAAAAAAAAAAAAAAAAAAAAAAAA"/>
	<concept_name concept_id="160540" name="Method of enrollment" locale="en" creator="1" date_created="2012-06-14 16:08:33.0" concept_name_id="108875" voided="0" voided_by="1" uuid="108875BBBBBBBBBBBBBBBBBBBBBBBBBBBBBB" concept_name_type="FULLY_SPECIFIED" locale_preferred="true"/>
	<concept_name concept_id="160540" name="Care entry point" locale="en" creator="1" date_created="2012-06-14 16:08:33.0" concept_name_id="108874" voided="0" voided_by="1" void_reason="" uuid="108874BBBBBBBBBBBBBBBBBBBBBBBBBBBBBB" locale_preferred="false"/>
	<concept concept_id="374" retired="0" datatype_id="2" class_id="7" is_set="0" creator="1" date_created="2006-02-13 20:50:59.0" version="" changed_by="1" date_changed="2013-04-26 12:45:13.0" retired_by="1" uuid="374AAAAAAAAAAAAAAAAAAAAAAAAAAAAAAAAA"/>
	<concept_name concept_id="374" name="Method of birth control" locale="en" creator="1" date_created="2006-02-13 20:52:24.0" concept_name_id="94599" voided="0" voided_by="1" void_reason="" uuid="94599BBBBBBBBBBBBBBBBBBBBBBBBBBBBBBB" locale_preferred="false"/>
	<concept_name concept_id="374" name="Method of family planning" locale="en" creator="1" date_created="2006-02-13 20:50:59.0" concept_name_id="406" voided="0" voided_by="1" uuid="406BBBBBBBBBBBBBBBBBBBBBBBBBBBBBBBBB" concept_name_type="FULLY_SPECIFIED" locale_preferred="true"/>
	<concept_name concept_id="374" name="FP method" locale="en" creator="1" date_created="2013-04-26 12:44:36.0" concept_name_id="123683" voided="0" voided_by="1" void_reason="" uuid="123683BBBBBBBBBBBBBBBBBBBBBBBBBBBBBB" locale_preferred="false"/>
	<concept concept_id="1149" retired="0" datatype_id="4" class_id="5" is_set="0" creator="1" date_created="2005-02-07 00:00:00.0" version="" changed_by="1" date_changed="2012-06-03 20:07:18.0" retired_by="1" uuid="1149AAAAAAAAAAAAAAAAAAAAAAAAAAAAAAAA"/>
	<concept_name concept_id="1149" name="ON ANTIRETROVIRAL THERAPY" locale="en" creator="1" date_created="2005-02-07 00:00:00.0" concept_name_id="1225" voided="0" voided_by="1" uuid="1225BBBBBBBBBBBBBBBBBBBBBBBBBBBBBBBB" concept_name_type="FULLY_SPECIFIED" locale_preferred="true"/>
	<concept_name concept_id="1149" name="ON ARVS" locale="en" creator="1" date_created="2005-02-07 00:00:00.0" concept_name_id="95709" voided="0" voided_by="1" void_reason="" uuid="95709BBBBBBBBBBBBBBBBBBBBBBBBBBBBBBB" locale_preferred="false"/>
	<concept concept_id="1148" retired="0" datatype_id="2" class_id="2" is_set="0" creator="1" date_created="2005-02-07 00:00:00.0" version="" changed_by="1" date_changed="2011-01-13 15:30:27.0" retired_by="1" uuid="1148AAAAAAAAAAAAAAAAAAAAAAAAAAAAAAAA"/>
	<concept_name concept_id="1148" name="TOTAL PMTCT" locale="en" creator="1" date_created="2005-02-07 00:00:00.0" concept_name_id="99076" voided="0" voided_by="1" uuid="99076BBBBBBBBBBBBBBBBBBBBBBBBBBBBBBB" locale_preferred="false"/>
	<concept_name concept_id="1148" name="TPMTCT" locale="en" creator="1" date_created="2005-02-09 00:00:00.0" concept_name_id="99093" voided="0" voided_by="1" uuid="99093BBBBBBBBBBBBBBBBBBBBBBBBBBBBBBB" locale_preferred="false"/>
	<concept_name concept_id="1148" name="TOTAL MATERNAL TO CHILD TRANSMISSION PROPHYLAXIS" locale="en" creator="1" date_created="2005-02-07 00:00:00.0" concept_name_id="1224" voided="0" voided_by="1" uuid="1224BBBBBBBBBBBBBBBBBBBBBBBBBBBBBBBB" concept_name_type="FULLY_SPECIFIED" locale_preferred="true"/>
	<concept_name concept_id="1148" name="T-PMTCT" locale="en" creator="1" date_created="2005-02-09 00:00:00.0" concept_name_id="98620" voided="0" voided_by="1" uuid="98620BBBBBBBBBBBBBBBBBBBBBBBBBBBBBBB" locale_preferred="false"/>
	<concept concept_id="5277" retired="0" datatype_id="4" class_id="11" is_set="0" creator="1" date_created="2004-08-12 00:00:00.0" version="" changed_by="1" date_changed="2012-06-15 12:54:39.0" retired_by="1" uuid="5277AAAAAAAAAAAAAAAAAAAAAAAAAAAAAAAA"/>
	<concept_name concept_id="5277" name="Fertility awareness method" locale="en" creator="1" date_created="2012-06-15 12:54:38.0" concept_name_id="108946" voided="0" voided_by="1" uuid="108946BBBBBBBBBBBBBBBBBBBBBBBBBBBBBB" locale_preferred="false"/>
	<concept_name concept_id="5277" name="Rhythm method" locale="en" creator="1" date_created="2006-02-13 20:37:43.0" concept_name_id="97520" voided="0" voided_by="1" void_reason="" uuid="97520BBBBBBBBBBBBBBBBBBBBBBBBBBBBBBB" locale_preferred="false"/>
	<concept_name concept_id="5277" name="Natural family planning" locale="en" creator="1" date_created="2004-08-12 00:00:00.0" concept_name_id="2384" voided="0" voided_by="1" uuid="2384BBBBBBBBBBBBBBBBBBBBBBBBBBBBBBBB" concept_name_type="FULLY_SPECIFIED" locale_preferred="true"/>
	<concept_name concept_id="5277" name="Periodic abstinence" locale="en" creator="1" date_created="2012-06-15 12:54:38.0" concept_name_id="108947" voided="0" voided_by="1" uuid="108947BBBBBBBBBBBBBBBBBBBBBBBBBBBBBB" locale_preferred="false"/>
	<concept concept_id="664" retired="0" datatype_id="4" class_id="11" is_set="0" creator="1" date_created="2004-01-01 00:00:00.0" version="" changed_by="1" date_changed="2012-08-10 19:14:26.0" retired_by="1" uuid="664AAAAAAAAAAAAAAAAAAAAAAAAAAAAAAAAA"/>
	<concept_name concept_id="664" name="NEGATIVE" locale="en" creator="1" date_created="2004-01-01 00:00:00.0" concept_name_id="696" voided="0" voided_by="1" uuid="696BBBBBBBBBBBBBBBBBBBBBBBBBBBBBBBBB" concept_name_type="FULLY_SPECIFIED" locale_preferred="true"/>
	<concept_name concept_id="664" name="-" locale="en" creator="1" date_created="2004-12-02 00:00:00.0" concept_name_id="87080" voided="0" voided_by="1" void_reason="" uuid="87080BBBBBBBBBBBBBBBBBBBBBBBBBBBBBBB" locale_preferred="false"/>
	<concept_name concept_id="664" name="(-)" locale="en" creator="1" date_created="2004-12-02 00:00:00.0" concept_name_id="87074" voided="0" voided_by="1" void_reason="" uuid="87074BBBBBBBBBBBBBBBBBBBBBBBBBBBBBBB" locale_preferred="false"/>
	<concept_name concept_id="664" name="NEG" locale="en" creator="1" date_created="2004-10-20 00:00:00.0" concept_name_id="95210" voided="0" voided_by="1" void_reason="" uuid="95210BBBBBBBBBBBBBBBBBBBBBBBBBBBBBBB" locale_preferred="false"/>
	<concept concept_id="1057" retired="0" datatype_id="4" class_id="11" is_set="0" creator="1" date_created="2005-01-06 00:00:00.0" version="" changed_by="1" date_changed="2010-10-01 19:03:56.0" retired_by="1" uuid="1057AAAAAAAAAAAAAAAAAAAAAAAAAAAAAAAA"/>
	<concept_name concept_id="1057" name="NEVER MARRIED" locale="en" creator="1" date_created="2005-01-06 00:00:00.0" concept_name_id="1122" voided="0" voided_by="1" uuid="1122BBBBBBBBBBBBBBBBBBBBBBBBBBBBBBBB" concept_name_type="FULLY_SPECIFIED" locale_preferred="true"/>
	<concept concept_id="1066" retired="0" datatype_id="4" class_id="11" is_set="0" creator="1" date_created="2005-01-06 00:00:00.0" version="" changed_by="1" date_changed="2013-01-27 01:40:38.0" retired_by="1" uuid="1066AAAAAAAAAAAAAAAAAAAAAAAAAAAAAAAA"/>
	<concept_name concept_id="1066" name="NO" locale="en" creator="1" date_created="2005-01-06 00:00:00.0" concept_name_id="1138" voided="0" voided_by="1" uuid="1138BBBBBBBBBBBBBBBBBBBBBBBBBBBBBBBB" concept_name_type="FULLY_SPECIFIED" locale_preferred="true"/>
	<concept concept_id="1660" retired="0" datatype_id="10" class_id="5" is_set="0" creator="1" date_created="2009-04-23 21:32:27.0" version="" changed_by="1" date_changed="2011-02-04 19:54:28.0" retired_by="1" uuid="1660AAAAAAAAAAAAAAAAAAAAAAAAAAAAAAAA"/>
	<concept_name concept_id="1660" name="No Signs Disease" locale="en" creator="1" date_created="2009-04-23 21:32:27.0" concept_name_id="86943" voided="0" voided_by="1" uuid="86943BBBBBBBBBBBBBBBBBBBBBBBBBBBBBBB" concept_name_type="SHORT" locale_preferred="false"/>
	<concept_name concept_id="1660" name="NO SIGNS OR SYMPTOMS OF DISEASE" locale="en" creator="1" date_created="2009-04-23 21:32:27.0" concept_name_id="1940" voided="0" voided_by="1" uuid="1940BBBBBBBBBBBBBBBBBBBBBBBBBBBBBBBB" concept_name_type="FULLY_SPECIFIED" locale_preferred="true"/>
	<concept concept_id="1107" retired="0" datatype_id="4" class_id="11" is_set="0" creator="1" date_created="2005-01-12 00:00:00.0" version="" changed_by="1" date_changed="2013-03-10 00:20:44.0" retired_by="1" uuid="1107AAAAAAAAAAAAAAAAAAAAAAAAAAAAAAAA"/>
	<concept_name concept_id="1107" name="None" locale="en" creator="1" date_created="2005-01-12 00:00:00.0" concept_name_id="1181" voided="0" voided_by="1" uuid="1181BBBBBBBBBBBBBBBBBBBBBBBBBBBBBBBB" concept_name_type="FULLY_SPECIFIED" locale_preferred="true"/>
	<concept concept_id="1175" retired="0" datatype_id="4" class_id="11" is_set="0" creator="1" date_created="2005-02-08 00:00:00.0" version="" changed_by="1" date_changed="2010-12-23 14:10:47.0" retired_by="1" uuid="1175AAAAAAAAAAAAAAAAAAAAAAAAAAAAAAAA"/>
	<concept_name concept_id="1175" name="NOT APPLICABLE" locale="en" creator="1" date_created="2005-02-08 00:00:00.0" concept_name_id="1252" voided="0" voided_by="1" uuid="1252BBBBBBBBBBBBBBBBBBBBBBBBBBBBBBBB" concept_name_type="FULLY_SPECIFIED" locale_preferred="true"/>
	<concept concept_id="160737" retired="0" datatype_id="4" class_id="11" is_set="0" creator="1" date_created="2012-07-05 15:22:24.0" version="" changed_by="1" date_changed="2012-07-11 01:33:11.0" retired_by="1" uuid="160737AAAAAAAAAAAAAAAAAAAAAAAAAAAAAA"/>
	<concept_name concept_id="160737" name="Not assessed" locale="en" creator="1" date_created="2012-07-05 15:22:24.0" concept_name_id="109272" voided="0" voided_by="1" uuid="109272BBBBBBBBBBBBBBBBBBBBBBBBBBBBBB" concept_name_type="FULLY_SPECIFIED" locale_preferred="true"/>
	<concept_name concept_id="160737" name="Not performed" locale="en" creator="1" date_created="2012-07-05 15:22:24.0" concept_name_id="109271" voided="0" voided_by="1" void_reason="" uuid="109271BBBBBBBBBBBBBBBBBBBBBBBBBBBBBB" locale_preferred="false"/>
	<concept concept_id="1402" retired="0" datatype_id="10" class_id="5" is_set="0" creator="1" date_created="2006-12-07 11:05:38.0" version="" changed_by="1" date_changed="2006-12-07 11:06:11.0" retired_by="1" uuid="1402AAAAAAAAAAAAAAAAAAAAAAAAAAAAAAAA"/>
	<concept_name concept_id="1402" name="HIV STATUS UNKNOWN, NEVER TESTED" locale="en" creator="1" date_created="2006-12-07 11:05:38.0" concept_name_id="1551" voided="0" voided_by="1" uuid="1551BBBBBBBBBBBBBBBBBBBBBBBBBBBBBBBB" concept_name_type="FULLY_SPECIFIED" locale_preferred="true"/>
	<concept_name concept_id="1402" name="unknown-not tested" locale="en" creator="1" date_created="2006-12-07 11:05:38.0" concept_name_id="86856" voided="0" voided_by="1" uuid="86856BBBBBBBBBBBBBBBBBBBBBBBBBBBBBBB" concept_name_type="SHORT" locale_preferred="false"/>
	<concept concept_id="1542" retired="0" datatype_id="2" class_id="5" is_set="0" creator="1" date_created="2008-02-16 13:51:15.0" version="" changed_by="1" date_changed="2010-11-04 16:53:27.0" retired_by="1" uuid="1542AAAAAAAAAAAAAAAAAAAAAAAAAAAAAAAA"/>
	<concept_name concept_id="1542" name="OCCUPATION" locale="en" creator="1" date_created="2008-02-16 13:53:50.0" concept_name_id="1804" voided="0" voided_by="1" uuid="1804BBBBBBBBBBBBBBBBBBBBBBBBBBBBBBBB" concept_name_type="FULLY_SPECIFIED" locale_preferred="true"/>
	<concept concept_id="5622" retired="0" datatype_id="4" class_id="11" is_set="0" creator="1" date_created="2004-08-12 00:00:00.0" version="" changed_by="1" date_changed="2012-12-16 19:03:55.0" retired_by="1" uuid="5622AAAAAAAAAAAAAAAAAAAAAAAAAAAAAAAA"/>
	<concept_name concept_id="5622" name="OTHER NON-CODED" locale="en" creator="1" date_created="2004-08-12 00:00:00.0" concept_name_id="2761" voided="0" voided_by="1" uuid="2761BBBBBBBBBBBBBBBBBBBBBBBBBBBBBBBB" concept_name_type="FULLY_SPECIFIED" locale_preferred="true"/>
	<concept concept_id="1053" retired="0" datatype_id="1" class_id="7" is_set="0" creator="1" date_created="2005-01-06 00:00:00.0" version="" changed_by="1" date_changed="2013-01-04 16:19:20.0" retired_by="1" uuid="1053AAAAAAAAAAAAAAAAAAAAAAAAAAAAAAAA"/>
	<concept_numeric concept_id="1053" units="# children" precise="0"/>
	<concept_name concept_id="1053" name="Parity" locale="en" creator="1" date_created="2005-01-06 00:00:00.0" concept_name_id="1114" voided="0" voided_by="1" uuid="1114BBBBBBBBBBBBBBBBBBBBBBBBBBBBBBBB" concept_name_type="FULLY_SPECIFIED" locale_preferred="true"/>
	<concept_name concept_id="1053" name="Number of delivered children" locale="en" creator="1" date_created="2012-05-26 22:01:13.0" concept_name_id="108616" voided="0" voided_by="1" void_reason="" uuid="108616BBBBBBBBBBBBBBBBBBBBBBBBBBBBBB" locale_preferred="false"/>
	<concept concept_id="1823" retired="0" datatype_id="1" class_id="5" is_set="0" creator="1" date_created="2009-07-13 12:40:52.0" version="" changed_by="1" date_changed="2013-01-04 16:22:15.0" retired_by="1" uuid="1823AAAAAAAAAAAAAAAAAAAAAAAAAAAAAAAA"/>
	<concept_numeric concept_id="1823" units="" precise="0"/>
	<concept_name concept_id="1823" name="Number of abortions/miscarriages" locale="en" creator="1" date_created="2009-07-13 12:40:52.0" concept_name_id="53949" voided="0" voided_by="1" uuid="53949BBBBBBBBBBBBBBBBBBBBBBBBBBBBBBB" concept_name_type="FULLY_SPECIFIED" locale_preferred="true"/>
	<concept concept_id="160080" retired="0" datatype_id="1" class_id="11" is_set="0" creator="1" date_created="2011-02-24 13:40:46.0" version="" changed_by="1" date_changed="2013-01-10 17:31:00.0" retired_by="1" uuid="160080AAAAAAAAAAAAAAAAAAAAAAAAAAAAAA"/>
	<concept_numeric concept_id="160080" units="" precise="0"/>
	<concept_name concept_id="160080" name="number of full term pregnancies" locale="en" creator="1" date_created="2011-02-24 13:40:46.0" concept_name_id="107792" voided="0" voided_by="1" uuid="107792BBBBBBBBBBBBBBBBBBBBBBBBBBBBBB" concept_name_type="FULLY_SPECIFIED" locale_preferred="true"/>
	<concept concept_id="160537" retired="0" datatype_id="4" class_id="11" is_set="0" creator="1" date_created="2012-06-12 02:20:21.0" version="" changed_by="1" retired_by="1" uuid="160537AAAAAAAAAAAAAAAAAAAAAAAAAAAAAA"/>
	<concept_name concept_id="160537" name="Pediatric inpatient service" locale="en" creator="1" date_created="2012-06-12 02:20:21.0" concept_name_id="108857" voided="0" voided_by="1" uuid="108857BBBBBBBBBBBBBBBBBBBBBBBBBBBBBB" concept_name_type="FULLY_SPECIFIED" locale_preferred="true"/>
	<concept concept_id="160538" retired="0" datatype_id="4" class_id="11" is_set="0" creator="1" date_created="2012-06-12 02:22:39.0" version="" changed_by="1" date_changed="2012-06-23 14:52:19.0" retired_by="1" uuid="160538AAAAAAAAAAAAAAAAAAAAAAAAAAAAAA"/>
	<concept_name concept_id="160538" name="Prevention of maternal to child transmission program" locale="en" creator="1" date_created="2012-06-12 02:22:39.0" concept_name_id="108858" voided="0" voided_by="1" uuid="108858BBBBBBBBBBBBBBBBBBBBBBBBBBBBBB" concept_name_type="FULLY_SPECIFIED" locale_preferred="true"/>
	<concept_name concept_id="160538" name="PMTCT Program" locale="en" creator="1" date_created="2012-06-12 02:24:26.0" concept_name_id="108861" voided="0" voided_by="1" uuid="108861BBBBBBBBBBBBBBBBBBBBBBBBBBBBBB" concept_name_type="SHORT" locale_preferred="false"/>
	<concept concept_id="703" retired="0" datatype_id="4" class_id="11" is_set="0" creator="1" date_created="2004-01-01 00:00:00.0" version="" changed_by="1" date_changed="2012-08-10 19:13:43.0" retired_by="1" uuid="703AAAAAAAAAAAAAAAAAAAAAAAAAAAAAAAAA"/>
	<concept_name concept_id="703" name="POSITIVE" locale="en" creator="1" date_created="2004-01-01 00:00:00.0" concept_name_id="737" voided="0" voided_by="1" uuid="737BBBBBBBBBBBBBBBBBBBBBBBBBBBBBBBBB" concept_name_type="FULLY_SPECIFIED" locale_preferred="true"/>
	<concept_name concept_id="703" name="POS" locale="en" creator="1" date_created="2004-10-20 00:00:00.0" concept_name_id="96670" voided="0" voided_by="1" void_reason="" uuid="96670BBBBBBBBBBBBBBBBBBBBBBBBBBBBBBB" locale_preferred="false"/>
	<concept_name concept_id="703" name="(+)" locale="en" creator="1" date_created="2004-12-02 00:00:00.0" concept_name_id="87073" voided="0" voided_by="1" void_reason="" uuid="87073BBBBBBBBBBBBBBBBBBBBBBBBBBBBBBB" locale_preferred="false"/>
	<concept_name concept_id="703" name="+" locale="en" creator="1" date_created="2004-12-02 00:00:00.0" concept_name_id="87075" voided="0" voided_by="1" void_reason="" uuid="87075BBBBBBBBBBBBBBBBBBBBBBBBBBBBBBB" locale_preferred="false"/>
	<concept concept_id="5272" retired="0" datatype_id="2" class_id="7" is_set="0" creator="1" date_created="2004-08-12 00:00:00.0" version="" changed_by="1" date_changed="2013-05-22 14:16:12.0" retired_by="1" uuid="5272AAAAAAAAAAAAAAAAAAAAAAAAAAAAAAAA"/>
	<concept_name concept_id="5272" name="PREGNANCY STATUS" locale="en" creator="1" date_created="2004-08-12 00:00:00.0" concept_name_id="2378" voided="0" voided_by="1" uuid="2378BBBBBBBBBBBBBBBBBBBBBBBBBBBBBBBB" concept_name_type="FULLY_SPECIFIED" locale_preferred="true"/>
	<concept_name concept_id="5272" name="Patient pregnant" locale="en" creator="1" date_created="2012-05-26 21:56:53.0" concept_name_id="108615" voided="0" voided_by="1" void_reason="" uuid="108615BBBBBBBBBBBBBBBBBBBBBBBBBBBBBB" locale_preferred="false"/>
	<concept concept_id="1713" retired="0" datatype_id="10" class_id="11" is_set="0" creator="1" date_created="2009-06-23 21:44:38.0" version="" changed_by="1" date_changed="2012-03-04 19:25:49.0" retired_by="1" uuid="1713AAAAAAAAAAAAAAAAAAAAAAAAAAAAAAAA"/>
	<concept_name concept_id="1713" name="Primary school (completed)" locale="en" creator="1" date_created="2012-03-04 19:25:48.0" concept_name_id="108346" voided="0" voided_by="1" uuid="108346BBBBBBBBBBBBBBBBBBBBBBBBBBBBBB" locale_preferred="false"/>
	<concept_name concept_id="1713" name="PRIMARY SCHOOL EDUCATION" locale="en" creator="1" date_created="2009-06-23 21:44:38.0" concept_name_id="1993" voided="0" voided_by="1" uuid="1993BBBBBBBBBBBBBBBBBBBBBBBBBBBBBBBB" concept_name_type="FULLY_SPECIFIED" locale_preferred="true"/>
	<concept_name concept_id="1713" name="Primary Education" locale="en" creator="1" date_created="2009-06-23 21:44:38.0" concept_name_id="86996" voided="0" voided_by="1" uuid="86996BBBBBBBBBBBBBBBBBBBBBBBBBBBBBBB" concept_name_type="SHORT" locale_preferred="false"/>
	<concept concept_id="42" retired="0" datatype_id="10" class_id="4" is_set="0" creator="1" date_created="2004-01-01 00:00:00.0" version="" changed_by="1" date_changed="2012-07-13 17:27:51.0" retired_by="1" uuid="42AAAAAAAAAAAAAAAAAAAAAAAAAAAAAAAAAA"/>
	<concept_name concept_id="42" name="PNEUMONIA, TUBERCULOUS" locale="en" creator="1" date_created="2004-01-01 00:00:00.0" concept_name_id="49" voided="0" voided_by="1" uuid="49BBBBBBBBBBBBBBBBBBBBBBBBBBBBBBBBBB" concept_name_type="FULLY_SPECIFIED" locale_preferred="true"/>
	<concept_name concept_id="42" name="PTB" locale="en" creator="1" date_created="2005-02-14 05:55:39.0" concept_name_id="97069" voided="0" voided_by="1" void_reason="" uuid="97069BBBBBBBBBBBBBBBBBBBBBBBBBBBBBBB" locale_preferred="false"/>
	<concept_name concept_id="42" name="mycobacterium tuberculosis, pulmonary" locale="en" creator="1" date_created="2010-04-26 18:28:28.0" concept_name_id="105674" voided="0" voided_by="1" void_reason="" uuid="105674BBBBBBBBBBBBBBBBBBBBBBBBBBBBBB" locale_preferred="false"/>
	<concept_name concept_id="42" name="TB PNEUMONIA" locale="en" creator="1" date_created="2005-02-14 05:53:07.0" concept_name_id="98719" voided="0" voided_by="1" void_reason="" uuid="98719BBBBBBBBBBBBBBBBBBBBBBBBBBBBBBB" locale_preferred="false"/>
	<concept_name concept_id="42" name="pulmonary tuberculosis" locale="en" creator="1" date_created="2010-04-26 18:28:28.0" concept_name_id="105673" voided="0" voided_by="1" void_reason="" uuid="105673BBBBBBBBBBBBBBBBBBBBBBBBBBBBBB" locale_preferred="false"/>
	<concept_name concept_id="42" name="PULMONARY TB" locale="en" creator="1" date_created="2005-02-14 05:55:39.0" concept_name_id="97085" voided="0" voided_by="1" void_reason="" uuid="97085BBBBBBBBBBBBBBBBBBBBBBBBBBBBBBB" locale_preferred="false"/>
	<concept concept_id="161555" retired="0" datatype_id="2" class_id="11" is_set="0" creator="1" date_created="2013-01-24 19:52:40.0" version="" changed_by="1" retired_by="1" uuid="161555AAAAAAAAAAAAAAAAAAAAAAAAAAAAAA"/>
	<concept_name concept_id="161555" name="Reason for discontinuation of program" locale="en" creator="1" date_created="2013-01-24 19:52:40.0" concept_name_id="111179" voided="0" voided_by="1" uuid="111179BBBBBBBBBBBBBBBBBBBBBBBBBBBBBB" concept_name_type="FULLY_SPECIFIED" locale_preferred="true"/>
	<concept concept_id="159371" retired="0" datatype_id="2" class_id="5" is_set="0" creator="1" date_created="2010-08-24 13:50:39.0" version="" changed_by="1" date_changed="2011-05-11 15:37:37.0" retired_by="1" uuid="159371AAAAAAAAAAAAAAAAAAAAAAAAAAAAAA"/>
	<concept_name concept_id="159371" name="Referring clinic or hospital" locale="en" creator="1" date_created="2010-08-24 13:50:39.0" concept_name_id="106441" voided="0" voided_by="1" uuid="106441BBBBBBBBBBBBBBBBBBBBBBBBBBBBBB" concept_name_type="FULLY_SPECIFIED" locale_preferred="true"/>
	<concept concept_id="159877" retired="0" datatype_id="4" class_id="4" is_set="0" creator="1" date_created="2010-11-23 13:55:21.0" version="" changed_by="1" date_changed="2011-02-17 19:02:45.0" retired_by="1" uuid="159877AAAAAAAAAAAAAAAAAAAAAAAAAAAAAA"/>
	<concept_name concept_id="159877" name="relapse, smear positive tuberculosis" locale="en" creator="1" date_created="2010-11-23 13:55:21.0" concept_name_id="107366" voided="0" voided_by="1" uuid="107366BBBBBBBBBBBBBBBBBBBBBBBBBBBBBB" concept_name_type="FULLY_SPECIFIED" locale_preferred="true"/>
	<concept concept_id="159982" retired="0" datatype_id="2" class_id="1" is_set="0" creator="1" date_created="2010-12-16 14:26:55.0" version="" changed_by="1" date_changed="2011-02-05 21:32:12.0" retired_by="1" uuid="159982AAAAAAAAAAAAAAAAAAAAAAAAAAAAAA"/>
	<concept_name concept_id="159982" name="results, tuberculosis culture" locale="en" creator="1" date_created="2010-12-16 14:26:55.0" concept_name_id="107549" voided="0" voided_by="1" uuid="107549BBBBBBBBBBBBBBBBBBBBBBBBBBBBBB" concept_name_type="FULLY_SPECIFIED" locale_preferred="true"/>
	<concept concept_id="159873" retired="0" datatype_id="4" class_id="11" is_set="0" creator="1" date_created="2010-11-23 13:39:16.0" version="" changed_by="1" retired_by="1" uuid="159873AAAAAAAAAAAAAAAAAAAAAAAAAAAAAA"/>
	<concept_name concept_id="159873" name="retreatment after default, tuberculosis" locale="en" creator="1" date_created="2010-11-23 13:39:16.0" concept_name_id="107361" voided="0" voided_by="1" uuid="107361BBBBBBBBBBBBBBBBBBBBBBBBBBBBBB" concept_name_type="FULLY_SPECIFIED" locale_preferred="true"/>
	<concept_name concept_id="159873" name="RAD" locale="en" creator="1" date_created="2010-11-23 13:39:16.0" concept_name_id="107362" voided="0" voided_by="1" uuid="107362BBBBBBBBBBBBBBBBBBBBBBBBBBBBBB" concept_name_type="SHORT" locale_preferred="false"/>
	<concept concept_id="5096" retired="0" datatype_id="6" class_id="11" is_set="0" creator="1" date_created="2004-08-12 00:00:00.0" version="" changed_by="1" date_changed="2012-05-31 17:42:13.0" retired_by="1" uuid="5096AAAAAAAAAAAAAAAAAAAAAAAAAAAAAAAA"/>
	<concept_name concept_id="5096" name="Next scheduled visit" locale="en" creator="1" date_created="2012-05-31 17:42:13.0" concept_name_id="108642" voided="0" voided_by="1" uuid="108642BBBBBBBBBBBBBBBBBBBBBBBBBBBBBB" locale_preferred="false"/>
	<concept_name concept_id="5096" name="RETURN VISIT DATE" locale="en" creator="1" date_created="2004-08-12 00:00:00.0" concept_name_id="2200" voided="0" voided_by="1" uuid="2200BBBBBBBBBBBBBBBBBBBBBBBBBBBBBBBB" concept_name_type="FULLY_SPECIFIED" locale_preferred="true"/>
	<concept_name concept_id="5096" name="Appointment date" locale="en" creator="1" date_created="2012-05-31 17:42:13.0" concept_name_id="108641" voided="0" voided_by="1" void_reason="" uuid="108641BBBBBBBBBBBBBBBBBBBBBBBBBBBBBB" locale_preferred="false"/>
	<concept concept_id="1246" retired="0" datatype_id="10" class_id="7" is_set="0" creator="1" date_created="2005-02-22 10:55:28.0" version="" changed_by="1" date_changed="2011-05-30 19:41:30.0" retired_by="1" uuid="1246AAAAAAAAAAAAAAAAAAAAAAAAAAAAAAAA"/>
	<concept_name concept_id="1246" name="SCHEDULED VISIT" locale="en" creator="1" date_created="2005-02-22 10:55:28.0" concept_name_id="1325" voided="0" voided_by="1" uuid="1325BBBBBBBBBBBBBBBBBBBBBBBBBBBBBBBB" concept_name_type="FULLY_SPECIFIED" locale_preferred="true"/>
	<concept concept_id="1714" retired="0" datatype_id="10" class_id="11" is_set="0" creator="1" date_created="2009-06-23 21:45:06.0" version="" changed_by="1" date_changed="2012-03-06 14:10:15.0" retired_by="1" uuid="1714AAAAAAAAAAAAAAAAAAAAAAAAAAAAAAAA"/>
	<concept_name concept_id="1714" name="Secondary school education completed" locale="en" creator="1" date_created="2012-03-06 14:05:44.0" concept_name_id="108355" voided="0" voided_by="1" void_reason="" uuid="108355BBBBBBBBBBBBBBBBBBBBBBBBBBBBBB" locale_preferred="false"/>
	<concept_name concept_id="1714" name="Secondary Education" locale="en" creator="1" date_created="2009-06-23 21:45:06.0" concept_name_id="86997" voided="0" voided_by="1" uuid="86997BBBBBBBBBBBBBBBBBBBBBBBBBBBBBBB" concept_name_type="SHORT" locale_preferred="false"/>
	<concept_name concept_id="1714" name="SECONDARY SCHOOL EDUCATION" locale="en" creator="1" date_created="2009-06-23 21:45:06.0" concept_name_id="1994" voided="0" voided_by="1" uuid="1994BBBBBBBBBBBBBBBBBBBBBBBBBBBBBBBB" concept_name_type="FULLY_SPECIFIED" locale_preferred="true"/>
	<concept concept_id="159524" retired="0" datatype_id="4" class_id="11" is_set="0" creator="1" date_created="2010-09-02 16:46:06.0" version="" changed_by="1" date_changed="2012-06-15 13:54:47.0" retired_by="1" uuid="159524AAAAAAAAAAAAAAAAAAAAAAAAAAAAAA"/>
	<concept_name concept_id="159524" name="Sexual abstinence" locale="en" creator="1" date_created="2010-09-02 16:46:06.0" concept_name_id="106629" voided="0" voided_by="1" uuid="106629BBBBBBBBBBBBBBBBBBBBBBBBBBBBBB" concept_name_type="FULLY_SPECIFIED" locale_preferred="true"/>
	<concept_name concept_id="159524" name="Not sexually active" locale="en" creator="1" date_created="2012-06-07 19:41:21.0" concept_name_id="108703" voided="0" voided_by="1" void_reason="" uuid="108703BBBBBBBBBBBBBBBBBBBBBBBBBBBBBB" locale_preferred="false"/>
	<concept_name concept_id="159524" name="Celibate" locale="en" creator="1" date_created="2012-06-07 19:41:21.0" concept_name_id="108704" voided="0" voided_by="1" void_reason="" uuid="108704BBBBBBBBBBBBBBBBBBBBBBBBBBBBBB" locale_preferred="false"/>
	<concept concept_id="1728" retired="0" datatype_id="2" class_id="11" is_set="0" creator="1" date_created="2009-06-24 16:51:15.0" version="" changed_by="1" date_changed="2013-02-22 20:39:10.0" retired_by="1" uuid="1728AAAAAAAAAAAAAAAAAAAAAAAAAAAAAAAA"/>
	<concept_name concept_id="1728" name="sign/symptom" locale="en" creator="1" date_created="2009-06-24 16:51:15.0" concept_name_id="87010" voided="0" voided_by="1" uuid="87010BBBBBBBBBBBBBBBBBBBBBBBBBBBBBBB" concept_name_type="SHORT" locale_preferred="false"/>
	<concept_name concept_id="1728" name="SIGN/SYMPTOM NAME" locale="en" creator="1" date_created="2009-06-24 16:51:15.0" concept_name_id="2008" voided="0" voided_by="1" uuid="2008BBBBBBBBBBBBBBBBBBBBBBBBBBBBBBBB" concept_name_type="FULLY_SPECIFIED" locale_preferred="true"/>
	<concept concept_id="1729" retired="0" datatype_id="2" class_id="7" is_set="0" creator="1" date_created="2009-06-24 16:52:38.0" version="" changed_by="1" date_changed="2013-03-12 23:39:46.0" retired_by="1" uuid="1729AAAAAAAAAAAAAAAAAAAAAAAAAAAAAAAA"/>
	<concept_name concept_id="1729" name="sign/symptom?" locale="en" creator="1" date_created="2009-06-24 16:52:38.0" concept_name_id="87011" voided="0" voided_by="1" uuid="87011BBBBBBBBBBBBBBBBBBBBBBBBBBBBBBB" concept_name_type="SHORT" locale_preferred="false"/>
	<concept_name concept_id="1729" name="SIGN/SYMPTOM PRESENT" locale="en" creator="1" date_created="2009-06-24 16:52:38.0" concept_name_id="2009" voided="0" voided_by="1" uuid="2009BBBBBBBBBBBBBBBBBBBBBBBBBBBBBBBB" concept_name_type="FULLY_SPECIFIED" locale_preferred="true"/>
	<concept concept_id="160040" retired="0" datatype_id="2" class_id="7" is_set="0" creator="1" date_created="2011-01-17 21:06:31.0" version="" changed_by="1" retired_by="1" uuid="160040AAAAAAAAAAAAAAAAAAAAAAAAAAAAAA"/>
	<concept_name concept_id="160040" name="Site of tuberculosis disease" locale="en" creator="1" date_created="2011-01-17 21:06:31.0" concept_name_id="107700" voided="0" voided_by="1" uuid="107700BBBBBBBBBBBBBBBBBBBBBBBBBBBBBB" concept_name_type="FULLY_SPECIFIED" locale_preferred="true"/>
	<concept_name concept_id="160040" name="TB site" locale="en" creator="1" date_created="2011-01-17 21:06:31.0" concept_name_id="107701" voided="0" voided_by="1" uuid="107701BBBBBBBBBBBBBBBBBBBBBBBBBBBBBB" concept_name_type="SHORT" locale_preferred="false"/>
	<concept concept_id="159878" retired="0" datatype_id="4" class_id="4" is_set="0" creator="1" date_created="2010-11-23 13:57:40.0" version="" changed_by="1" date_changed="2013-02-20 21:27:33.0" retired_by="1" uuid="159878AAAAAAAAAAAAAAAAAAAAAAAAAAAAAA"/>
	<concept_name concept_id="159878" name="smear positive, new tuberculosis patient" locale="en" creator="1" date_created="2010-11-23 13:57:40.0" concept_name_id="107367" voided="0" voided_by="1" uuid="107367BBBBBBBBBBBBBBBBBBBBBBBBBBBBBB" concept_name_type="FULLY_SPECIFIED" locale_preferred="true"/>
	<concept concept_id="105281" retired="0" datatype_id="4" class_id="3" is_set="0" creator="1" date_created="2007-03-11 00:00:00.0" version="" changed_by="1" date_changed="2013-06-24 12:29:50.0" retired_by="1" uuid="105281AAAAAAAAAAAAAAAAAAAAAAAAAAAAAA"/>
	<concept_name concept_id="105281" name="SULFAMETHOXAZOLE / TRIMETHOPRIM" locale="en" creator="1" date_created="2007-03-11 00:00:00.0" concept_name_id="10699" voided="0" voided_by="1" uuid="10699BBBBBBBBBBBBBBBBBBBBBBBBBBBBBBB" concept_name_type="FULLY_SPECIFIED" locale_preferred="true"/>
	<concept_name concept_id="105281" name="Sulfatrim" locale="en" creator="1" date_created="2007-10-18 09:35:54.0" concept_name_id="98491" voided="0" voided_by="1" void_reason="" uuid="98491BBBBBBBBBBBBBBBBBBBBBBBBBBBBBBB" locale_preferred="false"/>
	<concept_name concept_id="105281" name="SMX-TMP" locale="en" creator="1" date_created="2007-06-28 17:13:40.0" concept_name_id="98179" voided="0" voided_by="1" void_reason="" uuid="98179BBBBBBBBBBBBBBBBBBBBBBBBBBBBBBB" locale_preferred="false"/>
	<concept_name concept_id="105281" name="Cotrim" locale="en" creator="1" date_created="2007-10-18 09:35:54.0" concept_name_id="90027" voided="0" voided_by="1" void_reason="" uuid="90027BBBBBBBBBBBBBBBBBBBBBBBBBBBBBBB" locale_preferred="false"/>
	<concept_name concept_id="105281" name="Septra" locale="en" creator="1" date_created="2007-10-18 09:35:54.0" concept_name_id="97999" voided="0" voided_by="1" void_reason="" uuid="97999BBBBBBBBBBBBBBBBBBBBBBBBBBBBBBB" locale_preferred="false"/>
	<concept_name concept_id="105281" name="Co-trimoxazole" locale="en" creator="1" date_created="2012-10-11 13:07:20.0" concept_name_id="110406" voided="0" voided_by="1" void_reason="" uuid="110406BBBBBBBBBBBBBBBBBBBBBBBBBBBBBB" locale_preferred="false"/>
	<concept_name concept_id="105281" name="Cotrimoxazole" locale="en" creator="1" date_created="2013-06-24 12:29:50.0" concept_name_id="124262" voided="0" voided_by="1" uuid="124262BBBBBBBBBBBBBBBBBBBBBBBBBBBBBB" locale_preferred="false"/>
	<concept_name concept_id="105281" name="Bactrim" locale="en" creator="1" date_created="2007-10-18 09:35:54.0" concept_name_id="88448" voided="0" voided_by="1" void_reason="" uuid="88448BBBBBBBBBBBBBBBBBBBBBBBBBBBBBBB" locale_preferred="false"/>
	<concept_name concept_id="105281" name="CTX" locale="en" creator="1" date_created="2013-06-24 12:29:50.0" concept_name_id="124261" voided="0" voided_by="1" uuid="124261BBBBBBBBBBBBBBBBBBBBBBBBBBBBBB" locale_preferred="false"/>
	<concept_name concept_id="105281" name="Septrin" locale="en" creator="1" date_created="2007-10-18 09:35:54.0" concept_name_id="98001" voided="0" voided_by="1" void_reason="" uuid="98001BBBBBBBBBBBBBBBBBBBBBBBBBBBBBBB" locale_preferred="false"/>
	<concept concept_id="307" retired="0" datatype_id="2" class_id="1" is_set="0" creator="1" date_created="2004-01-01 00:00:00.0" version="" changed_by="1" date_changed="2013-05-08 14:29:44.0" retired_by="1" uuid="307AAAAAAAAAAAAAAAAAAAAAAAAAAAAAAAAA"/>
	<concept_name concept_id="307" name="SPUTUM FOR ACID FAST BACILLI" locale="en" creator="1" date_created="2004-01-01 00:00:00.0" concept_name_id="337" voided="0" voided_by="1" uuid="337BBBBBBBBBBBBBBBBBBBBBBBBBBBBBBBBB" concept_name_type="FULLY_SPECIFIED" locale_preferred="true"/>
	<concept_name concept_id="307" name="SPUTUM FOR AFB" locale="en" creator="1" date_created="2005-01-22 00:00:00.0" concept_name_id="98302" voided="0" voided_by="1" void_reason="" uuid="98302BBBBBBBBBBBBBBBBBBBBBBBBBBBBBBB" locale_preferred="false"/>
	<concept_name concept_id="307" name="AFB SMEAR SPUTUM" locale="en" creator="1" date_created="2004-10-20 00:00:00.0" concept_name_id="87383" voided="0" voided_by="1" void_reason="" uuid="87383BBBBBBBBBBBBBBBBBBBBBBBBBBBBBBB" locale_preferred="false"/>
	<concept concept_id="1271" retired="0" datatype_id="2" class_id="7" is_set="0" creator="1" date_created="2005-02-22 20:43:57.0" version="" changed_by="1" date_changed="2011-09-24 13:45:31.0" retired_by="1" uuid="1271AAAAAAAAAAAAAAAAAAAAAAAAAAAAAAAA"/>
	<concept_name concept_id="1271" name="TESTS ORDERED" locale="en" creator="1" date_created="2005-02-22 20:43:57.0" concept_name_id="1351" voided="0" voided_by="1" uuid="1351BBBBBBBBBBBBBBBBBBBBBBBBBBBBBBBB" concept_name_type="FULLY_SPECIFIED" locale_preferred="true"/>
	<concept concept_id="1659" retired="0" datatype_id="2" class_id="5" is_set="0" creator="1" date_created="2009-04-23 21:30:08.0" version="" changed_by="1" date_changed="2012-07-05 15:23:27.0" retired_by="1" uuid="1659AAAAAAAAAAAAAAAAAAAAAAAAAAAAAAAA"/>
	<concept_name concept_id="1659" name="tb disease status" locale="en" creator="1" date_created="2009-04-23 21:30:08.0" concept_name_id="86942" voided="0" voided_by="1" uuid="86942BBBBBBBBBBBBBBBBBBBBBBBBBBBBBBB" concept_name_type="SHORT" locale_preferred="false"/>
	<concept_name concept_id="1659" name="TUBERCULOSIS DISEASE STATUS" locale="en" creator="1" date_created="2009-04-23 21:30:08.0" concept_name_id="1939" voided="0" voided_by="1" uuid="1939BBBBBBBBBBBBBBBBBBBBBBBBBBBBBBBB" concept_name_type="FULLY_SPECIFIED" locale_preferred="true"/>
	<concept concept_id="1113" retired="0" datatype_id="6" class_id="7" is_set="0" creator="1" date_created="2005-01-12 00:00:00.0" version="" changed_by="1" date_changed="2011-05-26 16:00:14.0" retired_by="1" uuid="1113AAAAAAAAAAAAAAAAAAAAAAAAAAAAAAAA"/>
	<concept_name concept_id="1113" name="TUBERCULOSIS DRUG TREATMENT START DATE" locale="en" creator="1" date_created="2005-01-12 00:00:00.0" concept_name_id="1188" voided="0" voided_by="1" uuid="1188BBBBBBBBBBBBBBBBBBBBBBBBBBBBBBBB" concept_name_type="FULLY_SPECIFIED" locale_preferred="true"/>
	<concept_name concept_id="1113" name="TB DRUG START DATE" locale="en" creator="1" date_created="2005-02-07 00:00:00.0" concept_name_id="98718" voided="0" voided_by="1" uuid="98718BBBBBBBBBBBBBBBBBBBBBBBBBBBBBBB" locale_preferred="false"/>
	<concept concept_id="159874" retired="0" datatype_id="2" class_id="4" is_set="0" creator="1" date_created="2010-11-23 13:47:26.0" version="" changed_by="1" date_changed="2013-02-28 14:49:43.0" retired_by="1" uuid="159874AAAAAAAAAAAAAAAAAAAAAAAAAAAAAA"/>
	<concept_name concept_id="159874" name="tuberculosis treatment failure" locale="en" creator="1" date_created="2010-11-23 13:47:26.0" concept_name_id="107363" voided="0" voided_by="1" uuid="107363BBBBBBBBBBBBBBBBBBBBBBBBBBBBBB" concept_name_type="FULLY_SPECIFIED" locale_preferred="true"/>
	<concept concept_id="161654" retired="0" datatype_id="1" class_id="7" is_set="0" creator="1" date_created="2013-04-26 14:29:42.0" version="" changed_by="1" retired_by="1" uuid="161654AAAAAAAAAAAAAAAAAAAAAAAAAAAAAA"/>
	<concept_numeric concept_id="161654" units="" precise="0"/>
	<concept_name concept_id="161654" name="Tuberculosis treatment number" locale="en" creator="1" date_created="2013-04-26 14:29:42.0" concept_name_id="123684" voided="0" voided_by="1" uuid="123684BBBBBBBBBBBBBBBBBBBBBBBBBBBBBB" concept_name_type="FULLY_SPECIFIED" locale_preferred="true"/>
	<concept concept_id="159786" retired="0" datatype_id="2" class_id="11" is_set="0" creator="1" date_created="2010-11-12 17:22:04.0" version="" changed_by="1" date_changed="2011-02-17 16:18:20.0" retired_by="1" uuid="159786AAAAAAAAAAAAAAAAAAAAAAAAAAAAAA"/>
	<concept_name concept_id="159786" name="tuberculous treatment outcome" locale="en" creator="1" date_created="2010-11-12 17:22:04.0" concept_name_id="107258" voided="0" voided_by="1" uuid="107258BBBBBBBBBBBBBBBBBBBBBBBBBBBBBB" concept_name_type="FULLY_SPECIFIED" locale_preferred="true"/>
	<concept concept_id="160541" retired="0" datatype_id="4" class_id="11" is_set="0" creator="1" date_created="2012-06-14 16:17:34.0" version="" changed_by="1" date_changed="2012-06-15 14:16:18.0" retired_by="1" uuid="160541AAAAAAAAAAAAAAAAAAAAAAAAAAAAAA"/>
	<concept_name concept_id="160541" name="Tuberculosis treatment program" locale="en" creator="1" date_created="2012-06-14 16:17:34.0" concept_name_id="108876" voided="0" voided_by="1" uuid="108876BBBBBBBBBBBBBBBBBBBBBBBBBBBBBB" concept_name_type="FULLY_SPECIFIED" locale_preferred="true"/>
	<concept_name concept_id="160541" name="TB Program" locale="en" creator="1" date_created="2012-06-14 16:17:34.0" concept_name_id="108877" voided="0" voided_by="1" uuid="108877BBBBBBBBBBBBBBBBBBBBBBBBBBBBBB" concept_name_type="SHORT" locale_preferred="false"/>
	<concept concept_id="160534" retired="0" datatype_id="6" class_id="7" is_set="0" creator="1" date_created="2012-06-11 20:43:20.0" version="" changed_by="1" retired_by="1" uuid="160534AAAAAAAAAAAAAAAAAAAAAAAAAAAAAA"/>
	<concept_name concept_id="160534" name="Transfer in date" locale="en" creator="1" date_created="2012-06-11 20:43:20.0" concept_name_id="108850" voided="0" voided_by="1" uuid="108850BBBBBBBBBBBBBBBBBBBBBBBBBBBBBB" concept_name_type="FULLY_SPECIFIED" locale_preferred="true"/>
	<concept concept_id="159871" retired="0" datatype_id="2" class_id="4" is_set="0" creator="1" date_created="2010-11-23 13:34:14.0" version="" changed_by="1" date_changed="2010-11-23 14:01:29.0" retired_by="1" uuid="159871AAAAAAAAAAAAAAAAAAAAAAAAAAAAAA"/>
	<concept_name concept_id="159871" name="type of tuberculosis patient, based on previous treatment" locale="en" creator="1" date_created="2010-11-23 13:34:14.0" concept_name_id="107359" voided="0" voided_by="1" uuid="107359BBBBBBBBBBBBBBBBBBBBBBBBBBBBBB" concept_name_type="FULLY_SPECIFIED" locale_preferred="true"/>
	<concept concept_id="159492" retired="0" datatype_id="4" class_id="11" is_set="0" creator="1" date_created="2010-08-31 16:37:40.0" version="" changed_by="1" date_changed="2011-02-12 20:18:30.0" retired_by="1" uuid="159492AAAAAAAAAAAAAAAAAAAAAAAAAAAAAA"/>
	<concept_name concept_id="159492" name="Transferred out" locale="en" creator="1" date_created="2010-08-31 16:37:40.0" concept_name_id="106596" voided="0" voided_by="1" uuid="106596BBBBBBBBBBBBBBBBBBBBBBBBBBBBBB" concept_name_type="FULLY_SPECIFIED" locale_preferred="true"/>
	<concept concept_id="160544" retired="0" datatype_id="4" class_id="11" is_set="0" creator="1" date_created="2012-06-14 16:22:23.0" version="" changed_by="1" date_changed="2012-06-15 14:14:54.0" retired_by="1" uuid="160544AAAAAAAAAAAAAAAAAAAAAAAAAAAAAA"/>
	<concept_name concept_id="160544" name="Under five clinic" locale="en" creator="1" date_created="2012-06-14 16:22:23.0" concept_name_id="108881" voided="0" voided_by="1" uuid="108881BBBBBBBBBBBBBBBBBBBBBBBBBBBBBB" concept_name_type="FULLY_SPECIFIED" locale_preferred="true"/>
	<concept_name concept_id="160544" name="Under 5 clinic" locale="en" creator="1" date_created="2012-06-15 14:14:53.0" concept_name_id="108977" voided="0" voided_by="1" uuid="108977BBBBBBBBBBBBBBBBBBBBBBBBBBBBBB" locale_preferred="false"/>
	<concept concept_id="160300" retired="0" datatype_id="4" class_id="11" is_set="0" creator="1" date_created="2012-03-12 01:18:24.0" version="" changed_by="1" retired_by="1" uuid="160300AAAAAAAAAAAAAAAAAAAAAAAAAAAAAA"/>
	<concept_name concept_id="160300" name="Undergraduate education complete" locale="en" creator="1" date_created="2012-03-12 01:18:24.0" concept_name_id="108380" voided="0" voided_by="1" uuid="108380BBBBBBBBBBBBBBBBBBBBBBBBBBBBBB" concept_name_type="FULLY_SPECIFIED" locale_preferred="true"/>
	<concept concept_id="1067" retired="0" datatype_id="4" class_id="11" is_set="0" creator="1" date_created="2005-01-06 00:00:00.0" version="" changed_by="1" date_changed="2013-01-27 01:37:12.0" retired_by="1" uuid="1067AAAAAAAAAAAAAAAAAAAAAAAAAAAAAAAA"/>
	<concept_name concept_id="1067" name="UNKNOWN" locale="en" creator="1" date_created="2005-01-06 00:00:00.0" concept_name_id="1140" voided="0" voided_by="1" uuid="1140BBBBBBBBBBBBBBBBBBBBBBBBBBBBBBBB" concept_name_type="FULLY_SPECIFIED" locale_preferred="true"/>
	<concept concept_id="160539" retired="0" datatype_id="4" class_id="11" is_set="0" creator="1" date_created="2012-06-12 02:24:00.0" version="" changed_by="1" date_changed="2012-06-23 14:53:09.0" retired_by="1" uuid="160539AAAAAAAAAAAAAAAAAAAAAAAAAAAAAA"/>
	<concept_name concept_id="160539" name="Voluntary counseling and testing program" locale="en" creator="1" date_created="2012-06-12 02:24:00.0" concept_name_id="108859" voided="0" voided_by="1" uuid="108859BBBBBBBBBBBBBBBBBBBBBBBBBBBBBB" concept_name_type="FULLY_SPECIFIED" locale_preferred="true"/>
	<concept_name concept_id="160539" name="VCT Program" locale="en" creator="1" date_created="2012-06-12 02:24:00.0" concept_name_id="108860" voided="0" voided_by="1" uuid="108860BBBBBBBBBBBBBBBBBBBBBBBBBBBBBB" concept_name_type="SHORT" locale_preferred="false"/>
	<concept concept_id="5089" retired="0" datatype_id="1" class_id="1" is_set="0" creator="1" date_created="2004-08-12 00:00:00.0" version="" changed_by="1" date_changed="2013-08-22 06:51:40.0" retired_by="1" uuid="5089AAAAAAAAAAAAAAAAAAAAAAAAAAAAAAAA"/>
	<concept_numeric concept_id="5089" hi_absolute="250.0" low_absolute="0.0" units="kg" precise="1"/>
	<concept_name concept_id="5089" name="Weight (kg)" locale="en" creator="1" date_created="2004-08-12 00:00:00.0" concept_name_id="2191" voided="0" voided_by="1" uuid="2191BBBBBBBBBBBBBBBBBBBBBBBBBBBBBBBB" concept_name_type="FULLY_SPECIFIED" locale_preferred="true"/>
	<concept_name concept_id="5089" name="WT" locale="en" creator="1" date_created="2004-08-12 00:00:00.0" concept_name_id="87033" voided="0" voided_by="1" uuid="87033BBBBBBBBBBBBBBBBBBBBBBBBBBBBBBB" concept_name_type="SHORT" locale_preferred="false"/>
	<concept concept_id="1204" retired="0" datatype_id="4" class_id="10" is_set="1" creator="1" date_created="2005-02-09 00:00:00.0" version="" changed_by="1" date_changed="2012-06-14 18:40:26.0" retired_by="1" uuid="1204AAAAAAAAAAAAAAAAAAAAAAAAAAAAAAAA"/>
	<concept_name concept_id="1204" name="WHO class I adult" locale="en" creator="1" date_created="2012-06-14 18:40:26.0" concept_name_id="108899" voided="0" voided_by="1" uuid="108899BBBBBBBBBBBBBBBBBBBBBBBBBBBBBB" locale_preferred="false"/>
	<concept_name concept_id="1204" name="WHO class 1 adult" locale="en" creator="1" date_created="2012-06-14 18:40:26.0" concept_name_id="108898" voided="0" voided_by="1" uuid="108898BBBBBBBBBBBBBBBBBBBBBBBBBBBBBB" locale_preferred="false"/>
	<concept_name concept_id="1204" name="WHO STAGE 1 ADULT" locale="en" creator="1" date_created="2005-02-09 00:00:00.0" concept_name_id="1281" voided="0" voided_by="1" uuid="1281BBBBBBBBBBBBBBBBBBBBBBBBBBBBBBBB" concept_name_type="FULLY_SPECIFIED" locale_preferred="true"/>
	<concept concept_id="1220" retired="0" datatype_id="4" class_id="10" is_set="1" creator="1" date_created="2005-02-09 00:00:00.0" version="" changed_by="1" date_changed="2012-06-14 18:45:13.0" retired_by="1" uuid="1220AAAAAAAAAAAAAAAAAAAAAAAAAAAAAAAA"/>
	<concept_name concept_id="1220" name="WHO STAGE 1 PEDS" locale="en" creator="1" date_created="2005-02-09 00:00:00.0" concept_name_id="1297" voided="0" voided_by="1" uuid="1297BBBBBBBBBBBBBBBBBBBBBBBBBBBBBBBB" concept_name_type="FULLY_SPECIFIED" locale_preferred="true"/>
	<concept_name concept_id="1220" name="WHO class I pediatric" locale="en" creator="1" date_created="2012-06-14 18:45:13.0" concept_name_id="108907" voided="0" voided_by="1" uuid="108907BBBBBBBBBBBBBBBBBBBBBBBBBBBBBB" locale_preferred="false"/>
	<concept_name concept_id="1220" name="WHO class 1 pediatric" locale="en" creator="1" date_created="2012-06-14 18:45:13.0" concept_name_id="108906" voided="0" voided_by="1" uuid="108906BBBBBBBBBBBBBBBBBBBBBBBBBBBBBB" locale_preferred="false"/>
	<concept concept_id="1205" retired="0" datatype_id="4" class_id="10" is_set="1" creator="1" date_created="2005-02-09 00:00:00.0" version="" changed_by="1" date_changed="2012-06-14 18:41:01.0" retired_by="1" uuid="1205AAAAAAAAAAAAAAAAAAAAAAAAAAAAAAAA"/>
	<concept_name concept_id="1205" name="WHO class II adult" locale="en" creator="1" date_created="2012-06-14 18:41:01.0" concept_name_id="108901" voided="0" voided_by="1" uuid="108901BBBBBBBBBBBBBBBBBBBBBBBBBBBBBB" locale_preferred="false"/>
	<concept_name concept_id="1205" name="WHO STAGE 2 ADULT" locale="en" creator="1" date_created="2005-02-09 00:00:00.0" concept_name_id="1282" voided="0" voided_by="1" uuid="1282BBBBBBBBBBBBBBBBBBBBBBBBBBBBBBBB" concept_name_type="FULLY_SPECIFIED" locale_preferred="true"/>
	<concept_name concept_id="1205" name="WHO class 2 adult" locale="en" creator="1" date_created="2012-06-14 18:41:01.0" concept_name_id="108900" voided="0" voided_by="1" uuid="108900BBBBBBBBBBBBBBBBBBBBBBBBBBBBBB" locale_preferred="false"/>
	<concept concept_id="1221" retired="0" datatype_id="4" class_id="10" is_set="1" creator="1" date_created="2005-02-09 00:00:00.0" version="" changed_by="1" date_changed="2012-06-14 18:45:34.0" retired_by="1" uuid="1221AAAAAAAAAAAAAAAAAAAAAAAAAAAAAAAA"/>
	<concept_name concept_id="1221" name="WHO STAGE 2 PEDS" locale="en" creator="1" date_created="2005-02-09 00:00:00.0" concept_name_id="1298" voided="0" voided_by="1" uuid="1298BBBBBBBBBBBBBBBBBBBBBBBBBBBBBBBB" concept_name_type="FULLY_SPECIFIED" locale_preferred="true"/>
	<concept_name concept_id="1221" name="WHO class 2 pediatric" locale="en" creator="1" date_created="2012-06-14 18:45:34.0" concept_name_id="108908" voided="0" voided_by="1" uuid="108908BBBBBBBBBBBBBBBBBBBBBBBBBBBBBB" locale_preferred="false"/>
	<concept_name concept_id="1221" name="WHO class II pediatric" locale="en" creator="1" date_created="2012-06-14 18:45:34.0" concept_name_id="108909" voided="0" voided_by="1" uuid="108909BBBBBBBBBBBBBBBBBBBBBBBBBBBBBB" locale_preferred="false"/>
	<concept concept_id="1206" retired="0" datatype_id="4" class_id="10" is_set="1" creator="1" date_created="2005-02-09 00:00:00.0" version="" changed_by="1" date_changed="2012-06-14 18:41:34.0" retired_by="1" uuid="1206AAAAAAAAAAAAAAAAAAAAAAAAAAAAAAAA"/>
	<concept_name concept_id="1206" name="WHO class III adult" locale="en" creator="1" date_created="2012-06-14 18:41:34.0" concept_name_id="108903" voided="0" voided_by="1" uuid="108903BBBBBBBBBBBBBBBBBBBBBBBBBBBBBB" locale_preferred="false"/>
	<concept_name concept_id="1206" name="WHO class 3 adult" locale="en" creator="1" date_created="2012-06-14 18:41:34.0" concept_name_id="108902" voided="0" voided_by="1" uuid="108902BBBBBBBBBBBBBBBBBBBBBBBBBBBBBB" locale_preferred="false"/>
	<concept_name concept_id="1206" name="WHO STAGE 3 ADULT" locale="en" creator="1" date_created="2005-02-09 00:00:00.0" concept_name_id="1283" voided="0" voided_by="1" uuid="1283BBBBBBBBBBBBBBBBBBBBBBBBBBBBBBBB" concept_name_type="FULLY_SPECIFIED" locale_preferred="true"/>
	<concept concept_id="1222" retired="0" datatype_id="4" class_id="10" is_set="1" creator="1" date_created="2005-02-09 00:00:00.0" version="" changed_by="1" date_changed="2012-06-14 18:46:09.0" retired_by="1" uuid="1222AAAAAAAAAAAAAAAAAAAAAAAAAAAAAAAA"/>
	<concept_name concept_id="1222" name="WHO class III pediatric" locale="en" creator="1" date_created="2012-06-14 18:46:09.0" concept_name_id="108911" voided="0" voided_by="1" uuid="108911BBBBBBBBBBBBBBBBBBBBBBBBBBBBBB" locale_preferred="false"/>
	<concept_name concept_id="1222" name="WHO STAGE 3 PEDS" locale="en" creator="1" date_created="2005-02-09 00:00:00.0" concept_name_id="1299" voided="0" voided_by="1" uuid="1299BBBBBBBBBBBBBBBBBBBBBBBBBBBBBBBB" concept_name_type="FULLY_SPECIFIED" locale_preferred="true"/>
	<concept_name concept_id="1222" name="WHO class 3 pediatric" locale="en" creator="1" date_created="2012-06-14 18:46:09.0" concept_name_id="108910" voided="0" voided_by="1" uuid="108910BBBBBBBBBBBBBBBBBBBBBBBBBBBBBB" locale_preferred="false"/>
	<concept concept_id="1207" retired="0" datatype_id="4" class_id="10" is_set="1" creator="1" date_created="2005-02-09 00:00:00.0" version="" changed_by="1" date_changed="2012-06-14 18:42:01.0" retired_by="1" uuid="1207AAAAAAAAAAAAAAAAAAAAAAAAAAAAAAAA"/>
	<concept_name concept_id="1207" name="WHO STAGE 4 ADULT" locale="en" creator="1" date_created="2005-02-09 00:00:00.0" concept_name_id="1284" voided="0" voided_by="1" uuid="1284BBBBBBBBBBBBBBBBBBBBBBBBBBBBBBBB" concept_name_type="FULLY_SPECIFIED" locale_preferred="true"/>
	<concept_name concept_id="1207" name="WHO class 4 adult" locale="en" creator="1" date_created="2012-06-14 18:42:01.0" concept_name_id="108904" voided="0" voided_by="1" uuid="108904BBBBBBBBBBBBBBBBBBBBBBBBBBBBBB" locale_preferred="false"/>
	<concept_name concept_id="1207" name="WHO class IV adult" locale="en" creator="1" date_created="2012-06-14 18:42:01.0" concept_name_id="108905" voided="0" voided_by="1" uuid="108905BBBBBBBBBBBBBBBBBBBBBBBBBBBBBB" locale_preferred="false"/>
	<concept concept_id="1223" retired="0" datatype_id="4" class_id="10" is_set="1" creator="1" date_created="2005-02-09 00:00:00.0" version="" changed_by="1" date_changed="2012-06-14 18:46:27.0" retired_by="1" uuid="1223AAAAAAAAAAAAAAAAAAAAAAAAAAAAAAAA"/>
	<concept_name concept_id="1223" name="WHO class 4 pediatric" locale="en" creator="1" date_created="2012-06-14 18:46:27.0" concept_name_id="108912" voided="0" voided_by="1" uuid="108912BBBBBBBBBBBBBBBBBBBBBBBBBBBBBB" locale_preferred="false"/>
	<concept_name concept_id="1223" name="WHO class IV pediatric" locale="en" creator="1" date_created="2012-06-14 18:46:27.0" concept_name_id="108913" voided="0" voided_by="1" uuid="108913BBBBBBBBBBBBBBBBBBBBBBBBBBBBBB" locale_preferred="false"/>
	<concept_name concept_id="1223" name="WHO STAGE 4 PEDS" locale="en" creator="1" date_created="2005-02-09 00:00:00.0" concept_name_id="1300" voided="0" voided_by="1" uuid="1300BBBBBBBBBBBBBBBBBBBBBBBBBBBBBBBB" concept_name_type="FULLY_SPECIFIED" locale_preferred="true"/>
	<concept concept_id="1059" retired="0" datatype_id="4" class_id="11" is_set="0" creator="1" date_created="2005-01-06 00:00:00.0" version="" changed_by="1" date_changed="2010-10-01 19:05:45.0" retired_by="1" uuid="1059AAAAAAAAAAAAAAAAAAAAAAAAAAAAAAAA"/>
	<concept_name concept_id="1059" name="SPOUSE DIED" locale="en" creator="1" date_created="2005-01-06 00:00:00.0" concept_name_id="98299" voided="0" voided_by="1" uuid="98299BBBBBBBBBBBBBBBBBBBBBBBBBBBBBBB" locale_preferred="false"/>
	<concept_name concept_id="1059" name="WIDOWED" locale="en" creator="1" date_created="2005-01-06 00:00:00.0" concept_name_id="1127" voided="0" voided_by="1" uuid="1127BBBBBBBBBBBBBBBBBBBBBBBBBBBBBBBB" concept_name_type="FULLY_SPECIFIED" locale_preferred="true"/>
	<concept concept_id="1065" retired="0" datatype_id="4" class_id="11" is_set="0" creator="1" date_created="2005-01-06 00:00:00.0" version="" changed_by="1" date_changed="2013-01-27 01:41:22.0" retired_by="1" uuid="1065AAAAAAAAAAAAAAAAAAAAAAAAAAAAAAAA"/>
	<concept_name concept_id="1065" name="YES" locale="en" creator="1" date_created="2005-01-06 00:00:00.0" concept_name_id="1136" voided="0" voided_by="1" uuid="1136BBBBBBBBBBBBBBBBBBBBBBBBBBBBBBBB" concept_name_type="FULLY_SPECIFIED" locale_preferred="true"/>
</dataset>